<?xml version="1.0" encoding="UTF-8"?>
<testsuites name="Smoke" time="237.361" tests="5" failures="0" errors="0">
   <testsuite name="Smoke" tests="5" failures="0" errors="0" time="237.361" skipped="0" timestamp="2023-06-26 21:12:21" hostname="hmacagba - PHPF1FXV0U.CSCMWS.CSCMWS.COM" id="Test Suites/Smoke">
      <properties>
         <property name="deviceName" value=""/>
         <property name="devicePlatform" value=""/>
         <property name="logFolder" value="C:\\Users\\hmacagba\\git\\AutomatedScripts\\Reports\\20230626_211209\\Smoke\\20230626_211209"/>
         <property name="logFiles" value="C:\\Users\\hmacagba\\git\\AutomatedScripts\\Reports\\20230626_211209\\Smoke\\20230626_211209\\execution0.log"/>
         <property name="attachments" value=""/>
         <property name="hostName" value="hmacagba - PHPF1FXV0U.CSCMWS.CSCMWS.COM"/>
         <property name="os" value="Windows 10 64bit"/>
         <property name="katalonVersion" value="8.6.5.208"/>
         <property name="browser" value="Chrome 114.0.0.0"/>
         <property name="hostAddress" value="192.168.68.102"/>
         <property name="sessionId" value="eb0c83a549015172ac97944d9bb8994c"/>
         <property name="seleniumVersion" value="3.141.59"/>
         <property name="proxyInformation" value="ProxyInformation { proxyOption=NO_PROXY, proxyServerType=HTTP, username=, password=********, proxyServerAddress=, proxyServerPort=0, executionList=&quot;&quot;, isApplyToDesiredCapabilities=true }"/>
         <property name="platform" value="Windows 10"/>
      </properties>
      <testcase name="Test Cases/User/Member/List MYR" time="73.673" classname="Test Cases/User/Member/List MYR" status="PASSED">
         <system-out><![CDATA[2023-06-26 21:12:22 - [TEST_CASE][PASSED] - Test Cases/User/Member/List MYR: Test Cases/User/Member/List MYR

2023-06-26 21:12:22 - [TEST_STEP][PASSED] - callTestCase(findTestCase("Login Admin"), [:], STOP_ON_FAILURE): Call Test Case 'Test Cases/Login Admin' successfully

2023-06-26 21:12:23 - [TEST_CASE][PASSED] - Test Cases/Login Admin: Test Cases/Login Admin

2023-06-26 21:12:24 - [TEST_STEP][PASSED] - openBrowser(""): Browser is opened with url: ''

2023-06-26 21:12:24 - [MESSAGE][INFO] - Starting 'Chrome' driver

2023-06-26 21:12:24 - [MESSAGE][INFO] - Action delay is set to 0 milliseconds

2023-06-26 21:12:29 - [MESSAGE][PASSED] - Browser is opened with url: ''

2023-06-26 21:12:29 - [TEST_STEP][PASSED] - maximizeWindow(): Current window maximized

2023-06-26 21:12:30 - [MESSAGE][PASSED] - Current window maximized

2023-06-26 21:12:30 - [TEST_STEP][PASSED] - navigateToUrl(URL): Navigate to 'http://admin.lkydev.site' successfully

2023-06-26 21:12:34 - [MESSAGE][PASSED] - Navigate to 'http://admin.lkydev.site' successfully

2023-06-26 21:12:34 - [TEST_STEP][PASSED] - verifyElementText(findTestObject("Object Repository/Login/Page_SUNCITY - Login/h3_Sign In To Admin System"), "Sign In To Admin System"): Actual text and expected text of test object 'Object Repository/Login/Page_SUNCITY - Login/h3_Sign In To Admin System' are matched.

2023-06-26 21:12:35 - [MESSAGE][PASSED] - Actual text and expected text of test object 'Object Repository/Login/Page_SUNCITY - Login/h3_Sign In To Admin System' are matched.

2023-06-26 21:12:35 - [TEST_STEP][PASSED] - com.reusableComponent.HighlightElement.run(findTestObject("Login/Page_SUNCITY - Login/h3_Sign In To Admin System")): com.reusableComponent.HighlightElement.run is PASSED

2023-06-26 21:12:36 - [MESSAGE][PASSED] - com.reusableComponent.HighlightElement.run is PASSED

2023-06-26 21:12:36 - [TEST_STEP][PASSED] - com.reusableComponent.HighlightElement.run(findTestObject("Login/Page_SUNCITY - Login/input_Sign In To Admin System_username")): com.reusableComponent.HighlightElement.run is PASSED

2023-06-26 21:12:36 - [MESSAGE][PASSED] - com.reusableComponent.HighlightElement.run is PASSED

2023-06-26 21:12:36 - [TEST_STEP][PASSED] - com.reusableComponent.HighlightElement.run(findTestObject("Login/Page_SUNCITY - Login/input_Sign In To Admin System_password")): com.reusableComponent.HighlightElement.run is PASSED

2023-06-26 21:12:37 - [MESSAGE][PASSED] - com.reusableComponent.HighlightElement.run is PASSED

2023-06-26 21:12:37 - [TEST_STEP][PASSED] - setText(findTestObject("Object Repository/Login/Page_SUNCITY - Login/input_Sign In To Admin System_username"), Username): Text 'devbot' is set on object 'Object Repository/Login/Page_SUNCITY - Login/input_Sign In To Admin System_username'

2023-06-26 21:12:37 - [MESSAGE][PASSED] - Text 'devbot' is set on object 'Object Repository/Login/Page_SUNCITY - Login/input_Sign In To Admin System_username'

2023-06-26 21:12:37 - [TEST_STEP][PASSED] - setText(findTestObject("Object Repository/Login/Page_SUNCITY - Login/input_Sign In To Admin System_password"), Password): Text '77889900' is set on object 'Object Repository/Login/Page_SUNCITY - Login/input_Sign In To Admin System_password'

2023-06-26 21:12:38 - [MESSAGE][PASSED] - Text '77889900' is set on object 'Object Repository/Login/Page_SUNCITY - Login/input_Sign In To Admin System_password'

2023-06-26 21:12:38 - [TEST_STEP][PASSED] - com.reusableComponent.HighlightElement.run(findTestObject("Login/Page_SUNCITY - Login/button_Next")): com.reusableComponent.HighlightElement.run is PASSED

2023-06-26 21:12:39 - [MESSAGE][PASSED] - com.reusableComponent.HighlightElement.run is PASSED

2023-06-26 21:12:39 - [TEST_STEP][PASSED] - click(findTestObject("Object Repository/Login/Page_SUNCITY - Login/button_Next")): Object: 'Object Repository/Login/Page_SUNCITY - Login/button_Next' is clicked on

2023-06-26 21:12:39 - [MESSAGE][PASSED] - Object: 'Object Repository/Login/Page_SUNCITY - Login/button_Next' is clicked on

2023-06-26 21:12:39 - [TEST_STEP][PASSED] - com.reusableComponent.HighlightElement.run(findTestObject("Login/Page_SUNCITY - Login/input_Next_verificationCode")): com.reusableComponent.HighlightElement.run is PASSED

2023-06-26 21:12:40 - [MESSAGE][PASSED] - com.reusableComponent.HighlightElement.run is PASSED

2023-06-26 21:12:40 - [TEST_STEP][PASSED] - setText(findTestObject("Object Repository/Login/Page_SUNCITY - Login/input_Next_verificationCode"), VerificationCode): Text '778899' is set on object 'Object Repository/Login/Page_SUNCITY - Login/input_Next_verificationCode'

2023-06-26 21:12:41 - [MESSAGE][PASSED] - Text '778899' is set on object 'Object Repository/Login/Page_SUNCITY - Login/input_Next_verificationCode'

2023-06-26 21:12:41 - [TEST_STEP][PASSED] - com.reusableComponent.HighlightElement.run(findTestObject("Login/Page_SUNCITY - Login/button_Sign In")): com.reusableComponent.HighlightElement.run is PASSED

2023-06-26 21:12:42 - [MESSAGE][PASSED] - com.reusableComponent.HighlightElement.run is PASSED

2023-06-26 21:12:42 - [TEST_STEP][PASSED] - click(findTestObject("Object Repository/Login/Page_SUNCITY - Login/button_Sign In")): Object: 'Object Repository/Login/Page_SUNCITY - Login/button_Sign In' is clicked on

2023-06-26 21:12:42 - [MESSAGE][PASSED] - Object: 'Object Repository/Login/Page_SUNCITY - Login/button_Sign In' is clicked on

2023-06-26 21:12:42 - [TEST_STEP][PASSED] - com.reusableComponent.HighlightElement.run(findTestObject("Login/Page_Dashboard/h2_Login Success")): com.reusableComponent.HighlightElement.run is PASSED

2023-06-26 21:12:44 - [MESSAGE][PASSED] - com.reusableComponent.HighlightElement.run is PASSED

2023-06-26 21:12:44 - [TEST_STEP][PASSED] - click(findTestObject("Object Repository/Login/Page_Dashboard/h2_Login Success")): Object: 'Object Repository/Login/Page_Dashboard/h2_Login Success' is clicked on

2023-06-26 21:12:45 - [MESSAGE][PASSED] - Object: 'Object Repository/Login/Page_Dashboard/h2_Login Success' is clicked on

2023-06-26 21:12:45 - [TEST_STEP][PASSED] - com.reusableComponent.HighlightElement.run(findTestObject("Login/Page_Dashboard/button_OK")): com.reusableComponent.HighlightElement.run is PASSED

2023-06-26 21:12:45 - [MESSAGE][PASSED] - com.reusableComponent.HighlightElement.run is PASSED

2023-06-26 21:12:45 - [TEST_STEP][PASSED] - click(findTestObject("Object Repository/Login/Page_Dashboard/button_OK")): Object: 'Object Repository/Login/Page_Dashboard/button_OK' is clicked on

2023-06-26 21:12:46 - [MESSAGE][PASSED] - Object: 'Object Repository/Login/Page_Dashboard/button_OK' is clicked on

2023-06-26 21:12:46 - [MESSAGE][PASSED] - Call Test Case 'Test Cases/Login Admin' successfully

2023-06-26 21:12:46 - [TEST_STEP][PASSED] - com.reusableComponent.HighlightElement.run(findTestObject("User/Member/span_User")): com.reusableComponent.HighlightElement.run is PASSED

2023-06-26 21:12:47 - [MESSAGE][PASSED] - com.reusableComponent.HighlightElement.run is PASSED

2023-06-26 21:12:47 - [TEST_STEP][PASSED] - mouseOver(findTestObject("User/Member/span_User")): Object: 'Object Repository/User/Member/span_User' is hovered

2023-06-26 21:12:47 - [MESSAGE][PASSED] - Object: 'Object Repository/User/Member/span_User' is hovered

2023-06-26 21:12:47 - [TEST_STEP][PASSED] - com.reusableComponent.HighlightElement.run(findTestObject("User/Member/span_List")): com.reusableComponent.HighlightElement.run is PASSED

2023-06-26 21:12:48 - [MESSAGE][PASSED] - com.reusableComponent.HighlightElement.run is PASSED

2023-06-26 21:12:48 - [TEST_STEP][PASSED] - mouseOver(findTestObject("User/Member/span_List")): Object: 'Object Repository/User/Member/span_List' is hovered

2023-06-26 21:12:49 - [MESSAGE][PASSED] - Object: 'Object Repository/User/Member/span_List' is hovered

2023-06-26 21:12:49 - [TEST_STEP][PASSED] - click(findTestObject("User/Member/span_List")): Object: 'Object Repository/User/Member/span_List' is clicked on

2023-06-26 21:12:49 - [MESSAGE][PASSED] - Object: 'Object Repository/User/Member/span_List' is clicked on

2023-06-26 21:12:49 - [TEST_STEP][PASSED] - com.reusableComponent.HighlightElement.run(findTestObject("User/Member/Page_Dashboard/span_MYR")): com.reusableComponent.HighlightElement.run is PASSED

2023-06-26 21:12:50 - [MESSAGE][PASSED] - com.reusableComponent.HighlightElement.run is PASSED

2023-06-26 21:12:50 - [TEST_STEP][PASSED] - mouseOver(findTestObject("User/Member/Page_Dashboard/span_MYR")): Object: 'Object Repository/User/Member/Page_Dashboard/span_MYR' is hovered

2023-06-26 21:12:50 - [MESSAGE][PASSED] - Object: 'Object Repository/User/Member/Page_Dashboard/span_MYR' is hovered

2023-06-26 21:12:50 - [TEST_STEP][PASSED] - click(findTestObject("User/Member/Page_Dashboard/span_MYR")): Object: 'Object Repository/User/Member/Page_Dashboard/span_MYR' is clicked on

2023-06-26 21:12:52 - [MESSAGE][PASSED] - Object: 'Object Repository/User/Member/Page_Dashboard/span_MYR' is clicked on

2023-06-26 21:12:52 - [TEST_STEP][PASSED] - com.reusableComponent.HighlightElement.run(findTestObject("User/Member/Page_Member List/h3_Member List")): com.reusableComponent.HighlightElement.run is PASSED

2023-06-26 21:13:01 - [MESSAGE][PASSED] - com.reusableComponent.HighlightElement.run is PASSED

2023-06-26 21:13:01 - [TEST_STEP][PASSED] - com.reusableComponent.HighlightElement.run(findTestObject("User/Member/Page_Member List/input_Username_member_username")): com.reusableComponent.HighlightElement.run is PASSED

2023-06-26 21:13:01 - [MESSAGE][PASSED] - com.reusableComponent.HighlightElement.run is PASSED

2023-06-26 21:13:01 - [TEST_STEP][PASSED] - com.reusableComponent.HighlightElement.run(findTestObject("User/Member/Page_Member List/input_MPU_member_product_username")): com.reusableComponent.HighlightElement.run is PASSED

2023-06-26 21:13:02 - [MESSAGE][PASSED] - com.reusableComponent.HighlightElement.run is PASSED

2023-06-26 21:13:02 - [TEST_STEP][PASSED] - com.reusableComponent.HighlightElement.run(findTestObject("User/Member/Page_Member List/input_Phone_member_phone_number")): com.reusableComponent.HighlightElement.run is PASSED

2023-06-26 21:13:03 - [MESSAGE][PASSED] - com.reusableComponent.HighlightElement.run is PASSED

2023-06-26 21:13:03 - [TEST_STEP][PASSED] - com.reusableComponent.HighlightElement.run(findTestObject("User/Member/Page_Member List/select_All")): com.reusableComponent.HighlightElement.run is PASSED

2023-06-26 21:13:03 - [MESSAGE][PASSED] - com.reusableComponent.HighlightElement.run is PASSED

2023-06-26 21:13:03 - [TEST_STEP][PASSED] - com.reusableComponent.HighlightElement.run(findTestObject("User/Member/Page_Member List/select_AllPlayer")): com.reusableComponent.HighlightElement.run is PASSED

2023-06-26 21:13:04 - [MESSAGE][PASSED] - com.reusableComponent.HighlightElement.run is PASSED

2023-06-26 21:13:04 - [TEST_STEP][PASSED] - com.reusableComponent.HighlightElement.run(findTestObject("User/Member/Page_Member List/button_Search")): com.reusableComponent.HighlightElement.run is PASSED

2023-06-26 21:13:04 - [MESSAGE][PASSED] - com.reusableComponent.HighlightElement.run is PASSED

2023-06-26 21:13:04 - [TEST_STEP][PASSED] - verifyElementVisible(findTestObject("User/Member/Page_Member List/h3_Member List")): Object 'Object Repository/User/Member/Page_Member List/h3_Member List' is visible

2023-06-26 21:13:05 - [MESSAGE][PASSED] - Object 'Object Repository/User/Member/Page_Member List/h3_Member List' is visible

2023-06-26 21:13:05 - [TEST_STEP][PASSED] - verifyElementVisible(findTestObject("User/Member/Page_Member List/input_Username_member_username")): Object 'Object Repository/User/Member/Page_Member List/input_Username_member_username' is visible

2023-06-26 21:13:05 - [MESSAGE][PASSED] - Object 'Object Repository/User/Member/Page_Member List/input_Username_member_username' is visible

2023-06-26 21:13:05 - [TEST_STEP][PASSED] - verifyElementVisible(findTestObject("User/Member/Page_Member List/input_MPU_member_product_username")): Object 'Object Repository/User/Member/Page_Member List/input_MPU_member_product_username' is visible

2023-06-26 21:13:05 - [MESSAGE][PASSED] - Object 'Object Repository/User/Member/Page_Member List/input_MPU_member_product_username' is visible

2023-06-26 21:13:05 - [TEST_STEP][PASSED] - verifyElementVisible(findTestObject("User/Member/Page_Member List/input_Phone_member_phone_number")): Object 'Object Repository/User/Member/Page_Member List/input_Phone_member_phone_number' is visible

2023-06-26 21:13:06 - [MESSAGE][PASSED] - Object 'Object Repository/User/Member/Page_Member List/input_Phone_member_phone_number' is visible

2023-06-26 21:13:06 - [TEST_STEP][PASSED] - verifyElementVisible(findTestObject("User/Member/Page_Member List/select_All")): Object 'Object Repository/User/Member/Page_Member List/select_All' is visible

2023-06-26 21:13:06 - [MESSAGE][PASSED] - Object 'Object Repository/User/Member/Page_Member List/select_All' is visible

2023-06-26 21:13:06 - [TEST_STEP][PASSED] - verifyElementVisible(findTestObject("User/Member/Page_Member List/select_AllPlayer")): Object 'Object Repository/User/Member/Page_Member List/select_AllPlayer' is visible

2023-06-26 21:13:07 - [MESSAGE][PASSED] - Object 'Object Repository/User/Member/Page_Member List/select_AllPlayer' is visible

2023-06-26 21:13:07 - [TEST_STEP][PASSED] - verifyElementVisible(findTestObject("User/Member/Page_Member List/button_Search")): Object 'Object Repository/User/Member/Page_Member List/button_Search' is visible

2023-06-26 21:13:07 - [MESSAGE][PASSED] - Object 'Object Repository/User/Member/Page_Member List/button_Search' is visible

2023-06-26 21:13:07 - [TEST_STEP][PASSED] - com.reusableComponent.HighlightElement.run(findTestObject("User/Member/Page_Member List/select_102550100")): com.reusableComponent.HighlightElement.run is PASSED

2023-06-26 21:13:08 - [MESSAGE][PASSED] - com.reusableComponent.HighlightElement.run is PASSED

2023-06-26 21:13:08 - [TEST_STEP][PASSED] - com.reusableComponent.HighlightElement.run(findTestObject("User/Member/Page_Member List/span_Copy")): com.reusableComponent.HighlightElement.run is PASSED

2023-06-26 21:13:08 - [MESSAGE][PASSED] - com.reusableComponent.HighlightElement.run is PASSED

2023-06-26 21:13:08 - [TEST_STEP][PASSED] - com.reusableComponent.HighlightElement.run(findTestObject("User/Member/Page_Member List/span_CSV")): com.reusableComponent.HighlightElement.run is PASSED

2023-06-26 21:13:09 - [MESSAGE][PASSED] - com.reusableComponent.HighlightElement.run is PASSED

2023-06-26 21:13:09 - [TEST_STEP][PASSED] - com.reusableComponent.HighlightElement.run(findTestObject("User/Member/Page_Member List/span_Excel")): com.reusableComponent.HighlightElement.run is PASSED

2023-06-26 21:13:09 - [MESSAGE][PASSED] - com.reusableComponent.HighlightElement.run is PASSED

2023-06-26 21:13:09 - [TEST_STEP][PASSED] - com.reusableComponent.HighlightElement.run(findTestObject("User/Member/Page_Member List/span_PDF")): com.reusableComponent.HighlightElement.run is PASSED

2023-06-26 21:13:10 - [MESSAGE][PASSED] - com.reusableComponent.HighlightElement.run is PASSED

2023-06-26 21:13:10 - [TEST_STEP][PASSED] - com.reusableComponent.HighlightElement.run(findTestObject("User/Member/Page_Member List/input_Search_form-control form-control-sm")): com.reusableComponent.HighlightElement.run is PASSED

2023-06-26 21:13:10 - [MESSAGE][PASSED] - com.reusableComponent.HighlightElement.run is PASSED

2023-06-26 21:13:10 - [TEST_STEP][PASSED] - verifyElementVisible(findTestObject("User/Member/Page_Member List/select_102550100")): Object 'Object Repository/User/Member/Page_Member List/select_102550100' is visible

2023-06-26 21:13:11 - [MESSAGE][PASSED] - Object 'Object Repository/User/Member/Page_Member List/select_102550100' is visible

2023-06-26 21:13:11 - [TEST_STEP][PASSED] - verifyElementVisible(findTestObject("User/Member/Page_Member List/span_Copy")): Object 'Object Repository/User/Member/Page_Member List/span_Copy' is visible

2023-06-26 21:13:11 - [MESSAGE][PASSED] - Object 'Object Repository/User/Member/Page_Member List/span_Copy' is visible

2023-06-26 21:13:11 - [TEST_STEP][PASSED] - verifyElementVisible(findTestObject("User/Member/Page_Member List/span_CSV")): Object 'Object Repository/User/Member/Page_Member List/span_CSV' is visible

2023-06-26 21:13:12 - [MESSAGE][PASSED] - Object 'Object Repository/User/Member/Page_Member List/span_CSV' is visible

2023-06-26 21:13:12 - [TEST_STEP][PASSED] - verifyElementVisible(findTestObject("User/Member/Page_Member List/span_Excel")): Object 'Object Repository/User/Member/Page_Member List/span_Excel' is visible

2023-06-26 21:13:12 - [MESSAGE][PASSED] - Object 'Object Repository/User/Member/Page_Member List/span_Excel' is visible

2023-06-26 21:13:12 - [TEST_STEP][PASSED] - verifyElementVisible(findTestObject("User/Member/Page_Member List/span_PDF")): Object 'Object Repository/User/Member/Page_Member List/span_PDF' is visible

2023-06-26 21:13:12 - [MESSAGE][PASSED] - Object 'Object Repository/User/Member/Page_Member List/span_PDF' is visible

2023-06-26 21:13:12 - [TEST_STEP][PASSED] - verifyElementVisible(findTestObject("User/Member/Page_Member List/input_Search_form-control form-control-sm")): Object 'Object Repository/User/Member/Page_Member List/input_Search_form-control form-control-sm' is visible

2023-06-26 21:13:13 - [MESSAGE][PASSED] - Object 'Object Repository/User/Member/Page_Member List/input_Search_form-control form-control-sm' is visible

2023-06-26 21:13:13 - [TEST_STEP][PASSED] - com.reusableComponent.HighlightElement.run(findTestObject("User/Member/Page_Member List/th_ID")): com.reusableComponent.HighlightElement.run is PASSED

2023-06-26 21:13:13 - [MESSAGE][PASSED] - com.reusableComponent.HighlightElement.run is PASSED

2023-06-26 21:13:13 - [TEST_STEP][PASSED] - com.reusableComponent.HighlightElement.run(findTestObject("User/Member/Page_Member List/th_Name")): com.reusableComponent.HighlightElement.run is PASSED

2023-06-26 21:13:14 - [MESSAGE][PASSED] - com.reusableComponent.HighlightElement.run is PASSED

2023-06-26 21:13:14 - [TEST_STEP][PASSED] - com.reusableComponent.HighlightElement.run(findTestObject("User/Member/Page_Member List/th_Full Name")): com.reusableComponent.HighlightElement.run is PASSED

2023-06-26 21:13:14 - [MESSAGE][PASSED] - com.reusableComponent.HighlightElement.run is PASSED

2023-06-26 21:13:14 - [TEST_STEP][PASSED] - com.reusableComponent.HighlightElement.run(findTestObject("User/Member/Page_Member List/th_Nickname")): com.reusableComponent.HighlightElement.run is PASSED

2023-06-26 21:13:15 - [MESSAGE][PASSED] - com.reusableComponent.HighlightElement.run is PASSED

2023-06-26 21:13:15 - [TEST_STEP][PASSED] - com.reusableComponent.HighlightElement.run(findTestObject("User/Member/Page_Member List/th_Level")): com.reusableComponent.HighlightElement.run is PASSED

2023-06-26 21:13:15 - [MESSAGE][PASSED] - com.reusableComponent.HighlightElement.run is PASSED

2023-06-26 21:13:15 - [TEST_STEP][PASSED] - com.reusableComponent.HighlightElement.run(findTestObject("User/Member/Page_Member List/th_Upline Name")): com.reusableComponent.HighlightElement.run is PASSED

2023-06-26 21:13:16 - [MESSAGE][PASSED] - com.reusableComponent.HighlightElement.run is PASSED

2023-06-26 21:13:16 - [TEST_STEP][PASSED] - com.reusableComponent.HighlightElement.run(findTestObject("User/Member/Page_Member List/th_Shareholder name")): com.reusableComponent.HighlightElement.run is PASSED

2023-06-26 21:13:16 - [MESSAGE][PASSED] - com.reusableComponent.HighlightElement.run is PASSED

2023-06-26 21:13:16 - [TEST_STEP][PASSED] - com.reusableComponent.HighlightElement.run(findTestObject("User/Member/Page_Member List/th_Phone")): com.reusableComponent.HighlightElement.run is PASSED

2023-06-26 21:13:17 - [MESSAGE][PASSED] - com.reusableComponent.HighlightElement.run is PASSED

2023-06-26 21:13:17 - [TEST_STEP][PASSED] - com.reusableComponent.HighlightElement.run(findTestObject("User/Member/Page_Member List/th_Status")): com.reusableComponent.HighlightElement.run is PASSED

2023-06-26 21:13:17 - [MESSAGE][PASSED] - com.reusableComponent.HighlightElement.run is PASSED

2023-06-26 21:13:17 - [TEST_STEP][PASSED] - com.reusableComponent.HighlightElement.run(findTestObject("User/Member/Page_Member List/th_Remarks")): com.reusableComponent.HighlightElement.run is PASSED

2023-06-26 21:13:18 - [MESSAGE][PASSED] - com.reusableComponent.HighlightElement.run is PASSED

2023-06-26 21:13:18 - [TEST_STEP][PASSED] - com.reusableComponent.HighlightElement.run(findTestObject("User/Member/Page_Member List/th_Cash")): com.reusableComponent.HighlightElement.run is PASSED

2023-06-26 21:13:18 - [MESSAGE][PASSED] - com.reusableComponent.HighlightElement.run is PASSED

2023-06-26 21:13:18 - [TEST_STEP][PASSED] - com.reusableComponent.HighlightElement.run(findTestObject("User/Member/Page_Member List/th_Coin")): com.reusableComponent.HighlightElement.run is PASSED

2023-06-26 21:13:19 - [MESSAGE][PASSED] - com.reusableComponent.HighlightElement.run is PASSED

2023-06-26 21:13:19 - [TEST_STEP][PASSED] - com.reusableComponent.HighlightElement.run(findTestObject("User/Member/Page_Member List/th_Interest")): com.reusableComponent.HighlightElement.run is PASSED

2023-06-26 21:13:19 - [MESSAGE][PASSED] - com.reusableComponent.HighlightElement.run is PASSED

2023-06-26 21:13:19 - [TEST_STEP][PASSED] - com.reusableComponent.HighlightElement.run(findTestObject("User/Member/Page_Member List/th_Password Otp")): com.reusableComponent.HighlightElement.run is PASSED

2023-06-26 21:13:20 - [MESSAGE][PASSED] - com.reusableComponent.HighlightElement.run is PASSED

2023-06-26 21:13:20 - [TEST_STEP][PASSED] - com.reusableComponent.HighlightElement.run(findTestObject("User/Member/Page_Member List/th_Phone Otp")): com.reusableComponent.HighlightElement.run is PASSED

2023-06-26 21:13:20 - [MESSAGE][PASSED] - com.reusableComponent.HighlightElement.run is PASSED

2023-06-26 21:13:21 - [TEST_STEP][PASSED] - com.reusableComponent.HighlightElement.run(findTestObject("User/Member/Page_Member List/th_Last login IP")): com.reusableComponent.HighlightElement.run is PASSED

2023-06-26 21:13:21 - [MESSAGE][PASSED] - com.reusableComponent.HighlightElement.run is PASSED

2023-06-26 21:13:21 - [TEST_STEP][PASSED] - com.reusableComponent.HighlightElement.run(findTestObject("User/Member/Page_Member List/th_Last login time")): com.reusableComponent.HighlightElement.run is PASSED

2023-06-26 21:13:22 - [MESSAGE][PASSED] - com.reusableComponent.HighlightElement.run is PASSED

2023-06-26 21:13:22 - [TEST_STEP][PASSED] - com.reusableComponent.HighlightElement.run(findTestObject("User/Member/Page_Member List/th_App Type")): com.reusableComponent.HighlightElement.run is PASSED

2023-06-26 21:13:22 - [MESSAGE][PASSED] - com.reusableComponent.HighlightElement.run is PASSED

2023-06-26 21:13:22 - [TEST_STEP][PASSED] - com.reusableComponent.HighlightElement.run(findTestObject("User/Member/Page_Member List/th_Action")): com.reusableComponent.HighlightElement.run is PASSED

2023-06-26 21:13:23 - [MESSAGE][PASSED] - com.reusableComponent.HighlightElement.run is PASSED

2023-06-26 21:13:23 - [TEST_STEP][PASSED] - com.reusableComponent.HighlightElement.run(findTestObject("User/Member/Page_Member List/table_IDNameFull NameNicknameLevelUpline NameShareholder namePhoneStatusRemarksCashCoinInterestPassword OtpPhone OtpLast login IPLast login timeApp TypeAction")): com.reusableComponent.HighlightElement.run is PASSED

2023-06-26 21:13:24 - [MESSAGE][PASSED] - com.reusableComponent.HighlightElement.run is PASSED

2023-06-26 21:13:24 - [TEST_STEP][PASSED] - verifyElementVisible(findTestObject("User/Member/Page_Member List/th_ID")): Object 'Object Repository/User/Member/Page_Member List/th_ID' is visible

2023-06-26 21:13:24 - [MESSAGE][PASSED] - Object 'Object Repository/User/Member/Page_Member List/th_ID' is visible

2023-06-26 21:13:24 - [TEST_STEP][PASSED] - verifyElementVisible(findTestObject("User/Member/Page_Member List/th_Name")): Object 'Object Repository/User/Member/Page_Member List/th_Name' is visible

2023-06-26 21:13:25 - [MESSAGE][PASSED] - Object 'Object Repository/User/Member/Page_Member List/th_Name' is visible

2023-06-26 21:13:25 - [TEST_STEP][PASSED] - verifyElementVisible(findTestObject("User/Member/Page_Member List/th_Full Name")): Object 'Object Repository/User/Member/Page_Member List/th_Full Name' is visible

2023-06-26 21:13:25 - [MESSAGE][PASSED] - Object 'Object Repository/User/Member/Page_Member List/th_Full Name' is visible

2023-06-26 21:13:25 - [TEST_STEP][PASSED] - verifyElementVisible(findTestObject("User/Member/Page_Member List/th_Nickname")): Object 'Object Repository/User/Member/Page_Member List/th_Nickname' is visible

2023-06-26 21:13:25 - [MESSAGE][PASSED] - Object 'Object Repository/User/Member/Page_Member List/th_Nickname' is visible

2023-06-26 21:13:25 - [TEST_STEP][PASSED] - verifyElementVisible(findTestObject("User/Member/Page_Member List/th_Level")): Object 'Object Repository/User/Member/Page_Member List/th_Level' is visible

2023-06-26 21:13:26 - [MESSAGE][PASSED] - Object 'Object Repository/User/Member/Page_Member List/th_Level' is visible

2023-06-26 21:13:26 - [TEST_STEP][PASSED] - verifyElementVisible(findTestObject("User/Member/Page_Member List/th_Upline Name")): Object 'Object Repository/User/Member/Page_Member List/th_Upline Name' is visible

2023-06-26 21:13:26 - [MESSAGE][PASSED] - Object 'Object Repository/User/Member/Page_Member List/th_Upline Name' is visible

2023-06-26 21:13:26 - [TEST_STEP][PASSED] - verifyElementVisible(findTestObject("User/Member/Page_Member List/th_Shareholder name")): Object 'Object Repository/User/Member/Page_Member List/th_Shareholder name' is visible

2023-06-26 21:13:27 - [MESSAGE][PASSED] - Object 'Object Repository/User/Member/Page_Member List/th_Shareholder name' is visible

2023-06-26 21:13:27 - [TEST_STEP][PASSED] - verifyElementVisible(findTestObject("User/Member/Page_Member List/th_Phone")): Object 'Object Repository/User/Member/Page_Member List/th_Phone' is visible

2023-06-26 21:13:27 - [MESSAGE][PASSED] - Object 'Object Repository/User/Member/Page_Member List/th_Phone' is visible

2023-06-26 21:13:27 - [TEST_STEP][PASSED] - verifyElementVisible(findTestObject("User/Member/Page_Member List/th_Status")): Object 'Object Repository/User/Member/Page_Member List/th_Status' is visible

2023-06-26 21:13:28 - [MESSAGE][PASSED] - Object 'Object Repository/User/Member/Page_Member List/th_Status' is visible

2023-06-26 21:13:28 - [TEST_STEP][PASSED] - verifyElementVisible(findTestObject("User/Member/Page_Member List/th_Remarks")): Object 'Object Repository/User/Member/Page_Member List/th_Remarks' is visible

2023-06-26 21:13:28 - [MESSAGE][PASSED] - Object 'Object Repository/User/Member/Page_Member List/th_Remarks' is visible

2023-06-26 21:13:28 - [TEST_STEP][PASSED] - verifyElementVisible(findTestObject("User/Member/Page_Member List/th_Cash")): Object 'Object Repository/User/Member/Page_Member List/th_Cash' is visible

2023-06-26 21:13:29 - [MESSAGE][PASSED] - Object 'Object Repository/User/Member/Page_Member List/th_Cash' is visible

2023-06-26 21:13:29 - [TEST_STEP][PASSED] - verifyElementVisible(findTestObject("User/Member/Page_Member List/th_Coin")): Object 'Object Repository/User/Member/Page_Member List/th_Coin' is visible

2023-06-26 21:13:29 - [MESSAGE][PASSED] - Object 'Object Repository/User/Member/Page_Member List/th_Coin' is visible

2023-06-26 21:13:29 - [TEST_STEP][PASSED] - verifyElementVisible(findTestObject("User/Member/Page_Member List/th_Interest")): Object 'Object Repository/User/Member/Page_Member List/th_Interest' is visible

2023-06-26 21:13:30 - [MESSAGE][PASSED] - Object 'Object Repository/User/Member/Page_Member List/th_Interest' is visible

2023-06-26 21:13:30 - [TEST_STEP][PASSED] - verifyElementVisible(findTestObject("User/Member/Page_Member List/th_Password Otp")): Object 'Object Repository/User/Member/Page_Member List/th_Password Otp' is visible

2023-06-26 21:13:30 - [MESSAGE][PASSED] - Object 'Object Repository/User/Member/Page_Member List/th_Password Otp' is visible

2023-06-26 21:13:30 - [TEST_STEP][PASSED] - verifyElementVisible(findTestObject("User/Member/Page_Member List/th_Phone Otp")): Object 'Object Repository/User/Member/Page_Member List/th_Phone Otp' is visible

2023-06-26 21:13:31 - [MESSAGE][PASSED] - Object 'Object Repository/User/Member/Page_Member List/th_Phone Otp' is visible

2023-06-26 21:13:31 - [TEST_STEP][PASSED] - verifyElementVisible(findTestObject("User/Member/Page_Member List/th_Last login IP")): Object 'Object Repository/User/Member/Page_Member List/th_Last login IP' is visible

2023-06-26 21:13:31 - [MESSAGE][PASSED] - Object 'Object Repository/User/Member/Page_Member List/th_Last login IP' is visible

2023-06-26 21:13:31 - [TEST_STEP][PASSED] - verifyElementVisible(findTestObject("User/Member/Page_Member List/th_Last login time")): Object 'Object Repository/User/Member/Page_Member List/th_Last login time' is visible

2023-06-26 21:13:32 - [MESSAGE][PASSED] - Object 'Object Repository/User/Member/Page_Member List/th_Last login time' is visible

2023-06-26 21:13:32 - [TEST_STEP][PASSED] - verifyElementVisible(findTestObject("User/Member/Page_Member List/th_App Type")): Object 'Object Repository/User/Member/Page_Member List/th_App Type' is visible

2023-06-26 21:13:32 - [MESSAGE][PASSED] - Object 'Object Repository/User/Member/Page_Member List/th_App Type' is visible

2023-06-26 21:13:32 - [TEST_STEP][PASSED] - verifyElementVisible(findTestObject("User/Member/Page_Member List/th_Action")): Object 'Object Repository/User/Member/Page_Member List/th_Action' is visible

2023-06-26 21:13:33 - [MESSAGE][PASSED] - Object 'Object Repository/User/Member/Page_Member List/th_Action' is visible

2023-06-26 21:13:33 - [TEST_STEP][PASSED] - verifyElementVisible(findTestObject("User/Member/Page_Member List/table_IDNameFull NameNicknameLevelUpline NameShareholder namePhoneStatusRemarksCashCoinInterestPassword OtpPhone OtpLast login IPLast login timeApp TypeAction")): Object 'Object Repository/User/Member/Page_Member List/table_IDNameFull NameNicknameLevelUpline NameShareholder namePhoneStatusRemarksCashCoinInterestPassword OtpPhone OtpLast login IPLast login timeApp TypeAction' is visible

2023-06-26 21:13:33 - [MESSAGE][PASSED] - Object 'Object Repository/User/Member/Page_Member List/table_IDNameFull NameNicknameLevelUpline NameShareholder namePhoneStatusRemarksCashCoinInterestPassword OtpPhone OtpLast login IPLast login timeApp TypeAction' is visible

2023-06-26 21:13:33 - [TEST_STEP][PASSED] - com.reusableComponent.HighlightElement.run(findTestObject("User/Member/Page_Member List/li_Previous")): com.reusableComponent.HighlightElement.run is PASSED

2023-06-26 21:13:34 - [MESSAGE][PASSED] - com.reusableComponent.HighlightElement.run is PASSED

2023-06-26 21:13:34 - [TEST_STEP][PASSED] - com.reusableComponent.HighlightElement.run(findTestObject("User/Member/Page_Member List/a_Next")): com.reusableComponent.HighlightElement.run is PASSED

2023-06-26 21:13:34 - [MESSAGE][PASSED] - com.reusableComponent.HighlightElement.run is PASSED

2023-06-26 21:13:34 - [TEST_STEP][PASSED] - verifyElementVisible(findTestObject("User/Member/Page_Member List/li_Previous")): Object 'Object Repository/User/Member/Page_Member List/li_Previous' is visible

2023-06-26 21:13:35 - [MESSAGE][PASSED] - Object 'Object Repository/User/Member/Page_Member List/li_Previous' is visible

2023-06-26 21:13:35 - [TEST_STEP][PASSED] - verifyElementVisible(findTestObject("User/Member/Page_Member List/a_Next")): Object 'Object Repository/User/Member/Page_Member List/a_Next' is visible

2023-06-26 21:13:35 - [MESSAGE][PASSED] - Object 'Object Repository/User/Member/Page_Member List/a_Next' is visible]]></system-out>
         <system-err><![CDATA[]]></system-err>
      </testcase>
      <testcase name="Test Cases/User/Member/List THB" time="41.083" classname="Test Cases/User/Member/List THB" status="PASSED">
         <system-out><![CDATA[2023-06-26 21:13:35 - [TEST_CASE][PASSED] - Test Cases/User/Member/List THB: Test Cases/User/Member/List THB

2023-06-26 21:13:36 - [TEST_STEP][PASSED] - com.reusableComponent.HighlightElement.run(findTestObject("User/Member/span_User")): com.reusableComponent.HighlightElement.run is PASSED

2023-06-26 21:13:36 - [MESSAGE][PASSED] - com.reusableComponent.HighlightElement.run is PASSED

2023-06-26 21:13:36 - [TEST_STEP][PASSED] - mouseOver(findTestObject("User/Member/span_User")): Object: 'Object Repository/User/Member/span_User' is hovered

2023-06-26 21:13:37 - [MESSAGE][PASSED] - Object: 'Object Repository/User/Member/span_User' is hovered

2023-06-26 21:13:37 - [TEST_STEP][PASSED] - com.reusableComponent.HighlightElement.run(findTestObject("User/Member/span_List")): com.reusableComponent.HighlightElement.run is PASSED

2023-06-26 21:13:37 - [MESSAGE][PASSED] - com.reusableComponent.HighlightElement.run is PASSED

2023-06-26 21:13:37 - [TEST_STEP][PASSED] - mouseOver(findTestObject("User/Member/span_List")): Object: 'Object Repository/User/Member/span_List' is hovered

2023-06-26 21:13:38 - [MESSAGE][PASSED] - Object: 'Object Repository/User/Member/span_List' is hovered

2023-06-26 21:13:38 - [TEST_STEP][PASSED] - click(findTestObject("User/Member/span_List")): Object: 'Object Repository/User/Member/span_List' is clicked on

2023-06-26 21:13:39 - [MESSAGE][PASSED] - Object: 'Object Repository/User/Member/span_List' is clicked on

2023-06-26 21:13:39 - [TEST_STEP][PASSED] - com.reusableComponent.HighlightElement.run(findTestObject("User/Member/Page_Dashboard/span_THB")): com.reusableComponent.HighlightElement.run is PASSED

2023-06-26 21:13:39 - [MESSAGE][PASSED] - com.reusableComponent.HighlightElement.run is PASSED

2023-06-26 21:13:39 - [TEST_STEP][PASSED] - mouseOver(findTestObject("User/Member/Page_Dashboard/span_THB")): Object: 'Object Repository/User/Member/Page_Dashboard/span_THB' is hovered

2023-06-26 21:13:40 - [MESSAGE][PASSED] - Object: 'Object Repository/User/Member/Page_Dashboard/span_THB' is hovered

2023-06-26 21:13:40 - [TEST_STEP][PASSED] - click(findTestObject("User/Member/Page_Dashboard/span_THB")): Object: 'Object Repository/User/Member/Page_Dashboard/span_THB' is clicked on

2023-06-26 21:13:42 - [MESSAGE][PASSED] - Object: 'Object Repository/User/Member/Page_Dashboard/span_THB' is clicked on

2023-06-26 21:13:42 - [TEST_STEP][PASSED] - com.reusableComponent.HighlightElement.run(findTestObject("User/Member/Page_Member List/h3_Member List")): com.reusableComponent.HighlightElement.run is PASSED

2023-06-26 21:13:44 - [MESSAGE][PASSED] - com.reusableComponent.HighlightElement.run is PASSED

2023-06-26 21:13:44 - [TEST_STEP][PASSED] - com.reusableComponent.HighlightElement.run(findTestObject("User/Member/Page_Member List/input_Username_member_username")): com.reusableComponent.HighlightElement.run is PASSED

2023-06-26 21:13:45 - [MESSAGE][PASSED] - com.reusableComponent.HighlightElement.run is PASSED

2023-06-26 21:13:45 - [TEST_STEP][PASSED] - com.reusableComponent.HighlightElement.run(findTestObject("User/Member/Page_Member List/input_MPU_member_product_username")): com.reusableComponent.HighlightElement.run is PASSED

2023-06-26 21:13:45 - [MESSAGE][PASSED] - com.reusableComponent.HighlightElement.run is PASSED

2023-06-26 21:13:45 - [TEST_STEP][PASSED] - com.reusableComponent.HighlightElement.run(findTestObject("User/Member/Page_Member List/input_Phone_member_phone_number")): com.reusableComponent.HighlightElement.run is PASSED

2023-06-26 21:13:46 - [MESSAGE][PASSED] - com.reusableComponent.HighlightElement.run is PASSED

2023-06-26 21:13:46 - [TEST_STEP][PASSED] - com.reusableComponent.HighlightElement.run(findTestObject("User/Member/Page_Member List/select_All")): com.reusableComponent.HighlightElement.run is PASSED

2023-06-26 21:13:46 - [MESSAGE][PASSED] - com.reusableComponent.HighlightElement.run is PASSED

2023-06-26 21:13:46 - [TEST_STEP][PASSED] - com.reusableComponent.HighlightElement.run(findTestObject("User/Member/Page_Member List/select_AllPlayer")): com.reusableComponent.HighlightElement.run is PASSED

2023-06-26 21:13:47 - [MESSAGE][PASSED] - com.reusableComponent.HighlightElement.run is PASSED

2023-06-26 21:13:47 - [TEST_STEP][PASSED] - com.reusableComponent.HighlightElement.run(findTestObject("User/Member/Page_Member List/button_Search")): com.reusableComponent.HighlightElement.run is PASSED

2023-06-26 21:13:47 - [MESSAGE][PASSED] - com.reusableComponent.HighlightElement.run is PASSED

2023-06-26 21:13:47 - [TEST_STEP][PASSED] - verifyElementVisible(findTestObject("User/Member/Page_Member List/h3_Member List")): Object 'Object Repository/User/Member/Page_Member List/h3_Member List' is visible

2023-06-26 21:13:48 - [MESSAGE][PASSED] - Object 'Object Repository/User/Member/Page_Member List/h3_Member List' is visible

2023-06-26 21:13:48 - [TEST_STEP][PASSED] - verifyElementVisible(findTestObject("User/Member/Page_Member List/input_Username_member_username")): Object 'Object Repository/User/Member/Page_Member List/input_Username_member_username' is visible

2023-06-26 21:13:48 - [MESSAGE][PASSED] - Object 'Object Repository/User/Member/Page_Member List/input_Username_member_username' is visible

2023-06-26 21:13:48 - [TEST_STEP][PASSED] - verifyElementVisible(findTestObject("User/Member/Page_Member List/input_MPU_member_product_username")): Object 'Object Repository/User/Member/Page_Member List/input_MPU_member_product_username' is visible

2023-06-26 21:13:49 - [MESSAGE][PASSED] - Object 'Object Repository/User/Member/Page_Member List/input_MPU_member_product_username' is visible

2023-06-26 21:13:49 - [TEST_STEP][PASSED] - verifyElementVisible(findTestObject("User/Member/Page_Member List/input_Phone_member_phone_number")): Object 'Object Repository/User/Member/Page_Member List/input_Phone_member_phone_number' is visible

2023-06-26 21:13:49 - [MESSAGE][PASSED] - Object 'Object Repository/User/Member/Page_Member List/input_Phone_member_phone_number' is visible

2023-06-26 21:13:49 - [TEST_STEP][PASSED] - verifyElementVisible(findTestObject("User/Member/Page_Member List/select_All")): Object 'Object Repository/User/Member/Page_Member List/select_All' is visible

2023-06-26 21:13:49 - [MESSAGE][PASSED] - Object 'Object Repository/User/Member/Page_Member List/select_All' is visible

2023-06-26 21:13:49 - [TEST_STEP][PASSED] - verifyElementVisible(findTestObject("User/Member/Page_Member List/select_AllPlayer")): Object 'Object Repository/User/Member/Page_Member List/select_AllPlayer' is visible

2023-06-26 21:13:50 - [MESSAGE][PASSED] - Object 'Object Repository/User/Member/Page_Member List/select_AllPlayer' is visible

2023-06-26 21:13:50 - [TEST_STEP][PASSED] - verifyElementVisible(findTestObject("User/Member/Page_Member List/button_Search")): Object 'Object Repository/User/Member/Page_Member List/button_Search' is visible

2023-06-26 21:13:50 - [MESSAGE][PASSED] - Object 'Object Repository/User/Member/Page_Member List/button_Search' is visible

2023-06-26 21:13:50 - [TEST_STEP][PASSED] - com.reusableComponent.HighlightElement.run(findTestObject("User/Member/Page_Member List/select_102550100")): com.reusableComponent.HighlightElement.run is PASSED

2023-06-26 21:13:51 - [MESSAGE][PASSED] - com.reusableComponent.HighlightElement.run is PASSED

2023-06-26 21:13:51 - [TEST_STEP][PASSED] - com.reusableComponent.HighlightElement.run(findTestObject("User/Member/Page_Member List/span_Copy")): com.reusableComponent.HighlightElement.run is PASSED

2023-06-26 21:13:51 - [MESSAGE][PASSED] - com.reusableComponent.HighlightElement.run is PASSED

2023-06-26 21:13:51 - [TEST_STEP][PASSED] - com.reusableComponent.HighlightElement.run(findTestObject("User/Member/Page_Member List/span_CSV")): com.reusableComponent.HighlightElement.run is PASSED

2023-06-26 21:13:52 - [MESSAGE][PASSED] - com.reusableComponent.HighlightElement.run is PASSED

2023-06-26 21:13:52 - [TEST_STEP][PASSED] - com.reusableComponent.HighlightElement.run(findTestObject("User/Member/Page_Member List/span_Excel")): com.reusableComponent.HighlightElement.run is PASSED

2023-06-26 21:13:52 - [MESSAGE][PASSED] - com.reusableComponent.HighlightElement.run is PASSED

2023-06-26 21:13:52 - [TEST_STEP][PASSED] - com.reusableComponent.HighlightElement.run(findTestObject("User/Member/Page_Member List/span_PDF")): com.reusableComponent.HighlightElement.run is PASSED

2023-06-26 21:13:53 - [MESSAGE][PASSED] - com.reusableComponent.HighlightElement.run is PASSED

2023-06-26 21:13:53 - [TEST_STEP][PASSED] - com.reusableComponent.HighlightElement.run(findTestObject("User/Member/Page_Member List/input_Search_form-control form-control-sm")): com.reusableComponent.HighlightElement.run is PASSED

2023-06-26 21:13:53 - [MESSAGE][PASSED] - com.reusableComponent.HighlightElement.run is PASSED

2023-06-26 21:13:53 - [TEST_STEP][PASSED] - verifyElementVisible(findTestObject("User/Member/Page_Member List/select_102550100")): Object 'Object Repository/User/Member/Page_Member List/select_102550100' is visible

2023-06-26 21:13:54 - [MESSAGE][PASSED] - Object 'Object Repository/User/Member/Page_Member List/select_102550100' is visible

2023-06-26 21:13:54 - [TEST_STEP][PASSED] - verifyElementVisible(findTestObject("User/Member/Page_Member List/span_Copy")): Object 'Object Repository/User/Member/Page_Member List/span_Copy' is visible

2023-06-26 21:13:54 - [MESSAGE][PASSED] - Object 'Object Repository/User/Member/Page_Member List/span_Copy' is visible

2023-06-26 21:13:54 - [TEST_STEP][PASSED] - verifyElementVisible(findTestObject("User/Member/Page_Member List/span_CSV")): Object 'Object Repository/User/Member/Page_Member List/span_CSV' is visible

2023-06-26 21:13:55 - [MESSAGE][PASSED] - Object 'Object Repository/User/Member/Page_Member List/span_CSV' is visible

2023-06-26 21:13:55 - [TEST_STEP][PASSED] - verifyElementVisible(findTestObject("User/Member/Page_Member List/span_Excel")): Object 'Object Repository/User/Member/Page_Member List/span_Excel' is visible

2023-06-26 21:13:55 - [MESSAGE][PASSED] - Object 'Object Repository/User/Member/Page_Member List/span_Excel' is visible

2023-06-26 21:13:55 - [TEST_STEP][PASSED] - verifyElementVisible(findTestObject("User/Member/Page_Member List/span_PDF")): Object 'Object Repository/User/Member/Page_Member List/span_PDF' is visible

2023-06-26 21:13:55 - [MESSAGE][PASSED] - Object 'Object Repository/User/Member/Page_Member List/span_PDF' is visible

2023-06-26 21:13:55 - [TEST_STEP][PASSED] - verifyElementVisible(findTestObject("User/Member/Page_Member List/input_Search_form-control form-control-sm")): Object 'Object Repository/User/Member/Page_Member List/input_Search_form-control form-control-sm' is visible

2023-06-26 21:13:56 - [MESSAGE][PASSED] - Object 'Object Repository/User/Member/Page_Member List/input_Search_form-control form-control-sm' is visible

2023-06-26 21:13:56 - [TEST_STEP][PASSED] - com.reusableComponent.HighlightElement.run(findTestObject("User/Member/Page_Member List/th_ID")): com.reusableComponent.HighlightElement.run is PASSED

2023-06-26 21:13:56 - [MESSAGE][PASSED] - com.reusableComponent.HighlightElement.run is PASSED

2023-06-26 21:13:56 - [TEST_STEP][PASSED] - com.reusableComponent.HighlightElement.run(findTestObject("User/Member/Page_Member List/th_Name")): com.reusableComponent.HighlightElement.run is PASSED

2023-06-26 21:13:57 - [MESSAGE][PASSED] - com.reusableComponent.HighlightElement.run is PASSED

2023-06-26 21:13:57 - [TEST_STEP][PASSED] - com.reusableComponent.HighlightElement.run(findTestObject("User/Member/Page_Member List/th_Full Name")): com.reusableComponent.HighlightElement.run is PASSED

2023-06-26 21:13:57 - [MESSAGE][PASSED] - com.reusableComponent.HighlightElement.run is PASSED

2023-06-26 21:13:57 - [TEST_STEP][PASSED] - com.reusableComponent.HighlightElement.run(findTestObject("User/Member/Page_Member List/th_Nickname")): com.reusableComponent.HighlightElement.run is PASSED

2023-06-26 21:13:58 - [MESSAGE][PASSED] - com.reusableComponent.HighlightElement.run is PASSED

2023-06-26 21:13:58 - [TEST_STEP][PASSED] - com.reusableComponent.HighlightElement.run(findTestObject("User/Member/Page_Member List/th_Level")): com.reusableComponent.HighlightElement.run is PASSED

2023-06-26 21:13:58 - [MESSAGE][PASSED] - com.reusableComponent.HighlightElement.run is PASSED

2023-06-26 21:13:58 - [TEST_STEP][PASSED] - com.reusableComponent.HighlightElement.run(findTestObject("User/Member/Page_Member List/th_Upline Name")): com.reusableComponent.HighlightElement.run is PASSED

2023-06-26 21:13:59 - [MESSAGE][PASSED] - com.reusableComponent.HighlightElement.run is PASSED

2023-06-26 21:13:59 - [TEST_STEP][PASSED] - com.reusableComponent.HighlightElement.run(findTestObject("User/Member/Page_Member List/th_Shareholder name")): com.reusableComponent.HighlightElement.run is PASSED

2023-06-26 21:14:00 - [MESSAGE][PASSED] - com.reusableComponent.HighlightElement.run is PASSED

2023-06-26 21:14:00 - [TEST_STEP][PASSED] - com.reusableComponent.HighlightElement.run(findTestObject("User/Member/Page_Member List/th_Phone")): com.reusableComponent.HighlightElement.run is PASSED

2023-06-26 21:14:00 - [MESSAGE][PASSED] - com.reusableComponent.HighlightElement.run is PASSED

2023-06-26 21:14:00 - [TEST_STEP][PASSED] - com.reusableComponent.HighlightElement.run(findTestObject("User/Member/Page_Member List/th_Status")): com.reusableComponent.HighlightElement.run is PASSED

2023-06-26 21:14:00 - [MESSAGE][PASSED] - com.reusableComponent.HighlightElement.run is PASSED

2023-06-26 21:14:00 - [TEST_STEP][PASSED] - com.reusableComponent.HighlightElement.run(findTestObject("User/Member/Page_Member List/th_Remarks")): com.reusableComponent.HighlightElement.run is PASSED

2023-06-26 21:14:01 - [MESSAGE][PASSED] - com.reusableComponent.HighlightElement.run is PASSED

2023-06-26 21:14:01 - [TEST_STEP][PASSED] - com.reusableComponent.HighlightElement.run(findTestObject("User/Member/Page_Member List/th_Cash")): com.reusableComponent.HighlightElement.run is PASSED

2023-06-26 21:14:01 - [MESSAGE][PASSED] - com.reusableComponent.HighlightElement.run is PASSED

2023-06-26 21:14:01 - [TEST_STEP][PASSED] - com.reusableComponent.HighlightElement.run(findTestObject("User/Member/Page_Member List/th_Coin")): com.reusableComponent.HighlightElement.run is PASSED

2023-06-26 21:14:02 - [MESSAGE][PASSED] - com.reusableComponent.HighlightElement.run is PASSED

2023-06-26 21:14:02 - [TEST_STEP][PASSED] - com.reusableComponent.HighlightElement.run(findTestObject("User/Member/Page_Member List/th_Interest")): com.reusableComponent.HighlightElement.run is PASSED

2023-06-26 21:14:02 - [MESSAGE][PASSED] - com.reusableComponent.HighlightElement.run is PASSED

2023-06-26 21:14:02 - [TEST_STEP][PASSED] - com.reusableComponent.HighlightElement.run(findTestObject("User/Member/Page_Member List/th_Password Otp")): com.reusableComponent.HighlightElement.run is PASSED

2023-06-26 21:14:03 - [MESSAGE][PASSED] - com.reusableComponent.HighlightElement.run is PASSED

2023-06-26 21:14:03 - [TEST_STEP][PASSED] - com.reusableComponent.HighlightElement.run(findTestObject("User/Member/Page_Member List/th_Phone Otp")): com.reusableComponent.HighlightElement.run is PASSED

2023-06-26 21:14:03 - [MESSAGE][PASSED] - com.reusableComponent.HighlightElement.run is PASSED

2023-06-26 21:14:03 - [TEST_STEP][PASSED] - com.reusableComponent.HighlightElement.run(findTestObject("User/Member/Page_Member List/th_Last login IP")): com.reusableComponent.HighlightElement.run is PASSED

2023-06-26 21:14:04 - [MESSAGE][PASSED] - com.reusableComponent.HighlightElement.run is PASSED

2023-06-26 21:14:04 - [TEST_STEP][PASSED] - com.reusableComponent.HighlightElement.run(findTestObject("User/Member/Page_Member List/th_Last login time")): com.reusableComponent.HighlightElement.run is PASSED

2023-06-26 21:14:04 - [MESSAGE][PASSED] - com.reusableComponent.HighlightElement.run is PASSED

2023-06-26 21:14:04 - [TEST_STEP][PASSED] - com.reusableComponent.HighlightElement.run(findTestObject("User/Member/Page_Member List/th_App Type")): com.reusableComponent.HighlightElement.run is PASSED

2023-06-26 21:14:05 - [MESSAGE][PASSED] - com.reusableComponent.HighlightElement.run is PASSED

2023-06-26 21:14:05 - [TEST_STEP][PASSED] - com.reusableComponent.HighlightElement.run(findTestObject("User/Member/Page_Member List/th_Action")): com.reusableComponent.HighlightElement.run is PASSED

2023-06-26 21:14:05 - [MESSAGE][PASSED] - com.reusableComponent.HighlightElement.run is PASSED

2023-06-26 21:14:05 - [TEST_STEP][PASSED] - com.reusableComponent.HighlightElement.run(findTestObject("User/Member/Page_Member List/table_IDNameFull NameNicknameLevelUpline NameShareholder namePhoneStatusRemarksCashCoinInterestPassword OtpPhone OtpLast login IPLast login timeApp TypeAction")): com.reusableComponent.HighlightElement.run is PASSED

2023-06-26 21:14:06 - [MESSAGE][PASSED] - com.reusableComponent.HighlightElement.run is PASSED

2023-06-26 21:14:06 - [TEST_STEP][PASSED] - verifyElementVisible(findTestObject("User/Member/Page_Member List/th_ID")): Object 'Object Repository/User/Member/Page_Member List/th_ID' is visible

2023-06-26 21:14:06 - [MESSAGE][PASSED] - Object 'Object Repository/User/Member/Page_Member List/th_ID' is visible

2023-06-26 21:14:06 - [TEST_STEP][PASSED] - verifyElementVisible(findTestObject("User/Member/Page_Member List/th_Name")): Object 'Object Repository/User/Member/Page_Member List/th_Name' is visible

2023-06-26 21:14:07 - [MESSAGE][PASSED] - Object 'Object Repository/User/Member/Page_Member List/th_Name' is visible

2023-06-26 21:14:07 - [TEST_STEP][PASSED] - verifyElementVisible(findTestObject("User/Member/Page_Member List/th_Full Name")): Object 'Object Repository/User/Member/Page_Member List/th_Full Name' is visible

2023-06-26 21:14:07 - [MESSAGE][PASSED] - Object 'Object Repository/User/Member/Page_Member List/th_Full Name' is visible

2023-06-26 21:14:07 - [TEST_STEP][PASSED] - verifyElementVisible(findTestObject("User/Member/Page_Member List/th_Nickname")): Object 'Object Repository/User/Member/Page_Member List/th_Nickname' is visible

2023-06-26 21:14:08 - [MESSAGE][PASSED] - Object 'Object Repository/User/Member/Page_Member List/th_Nickname' is visible

2023-06-26 21:14:08 - [TEST_STEP][PASSED] - verifyElementVisible(findTestObject("User/Member/Page_Member List/th_Level")): Object 'Object Repository/User/Member/Page_Member List/th_Level' is visible

2023-06-26 21:14:08 - [MESSAGE][PASSED] - Object 'Object Repository/User/Member/Page_Member List/th_Level' is visible

2023-06-26 21:14:08 - [TEST_STEP][PASSED] - verifyElementVisible(findTestObject("User/Member/Page_Member List/th_Upline Name")): Object 'Object Repository/User/Member/Page_Member List/th_Upline Name' is visible

2023-06-26 21:14:08 - [MESSAGE][PASSED] - Object 'Object Repository/User/Member/Page_Member List/th_Upline Name' is visible

2023-06-26 21:14:08 - [TEST_STEP][PASSED] - verifyElementVisible(findTestObject("User/Member/Page_Member List/th_Shareholder name")): Object 'Object Repository/User/Member/Page_Member List/th_Shareholder name' is visible

2023-06-26 21:14:09 - [MESSAGE][PASSED] - Object 'Object Repository/User/Member/Page_Member List/th_Shareholder name' is visible

2023-06-26 21:14:09 - [TEST_STEP][PASSED] - verifyElementVisible(findTestObject("User/Member/Page_Member List/th_Phone")): Object 'Object Repository/User/Member/Page_Member List/th_Phone' is visible

2023-06-26 21:14:09 - [MESSAGE][PASSED] - Object 'Object Repository/User/Member/Page_Member List/th_Phone' is visible

2023-06-26 21:14:09 - [TEST_STEP][PASSED] - verifyElementVisible(findTestObject("User/Member/Page_Member List/th_Status")): Object 'Object Repository/User/Member/Page_Member List/th_Status' is visible

2023-06-26 21:14:10 - [MESSAGE][PASSED] - Object 'Object Repository/User/Member/Page_Member List/th_Status' is visible

2023-06-26 21:14:10 - [TEST_STEP][PASSED] - verifyElementVisible(findTestObject("User/Member/Page_Member List/th_Remarks")): Object 'Object Repository/User/Member/Page_Member List/th_Remarks' is visible

2023-06-26 21:14:10 - [MESSAGE][PASSED] - Object 'Object Repository/User/Member/Page_Member List/th_Remarks' is visible

2023-06-26 21:14:10 - [TEST_STEP][PASSED] - verifyElementVisible(findTestObject("User/Member/Page_Member List/th_Cash")): Object 'Object Repository/User/Member/Page_Member List/th_Cash' is visible

2023-06-26 21:14:11 - [MESSAGE][PASSED] - Object 'Object Repository/User/Member/Page_Member List/th_Cash' is visible

2023-06-26 21:14:11 - [TEST_STEP][PASSED] - verifyElementVisible(findTestObject("User/Member/Page_Member List/th_Coin")): Object 'Object Repository/User/Member/Page_Member List/th_Coin' is visible

2023-06-26 21:14:11 - [MESSAGE][PASSED] - Object 'Object Repository/User/Member/Page_Member List/th_Coin' is visible

2023-06-26 21:14:11 - [TEST_STEP][PASSED] - verifyElementVisible(findTestObject("User/Member/Page_Member List/th_Interest")): Object 'Object Repository/User/Member/Page_Member List/th_Interest' is visible

2023-06-26 21:14:11 - [MESSAGE][PASSED] - Object 'Object Repository/User/Member/Page_Member List/th_Interest' is visible

2023-06-26 21:14:11 - [TEST_STEP][PASSED] - verifyElementVisible(findTestObject("User/Member/Page_Member List/th_Password Otp")): Object 'Object Repository/User/Member/Page_Member List/th_Password Otp' is visible

2023-06-26 21:14:12 - [MESSAGE][PASSED] - Object 'Object Repository/User/Member/Page_Member List/th_Password Otp' is visible

2023-06-26 21:14:12 - [TEST_STEP][PASSED] - verifyElementVisible(findTestObject("User/Member/Page_Member List/th_Phone Otp")): Object 'Object Repository/User/Member/Page_Member List/th_Phone Otp' is visible

2023-06-26 21:14:12 - [MESSAGE][PASSED] - Object 'Object Repository/User/Member/Page_Member List/th_Phone Otp' is visible

2023-06-26 21:14:12 - [TEST_STEP][PASSED] - verifyElementVisible(findTestObject("User/Member/Page_Member List/th_Last login IP")): Object 'Object Repository/User/Member/Page_Member List/th_Last login IP' is visible

2023-06-26 21:14:13 - [MESSAGE][PASSED] - Object 'Object Repository/User/Member/Page_Member List/th_Last login IP' is visible

2023-06-26 21:14:13 - [TEST_STEP][PASSED] - verifyElementVisible(findTestObject("User/Member/Page_Member List/th_Last login time")): Object 'Object Repository/User/Member/Page_Member List/th_Last login time' is visible

2023-06-26 21:14:13 - [MESSAGE][PASSED] - Object 'Object Repository/User/Member/Page_Member List/th_Last login time' is visible

2023-06-26 21:14:13 - [TEST_STEP][PASSED] - verifyElementVisible(findTestObject("User/Member/Page_Member List/th_App Type")): Object 'Object Repository/User/Member/Page_Member List/th_App Type' is visible

2023-06-26 21:14:14 - [MESSAGE][PASSED] - Object 'Object Repository/User/Member/Page_Member List/th_App Type' is visible

2023-06-26 21:14:14 - [TEST_STEP][PASSED] - verifyElementVisible(findTestObject("User/Member/Page_Member List/th_Action")): Object 'Object Repository/User/Member/Page_Member List/th_Action' is visible

2023-06-26 21:14:14 - [MESSAGE][PASSED] - Object 'Object Repository/User/Member/Page_Member List/th_Action' is visible

2023-06-26 21:14:14 - [TEST_STEP][PASSED] - verifyElementVisible(findTestObject("User/Member/Page_Member List/table_IDNameFull NameNicknameLevelUpline NameShareholder namePhoneStatusRemarksCashCoinInterestPassword OtpPhone OtpLast login IPLast login timeApp TypeAction")): Object 'Object Repository/User/Member/Page_Member List/table_IDNameFull NameNicknameLevelUpline NameShareholder namePhoneStatusRemarksCashCoinInterestPassword OtpPhone OtpLast login IPLast login timeApp TypeAction' is visible

2023-06-26 21:14:15 - [MESSAGE][PASSED] - Object 'Object Repository/User/Member/Page_Member List/table_IDNameFull NameNicknameLevelUpline NameShareholder namePhoneStatusRemarksCashCoinInterestPassword OtpPhone OtpLast login IPLast login timeApp TypeAction' is visible

2023-06-26 21:14:15 - [TEST_STEP][PASSED] - com.reusableComponent.HighlightElement.run(findTestObject("User/Member/Page_Member List/li_Previous")): com.reusableComponent.HighlightElement.run is PASSED

2023-06-26 21:14:15 - [MESSAGE][PASSED] - com.reusableComponent.HighlightElement.run is PASSED

2023-06-26 21:14:15 - [TEST_STEP][PASSED] - com.reusableComponent.HighlightElement.run(findTestObject("User/Member/Page_Member List/a_Next")): com.reusableComponent.HighlightElement.run is PASSED

2023-06-26 21:14:15 - [MESSAGE][PASSED] - com.reusableComponent.HighlightElement.run is PASSED

2023-06-26 21:14:15 - [TEST_STEP][PASSED] - verifyElementVisible(findTestObject("User/Member/Page_Member List/li_Previous")): Object 'Object Repository/User/Member/Page_Member List/li_Previous' is visible

2023-06-26 21:14:16 - [MESSAGE][PASSED] - Object 'Object Repository/User/Member/Page_Member List/li_Previous' is visible

2023-06-26 21:14:16 - [TEST_STEP][PASSED] - verifyElementVisible(findTestObject("User/Member/Page_Member List/a_Next")): Object 'Object Repository/User/Member/Page_Member List/a_Next' is visible

2023-06-26 21:14:16 - [MESSAGE][PASSED] - Object 'Object Repository/User/Member/Page_Member List/a_Next' is visible]]></system-out>
         <system-err><![CDATA[]]></system-err>
      </testcase>
      <testcase name="Test Cases/User/Member/List IDR" time="38.876" classname="Test Cases/User/Member/List IDR" status="PASSED">
         <system-out><![CDATA[2023-06-26 21:14:16 - [TEST_CASE][PASSED] - Test Cases/User/Member/List IDR: Test Cases/User/Member/List IDR

2023-06-26 21:14:17 - [TEST_STEP][PASSED] - com.reusableComponent.HighlightElement.run(findTestObject("User/Member/span_User")): com.reusableComponent.HighlightElement.run is PASSED

2023-06-26 21:14:17 - [MESSAGE][PASSED] - com.reusableComponent.HighlightElement.run is PASSED

2023-06-26 21:14:17 - [TEST_STEP][PASSED] - mouseOver(findTestObject("User/Member/span_User")): Object: 'Object Repository/User/Member/span_User' is hovered

2023-06-26 21:14:18 - [MESSAGE][PASSED] - Object: 'Object Repository/User/Member/span_User' is hovered

2023-06-26 21:14:18 - [TEST_STEP][PASSED] - com.reusableComponent.HighlightElement.run(findTestObject("User/Member/span_List")): com.reusableComponent.HighlightElement.run is PASSED

2023-06-26 21:14:18 - [MESSAGE][PASSED] - com.reusableComponent.HighlightElement.run is PASSED

2023-06-26 21:14:18 - [TEST_STEP][PASSED] - mouseOver(findTestObject("User/Member/span_List")): Object: 'Object Repository/User/Member/span_List' is hovered

2023-06-26 21:14:19 - [MESSAGE][PASSED] - Object: 'Object Repository/User/Member/span_List' is hovered

2023-06-26 21:14:19 - [TEST_STEP][PASSED] - click(findTestObject("User/Member/span_List")): Object: 'Object Repository/User/Member/span_List' is clicked on

2023-06-26 21:14:20 - [MESSAGE][PASSED] - Object: 'Object Repository/User/Member/span_List' is clicked on

2023-06-26 21:14:20 - [TEST_STEP][PASSED] - com.reusableComponent.HighlightElement.run(findTestObject("User/Member/Page_Dashboard/span_IDR")): com.reusableComponent.HighlightElement.run is PASSED

2023-06-26 21:14:20 - [MESSAGE][PASSED] - com.reusableComponent.HighlightElement.run is PASSED

2023-06-26 21:14:20 - [TEST_STEP][PASSED] - mouseOver(findTestObject("User/Member/Page_Dashboard/span_IDR")): Object: 'Object Repository/User/Member/Page_Dashboard/span_IDR' is hovered

2023-06-26 21:14:21 - [MESSAGE][PASSED] - Object: 'Object Repository/User/Member/Page_Dashboard/span_IDR' is hovered

2023-06-26 21:14:21 - [TEST_STEP][PASSED] - click(findTestObject("User/Member/Page_Dashboard/span_IDR")): Object: 'Object Repository/User/Member/Page_Dashboard/span_IDR' is clicked on

2023-06-26 21:14:23 - [MESSAGE][PASSED] - Object: 'Object Repository/User/Member/Page_Dashboard/span_IDR' is clicked on

2023-06-26 21:14:23 - [TEST_STEP][PASSED] - com.reusableComponent.HighlightElement.run(findTestObject("User/Member/Page_Member List/h3_Member List")): com.reusableComponent.HighlightElement.run is PASSED

2023-06-26 21:14:24 - [MESSAGE][PASSED] - com.reusableComponent.HighlightElement.run is PASSED

2023-06-26 21:14:24 - [TEST_STEP][PASSED] - com.reusableComponent.HighlightElement.run(findTestObject("User/Member/Page_Member List/input_Username_member_username")): com.reusableComponent.HighlightElement.run is PASSED

2023-06-26 21:14:25 - [MESSAGE][PASSED] - com.reusableComponent.HighlightElement.run is PASSED

2023-06-26 21:14:25 - [TEST_STEP][PASSED] - com.reusableComponent.HighlightElement.run(findTestObject("User/Member/Page_Member List/input_MPU_member_product_username")): com.reusableComponent.HighlightElement.run is PASSED

2023-06-26 21:14:25 - [MESSAGE][PASSED] - com.reusableComponent.HighlightElement.run is PASSED

2023-06-26 21:14:25 - [TEST_STEP][PASSED] - com.reusableComponent.HighlightElement.run(findTestObject("User/Member/Page_Member List/input_Phone_member_phone_number")): com.reusableComponent.HighlightElement.run is PASSED

2023-06-26 21:14:26 - [MESSAGE][PASSED] - com.reusableComponent.HighlightElement.run is PASSED

2023-06-26 21:14:26 - [TEST_STEP][PASSED] - com.reusableComponent.HighlightElement.run(findTestObject("User/Member/Page_Member List/select_All")): com.reusableComponent.HighlightElement.run is PASSED

2023-06-26 21:14:26 - [MESSAGE][PASSED] - com.reusableComponent.HighlightElement.run is PASSED

2023-06-26 21:14:26 - [TEST_STEP][PASSED] - com.reusableComponent.HighlightElement.run(findTestObject("User/Member/Page_Member List/select_AllPlayer")): com.reusableComponent.HighlightElement.run is PASSED

2023-06-26 21:14:27 - [MESSAGE][PASSED] - com.reusableComponent.HighlightElement.run is PASSED

2023-06-26 21:14:27 - [TEST_STEP][PASSED] - com.reusableComponent.HighlightElement.run(findTestObject("User/Member/Page_Member List/button_Search")): com.reusableComponent.HighlightElement.run is PASSED

2023-06-26 21:14:27 - [MESSAGE][PASSED] - com.reusableComponent.HighlightElement.run is PASSED

2023-06-26 21:14:27 - [TEST_STEP][PASSED] - verifyElementVisible(findTestObject("User/Member/Page_Member List/h3_Member List")): Object 'Object Repository/User/Member/Page_Member List/h3_Member List' is visible

2023-06-26 21:14:28 - [MESSAGE][PASSED] - Object 'Object Repository/User/Member/Page_Member List/h3_Member List' is visible

2023-06-26 21:14:28 - [TEST_STEP][PASSED] - verifyElementVisible(findTestObject("User/Member/Page_Member List/input_Username_member_username")): Object 'Object Repository/User/Member/Page_Member List/input_Username_member_username' is visible

2023-06-26 21:14:28 - [MESSAGE][PASSED] - Object 'Object Repository/User/Member/Page_Member List/input_Username_member_username' is visible

2023-06-26 21:14:28 - [TEST_STEP][PASSED] - verifyElementVisible(findTestObject("User/Member/Page_Member List/input_MPU_member_product_username")): Object 'Object Repository/User/Member/Page_Member List/input_MPU_member_product_username' is visible

2023-06-26 21:14:28 - [MESSAGE][PASSED] - Object 'Object Repository/User/Member/Page_Member List/input_MPU_member_product_username' is visible

2023-06-26 21:14:28 - [TEST_STEP][PASSED] - verifyElementVisible(findTestObject("User/Member/Page_Member List/input_Phone_member_phone_number")): Object 'Object Repository/User/Member/Page_Member List/input_Phone_member_phone_number' is visible

2023-06-26 21:14:29 - [MESSAGE][PASSED] - Object 'Object Repository/User/Member/Page_Member List/input_Phone_member_phone_number' is visible

2023-06-26 21:14:29 - [TEST_STEP][PASSED] - verifyElementVisible(findTestObject("User/Member/Page_Member List/select_All")): Object 'Object Repository/User/Member/Page_Member List/select_All' is visible

2023-06-26 21:14:29 - [MESSAGE][PASSED] - Object 'Object Repository/User/Member/Page_Member List/select_All' is visible

2023-06-26 21:14:29 - [TEST_STEP][PASSED] - verifyElementVisible(findTestObject("User/Member/Page_Member List/select_AllPlayer")): Object 'Object Repository/User/Member/Page_Member List/select_AllPlayer' is visible

2023-06-26 21:14:30 - [MESSAGE][PASSED] - Object 'Object Repository/User/Member/Page_Member List/select_AllPlayer' is visible

2023-06-26 21:14:30 - [TEST_STEP][PASSED] - verifyElementVisible(findTestObject("User/Member/Page_Member List/button_Search")): Object 'Object Repository/User/Member/Page_Member List/button_Search' is visible

2023-06-26 21:14:30 - [MESSAGE][PASSED] - Object 'Object Repository/User/Member/Page_Member List/button_Search' is visible

2023-06-26 21:14:30 - [TEST_STEP][PASSED] - com.reusableComponent.HighlightElement.run(findTestObject("User/Member/Page_Member List/select_102550100")): com.reusableComponent.HighlightElement.run is PASSED

2023-06-26 21:14:31 - [MESSAGE][PASSED] - com.reusableComponent.HighlightElement.run is PASSED

2023-06-26 21:14:31 - [TEST_STEP][PASSED] - com.reusableComponent.HighlightElement.run(findTestObject("User/Member/Page_Member List/span_Copy")): com.reusableComponent.HighlightElement.run is PASSED

2023-06-26 21:14:31 - [MESSAGE][PASSED] - com.reusableComponent.HighlightElement.run is PASSED

2023-06-26 21:14:31 - [TEST_STEP][PASSED] - com.reusableComponent.HighlightElement.run(findTestObject("User/Member/Page_Member List/span_CSV")): com.reusableComponent.HighlightElement.run is PASSED

2023-06-26 21:14:32 - [MESSAGE][PASSED] - com.reusableComponent.HighlightElement.run is PASSED

2023-06-26 21:14:32 - [TEST_STEP][PASSED] - com.reusableComponent.HighlightElement.run(findTestObject("User/Member/Page_Member List/span_Excel")): com.reusableComponent.HighlightElement.run is PASSED

2023-06-26 21:14:32 - [MESSAGE][PASSED] - com.reusableComponent.HighlightElement.run is PASSED

2023-06-26 21:14:32 - [TEST_STEP][PASSED] - com.reusableComponent.HighlightElement.run(findTestObject("User/Member/Page_Member List/span_PDF")): com.reusableComponent.HighlightElement.run is PASSED

2023-06-26 21:14:33 - [MESSAGE][PASSED] - com.reusableComponent.HighlightElement.run is PASSED

2023-06-26 21:14:33 - [TEST_STEP][PASSED] - com.reusableComponent.HighlightElement.run(findTestObject("User/Member/Page_Member List/input_Search_form-control form-control-sm")): com.reusableComponent.HighlightElement.run is PASSED

2023-06-26 21:14:33 - [MESSAGE][PASSED] - com.reusableComponent.HighlightElement.run is PASSED

2023-06-26 21:14:33 - [TEST_STEP][PASSED] - verifyElementVisible(findTestObject("User/Member/Page_Member List/select_102550100")): Object 'Object Repository/User/Member/Page_Member List/select_102550100' is visible

2023-06-26 21:14:33 - [MESSAGE][PASSED] - Object 'Object Repository/User/Member/Page_Member List/select_102550100' is visible

2023-06-26 21:14:33 - [TEST_STEP][PASSED] - verifyElementVisible(findTestObject("User/Member/Page_Member List/span_Copy")): Object 'Object Repository/User/Member/Page_Member List/span_Copy' is visible

2023-06-26 21:14:34 - [MESSAGE][PASSED] - Object 'Object Repository/User/Member/Page_Member List/span_Copy' is visible

2023-06-26 21:14:34 - [TEST_STEP][PASSED] - verifyElementVisible(findTestObject("User/Member/Page_Member List/span_CSV")): Object 'Object Repository/User/Member/Page_Member List/span_CSV' is visible

2023-06-26 21:14:34 - [MESSAGE][PASSED] - Object 'Object Repository/User/Member/Page_Member List/span_CSV' is visible

2023-06-26 21:14:34 - [TEST_STEP][PASSED] - verifyElementVisible(findTestObject("User/Member/Page_Member List/span_Excel")): Object 'Object Repository/User/Member/Page_Member List/span_Excel' is visible

2023-06-26 21:14:35 - [MESSAGE][PASSED] - Object 'Object Repository/User/Member/Page_Member List/span_Excel' is visible

2023-06-26 21:14:35 - [TEST_STEP][PASSED] - verifyElementVisible(findTestObject("User/Member/Page_Member List/span_PDF")): Object 'Object Repository/User/Member/Page_Member List/span_PDF' is visible

2023-06-26 21:14:35 - [MESSAGE][PASSED] - Object 'Object Repository/User/Member/Page_Member List/span_PDF' is visible

2023-06-26 21:14:35 - [TEST_STEP][PASSED] - verifyElementVisible(findTestObject("User/Member/Page_Member List/input_Search_form-control form-control-sm")): Object 'Object Repository/User/Member/Page_Member List/input_Search_form-control form-control-sm' is visible

2023-06-26 21:14:36 - [MESSAGE][PASSED] - Object 'Object Repository/User/Member/Page_Member List/input_Search_form-control form-control-sm' is visible

2023-06-26 21:14:36 - [TEST_STEP][PASSED] - com.reusableComponent.HighlightElement.run(findTestObject("User/Member/Page_Member List/th_ID")): com.reusableComponent.HighlightElement.run is PASSED

2023-06-26 21:14:36 - [MESSAGE][PASSED] - com.reusableComponent.HighlightElement.run is PASSED

2023-06-26 21:14:36 - [TEST_STEP][PASSED] - com.reusableComponent.HighlightElement.run(findTestObject("User/Member/Page_Member List/th_Name")): com.reusableComponent.HighlightElement.run is PASSED

2023-06-26 21:14:37 - [MESSAGE][PASSED] - com.reusableComponent.HighlightElement.run is PASSED

2023-06-26 21:14:37 - [TEST_STEP][PASSED] - com.reusableComponent.HighlightElement.run(findTestObject("User/Member/Page_Member List/th_Full Name")): com.reusableComponent.HighlightElement.run is PASSED

2023-06-26 21:14:37 - [MESSAGE][PASSED] - com.reusableComponent.HighlightElement.run is PASSED

2023-06-26 21:14:37 - [TEST_STEP][PASSED] - com.reusableComponent.HighlightElement.run(findTestObject("User/Member/Page_Member List/th_Nickname")): com.reusableComponent.HighlightElement.run is PASSED

2023-06-26 21:14:38 - [MESSAGE][PASSED] - com.reusableComponent.HighlightElement.run is PASSED

2023-06-26 21:14:38 - [TEST_STEP][PASSED] - com.reusableComponent.HighlightElement.run(findTestObject("User/Member/Page_Member List/th_Level")): com.reusableComponent.HighlightElement.run is PASSED

2023-06-26 21:14:38 - [MESSAGE][PASSED] - com.reusableComponent.HighlightElement.run is PASSED

2023-06-26 21:14:38 - [TEST_STEP][PASSED] - com.reusableComponent.HighlightElement.run(findTestObject("User/Member/Page_Member List/th_Upline Name")): com.reusableComponent.HighlightElement.run is PASSED

2023-06-26 21:14:38 - [MESSAGE][PASSED] - com.reusableComponent.HighlightElement.run is PASSED

2023-06-26 21:14:38 - [TEST_STEP][PASSED] - com.reusableComponent.HighlightElement.run(findTestObject("User/Member/Page_Member List/th_Shareholder name")): com.reusableComponent.HighlightElement.run is PASSED

2023-06-26 21:14:39 - [MESSAGE][PASSED] - com.reusableComponent.HighlightElement.run is PASSED

2023-06-26 21:14:39 - [TEST_STEP][PASSED] - com.reusableComponent.HighlightElement.run(findTestObject("User/Member/Page_Member List/th_Phone")): com.reusableComponent.HighlightElement.run is PASSED

2023-06-26 21:14:39 - [MESSAGE][PASSED] - com.reusableComponent.HighlightElement.run is PASSED

2023-06-26 21:14:39 - [TEST_STEP][PASSED] - com.reusableComponent.HighlightElement.run(findTestObject("User/Member/Page_Member List/th_Status")): com.reusableComponent.HighlightElement.run is PASSED

2023-06-26 21:14:40 - [MESSAGE][PASSED] - com.reusableComponent.HighlightElement.run is PASSED

2023-06-26 21:14:40 - [TEST_STEP][PASSED] - com.reusableComponent.HighlightElement.run(findTestObject("User/Member/Page_Member List/th_Remarks")): com.reusableComponent.HighlightElement.run is PASSED

2023-06-26 21:14:40 - [MESSAGE][PASSED] - com.reusableComponent.HighlightElement.run is PASSED

2023-06-26 21:14:40 - [TEST_STEP][PASSED] - com.reusableComponent.HighlightElement.run(findTestObject("User/Member/Page_Member List/th_Cash")): com.reusableComponent.HighlightElement.run is PASSED

2023-06-26 21:14:41 - [MESSAGE][PASSED] - com.reusableComponent.HighlightElement.run is PASSED

2023-06-26 21:14:41 - [TEST_STEP][PASSED] - com.reusableComponent.HighlightElement.run(findTestObject("User/Member/Page_Member List/th_Coin")): com.reusableComponent.HighlightElement.run is PASSED

2023-06-26 21:14:41 - [MESSAGE][PASSED] - com.reusableComponent.HighlightElement.run is PASSED

2023-06-26 21:14:41 - [TEST_STEP][PASSED] - com.reusableComponent.HighlightElement.run(findTestObject("User/Member/Page_Member List/th_Interest")): com.reusableComponent.HighlightElement.run is PASSED

2023-06-26 21:14:42 - [MESSAGE][PASSED] - com.reusableComponent.HighlightElement.run is PASSED

2023-06-26 21:14:42 - [TEST_STEP][PASSED] - com.reusableComponent.HighlightElement.run(findTestObject("User/Member/Page_Member List/th_Password Otp")): com.reusableComponent.HighlightElement.run is PASSED

2023-06-26 21:14:42 - [MESSAGE][PASSED] - com.reusableComponent.HighlightElement.run is PASSED

2023-06-26 21:14:42 - [TEST_STEP][PASSED] - com.reusableComponent.HighlightElement.run(findTestObject("User/Member/Page_Member List/th_Phone Otp")): com.reusableComponent.HighlightElement.run is PASSED

2023-06-26 21:14:43 - [MESSAGE][PASSED] - com.reusableComponent.HighlightElement.run is PASSED

2023-06-26 21:14:43 - [TEST_STEP][PASSED] - com.reusableComponent.HighlightElement.run(findTestObject("User/Member/Page_Member List/th_Last login IP")): com.reusableComponent.HighlightElement.run is PASSED

2023-06-26 21:14:43 - [MESSAGE][PASSED] - com.reusableComponent.HighlightElement.run is PASSED

2023-06-26 21:14:43 - [TEST_STEP][PASSED] - com.reusableComponent.HighlightElement.run(findTestObject("User/Member/Page_Member List/th_Last login time")): com.reusableComponent.HighlightElement.run is PASSED

2023-06-26 21:14:44 - [MESSAGE][PASSED] - com.reusableComponent.HighlightElement.run is PASSED

2023-06-26 21:14:44 - [TEST_STEP][PASSED] - com.reusableComponent.HighlightElement.run(findTestObject("User/Member/Page_Member List/th_App Type")): com.reusableComponent.HighlightElement.run is PASSED

2023-06-26 21:14:44 - [MESSAGE][PASSED] - com.reusableComponent.HighlightElement.run is PASSED

2023-06-26 21:14:44 - [TEST_STEP][PASSED] - com.reusableComponent.HighlightElement.run(findTestObject("User/Member/Page_Member List/th_Action")): com.reusableComponent.HighlightElement.run is PASSED

2023-06-26 21:14:44 - [MESSAGE][PASSED] - com.reusableComponent.HighlightElement.run is PASSED

2023-06-26 21:14:44 - [TEST_STEP][PASSED] - com.reusableComponent.HighlightElement.run(findTestObject("User/Member/Page_Member List/table_IDNameFull NameNicknameLevelUpline NameShareholder namePhoneStatusRemarksCashCoinInterestPassword OtpPhone OtpLast login IPLast login timeApp TypeAction")): com.reusableComponent.HighlightElement.run is PASSED

2023-06-26 21:14:45 - [MESSAGE][PASSED] - com.reusableComponent.HighlightElement.run is PASSED

2023-06-26 21:14:45 - [TEST_STEP][PASSED] - verifyElementVisible(findTestObject("User/Member/Page_Member List/th_ID")): Object 'Object Repository/User/Member/Page_Member List/th_ID' is visible

2023-06-26 21:14:45 - [MESSAGE][PASSED] - Object 'Object Repository/User/Member/Page_Member List/th_ID' is visible

2023-06-26 21:14:45 - [TEST_STEP][PASSED] - verifyElementVisible(findTestObject("User/Member/Page_Member List/th_Name")): Object 'Object Repository/User/Member/Page_Member List/th_Name' is visible

2023-06-26 21:14:46 - [MESSAGE][PASSED] - Object 'Object Repository/User/Member/Page_Member List/th_Name' is visible

2023-06-26 21:14:46 - [TEST_STEP][PASSED] - verifyElementVisible(findTestObject("User/Member/Page_Member List/th_Full Name")): Object 'Object Repository/User/Member/Page_Member List/th_Full Name' is visible

2023-06-26 21:14:46 - [MESSAGE][PASSED] - Object 'Object Repository/User/Member/Page_Member List/th_Full Name' is visible

2023-06-26 21:14:46 - [TEST_STEP][PASSED] - verifyElementVisible(findTestObject("User/Member/Page_Member List/th_Nickname")): Object 'Object Repository/User/Member/Page_Member List/th_Nickname' is visible

2023-06-26 21:14:47 - [MESSAGE][PASSED] - Object 'Object Repository/User/Member/Page_Member List/th_Nickname' is visible

2023-06-26 21:14:47 - [TEST_STEP][PASSED] - verifyElementVisible(findTestObject("User/Member/Page_Member List/th_Level")): Object 'Object Repository/User/Member/Page_Member List/th_Level' is visible

2023-06-26 21:14:47 - [MESSAGE][PASSED] - Object 'Object Repository/User/Member/Page_Member List/th_Level' is visible

2023-06-26 21:14:47 - [TEST_STEP][PASSED] - verifyElementVisible(findTestObject("User/Member/Page_Member List/th_Upline Name")): Object 'Object Repository/User/Member/Page_Member List/th_Upline Name' is visible

2023-06-26 21:14:47 - [MESSAGE][PASSED] - Object 'Object Repository/User/Member/Page_Member List/th_Upline Name' is visible

2023-06-26 21:14:47 - [TEST_STEP][PASSED] - verifyElementVisible(findTestObject("User/Member/Page_Member List/th_Shareholder name")): Object 'Object Repository/User/Member/Page_Member List/th_Shareholder name' is visible

2023-06-26 21:14:48 - [MESSAGE][PASSED] - Object 'Object Repository/User/Member/Page_Member List/th_Shareholder name' is visible

2023-06-26 21:14:48 - [TEST_STEP][PASSED] - verifyElementVisible(findTestObject("User/Member/Page_Member List/th_Phone")): Object 'Object Repository/User/Member/Page_Member List/th_Phone' is visible

2023-06-26 21:14:48 - [MESSAGE][PASSED] - Object 'Object Repository/User/Member/Page_Member List/th_Phone' is visible

2023-06-26 21:14:48 - [TEST_STEP][PASSED] - verifyElementVisible(findTestObject("User/Member/Page_Member List/th_Status")): Object 'Object Repository/User/Member/Page_Member List/th_Status' is visible

2023-06-26 21:14:49 - [MESSAGE][PASSED] - Object 'Object Repository/User/Member/Page_Member List/th_Status' is visible

2023-06-26 21:14:49 - [TEST_STEP][PASSED] - verifyElementVisible(findTestObject("User/Member/Page_Member List/th_Remarks")): Object 'Object Repository/User/Member/Page_Member List/th_Remarks' is visible

2023-06-26 21:14:49 - [MESSAGE][PASSED] - Object 'Object Repository/User/Member/Page_Member List/th_Remarks' is visible

2023-06-26 21:14:49 - [TEST_STEP][PASSED] - verifyElementVisible(findTestObject("User/Member/Page_Member List/th_Cash")): Object 'Object Repository/User/Member/Page_Member List/th_Cash' is visible

2023-06-26 21:14:50 - [MESSAGE][PASSED] - Object 'Object Repository/User/Member/Page_Member List/th_Cash' is visible

2023-06-26 21:14:50 - [TEST_STEP][PASSED] - verifyElementVisible(findTestObject("User/Member/Page_Member List/th_Coin")): Object 'Object Repository/User/Member/Page_Member List/th_Coin' is visible

[...]

2023-06-26 21:15:51 - [TEST_STEP][PASSED] - verifyElementVisible(findTestObject("User/Member/Page_Member List/input_Phone_member_phone_number")): Object 'Object Repository/User/Member/Page_Member List/input_Phone_member_phone_number' is visible

2023-06-26 21:15:51 - [MESSAGE][PASSED] - Object 'Object Repository/User/Member/Page_Member List/input_Phone_member_phone_number' is visible

2023-06-26 21:15:51 - [TEST_STEP][PASSED] - verifyElementVisible(findTestObject("User/Member/Page_Member List/select_All")): Object 'Object Repository/User/Member/Page_Member List/select_All' is visible

2023-06-26 21:15:52 - [MESSAGE][PASSED] - Object 'Object Repository/User/Member/Page_Member List/select_All' is visible

2023-06-26 21:15:52 - [TEST_STEP][PASSED] - verifyElementVisible(findTestObject("User/Member/Page_Member List/select_AllPlayer")): Object 'Object Repository/User/Member/Page_Member List/select_AllPlayer' is visible

2023-06-26 21:15:52 - [MESSAGE][PASSED] - Object 'Object Repository/User/Member/Page_Member List/select_AllPlayer' is visible

2023-06-26 21:15:52 - [TEST_STEP][PASSED] - verifyElementVisible(findTestObject("User/Member/Page_Member List/button_Search")): Object 'Object Repository/User/Member/Page_Member List/button_Search' is visible

2023-06-26 21:15:53 - [MESSAGE][PASSED] - Object 'Object Repository/User/Member/Page_Member List/button_Search' is visible

2023-06-26 21:15:53 - [TEST_STEP][PASSED] - com.reusableComponent.HighlightElement.run(findTestObject("User/Member/Page_Member List/select_102550100")): com.reusableComponent.HighlightElement.run is PASSED

2023-06-26 21:15:53 - [MESSAGE][PASSED] - com.reusableComponent.HighlightElement.run is PASSED

2023-06-26 21:15:53 - [TEST_STEP][PASSED] - com.reusableComponent.HighlightElement.run(findTestObject("User/Member/Page_Member List/span_Copy")): com.reusableComponent.HighlightElement.run is PASSED

2023-06-26 21:15:54 - [MESSAGE][PASSED] - com.reusableComponent.HighlightElement.run is PASSED

2023-06-26 21:15:54 - [TEST_STEP][PASSED] - com.reusableComponent.HighlightElement.run(findTestObject("User/Member/Page_Member List/span_CSV")): com.reusableComponent.HighlightElement.run is PASSED

2023-06-26 21:15:54 - [MESSAGE][PASSED] - com.reusableComponent.HighlightElement.run is PASSED

2023-06-26 21:15:54 - [TEST_STEP][PASSED] - com.reusableComponent.HighlightElement.run(findTestObject("User/Member/Page_Member List/span_Excel")): com.reusableComponent.HighlightElement.run is PASSED

2023-06-26 21:15:55 - [MESSAGE][PASSED] - com.reusableComponent.HighlightElement.run is PASSED

2023-06-26 21:15:55 - [TEST_STEP][PASSED] - com.reusableComponent.HighlightElement.run(findTestObject("User/Member/Page_Member List/span_PDF")): com.reusableComponent.HighlightElement.run is PASSED

2023-06-26 21:15:55 - [MESSAGE][PASSED] - com.reusableComponent.HighlightElement.run is PASSED

2023-06-26 21:15:55 - [TEST_STEP][PASSED] - com.reusableComponent.HighlightElement.run(findTestObject("User/Member/Page_Member List/input_Search_form-control form-control-sm")): com.reusableComponent.HighlightElement.run is PASSED

2023-06-26 21:15:56 - [MESSAGE][PASSED] - com.reusableComponent.HighlightElement.run is PASSED

2023-06-26 21:15:56 - [TEST_STEP][PASSED] - verifyElementVisible(findTestObject("User/Member/Page_Member List/select_102550100")): Object 'Object Repository/User/Member/Page_Member List/select_102550100' is visible

2023-06-26 21:15:56 - [MESSAGE][PASSED] - Object 'Object Repository/User/Member/Page_Member List/select_102550100' is visible

2023-06-26 21:15:56 - [TEST_STEP][PASSED] - verifyElementVisible(findTestObject("User/Member/Page_Member List/span_Copy")): Object 'Object Repository/User/Member/Page_Member List/span_Copy' is visible

2023-06-26 21:15:56 - [MESSAGE][PASSED] - Object 'Object Repository/User/Member/Page_Member List/span_Copy' is visible

2023-06-26 21:15:56 - [TEST_STEP][PASSED] - verifyElementVisible(findTestObject("User/Member/Page_Member List/span_CSV")): Object 'Object Repository/User/Member/Page_Member List/span_CSV' is visible

2023-06-26 21:15:57 - [MESSAGE][PASSED] - Object 'Object Repository/User/Member/Page_Member List/span_CSV' is visible

2023-06-26 21:15:57 - [TEST_STEP][PASSED] - verifyElementVisible(findTestObject("User/Member/Page_Member List/span_Excel")): Object 'Object Repository/User/Member/Page_Member List/span_Excel' is visible

2023-06-26 21:15:57 - [MESSAGE][PASSED] - Object 'Object Repository/User/Member/Page_Member List/span_Excel' is visible

2023-06-26 21:15:57 - [TEST_STEP][PASSED] - verifyElementVisible(findTestObject("User/Member/Page_Member List/span_PDF")): Object 'Object Repository/User/Member/Page_Member List/span_PDF' is visible

2023-06-26 21:15:58 - [MESSAGE][PASSED] - Object 'Object Repository/User/Member/Page_Member List/span_PDF' is visible

2023-06-26 21:15:58 - [TEST_STEP][PASSED] - verifyElementVisible(findTestObject("User/Member/Page_Member List/input_Search_form-control form-control-sm")): Object 'Object Repository/User/Member/Page_Member List/input_Search_form-control form-control-sm' is visible

2023-06-26 21:15:58 - [MESSAGE][PASSED] - Object 'Object Repository/User/Member/Page_Member List/input_Search_form-control form-control-sm' is visible

2023-06-26 21:15:58 - [TEST_STEP][PASSED] - com.reusableComponent.HighlightElement.run(findTestObject("User/Member/Page_Member List/th_ID")): com.reusableComponent.HighlightElement.run is PASSED

2023-06-26 21:15:59 - [MESSAGE][PASSED] - com.reusableComponent.HighlightElement.run is PASSED

2023-06-26 21:15:59 - [TEST_STEP][PASSED] - com.reusableComponent.HighlightElement.run(findTestObject("User/Member/Page_Member List/th_Name")): com.reusableComponent.HighlightElement.run is PASSED

2023-06-26 21:15:59 - [MESSAGE][PASSED] - com.reusableComponent.HighlightElement.run is PASSED

2023-06-26 21:15:59 - [TEST_STEP][PASSED] - com.reusableComponent.HighlightElement.run(findTestObject("User/Member/Page_Member List/th_Full Name")): com.reusableComponent.HighlightElement.run is PASSED

2023-06-26 21:16:00 - [MESSAGE][PASSED] - com.reusableComponent.HighlightElement.run is PASSED

2023-06-26 21:16:00 - [TEST_STEP][PASSED] - com.reusableComponent.HighlightElement.run(findTestObject("User/Member/Page_Member List/th_Nickname")): com.reusableComponent.HighlightElement.run is PASSED

2023-06-26 21:16:00 - [MESSAGE][PASSED] - com.reusableComponent.HighlightElement.run is PASSED

2023-06-26 21:16:00 - [TEST_STEP][PASSED] - com.reusableComponent.HighlightElement.run(findTestObject("User/Member/Page_Member List/th_Level")): com.reusableComponent.HighlightElement.run is PASSED

2023-06-26 21:16:01 - [MESSAGE][PASSED] - com.reusableComponent.HighlightElement.run is PASSED

2023-06-26 21:16:01 - [TEST_STEP][PASSED] - com.reusableComponent.HighlightElement.run(findTestObject("User/Member/Page_Member List/th_Upline Name")): com.reusableComponent.HighlightElement.run is PASSED

2023-06-26 21:16:01 - [MESSAGE][PASSED] - com.reusableComponent.HighlightElement.run is PASSED

2023-06-26 21:16:01 - [TEST_STEP][PASSED] - com.reusableComponent.HighlightElement.run(findTestObject("User/Member/Page_Member List/th_Shareholder name")): com.reusableComponent.HighlightElement.run is PASSED

2023-06-26 21:16:02 - [MESSAGE][PASSED] - com.reusableComponent.HighlightElement.run is PASSED

2023-06-26 21:16:02 - [TEST_STEP][PASSED] - com.reusableComponent.HighlightElement.run(findTestObject("User/Member/Page_Member List/th_Phone")): com.reusableComponent.HighlightElement.run is PASSED

2023-06-26 21:16:02 - [MESSAGE][PASSED] - com.reusableComponent.HighlightElement.run is PASSED

2023-06-26 21:16:02 - [TEST_STEP][PASSED] - com.reusableComponent.HighlightElement.run(findTestObject("User/Member/Page_Member List/th_Status")): com.reusableComponent.HighlightElement.run is PASSED

2023-06-26 21:16:03 - [MESSAGE][PASSED] - com.reusableComponent.HighlightElement.run is PASSED

2023-06-26 21:16:03 - [TEST_STEP][PASSED] - com.reusableComponent.HighlightElement.run(findTestObject("User/Member/Page_Member List/th_Remarks")): com.reusableComponent.HighlightElement.run is PASSED

2023-06-26 21:16:03 - [MESSAGE][PASSED] - com.reusableComponent.HighlightElement.run is PASSED

2023-06-26 21:16:03 - [TEST_STEP][PASSED] - com.reusableComponent.HighlightElement.run(findTestObject("User/Member/Page_Member List/th_Cash")): com.reusableComponent.HighlightElement.run is PASSED

2023-06-26 21:16:04 - [MESSAGE][PASSED] - com.reusableComponent.HighlightElement.run is PASSED

2023-06-26 21:16:04 - [TEST_STEP][PASSED] - com.reusableComponent.HighlightElement.run(findTestObject("User/Member/Page_Member List/th_Coin")): com.reusableComponent.HighlightElement.run is PASSED

2023-06-26 21:16:04 - [MESSAGE][PASSED] - com.reusableComponent.HighlightElement.run is PASSED

2023-06-26 21:16:04 - [TEST_STEP][PASSED] - com.reusableComponent.HighlightElement.run(findTestObject("User/Member/Page_Member List/th_Interest")): com.reusableComponent.HighlightElement.run is PASSED

2023-06-26 21:16:05 - [MESSAGE][PASSED] - com.reusableComponent.HighlightElement.run is PASSED

2023-06-26 21:16:05 - [TEST_STEP][PASSED] - com.reusableComponent.HighlightElement.run(findTestObject("User/Member/Page_Member List/th_Password Otp")): com.reusableComponent.HighlightElement.run is PASSED

2023-06-26 21:16:05 - [MESSAGE][PASSED] - com.reusableComponent.HighlightElement.run is PASSED

2023-06-26 21:16:05 - [TEST_STEP][PASSED] - com.reusableComponent.HighlightElement.run(findTestObject("User/Member/Page_Member List/th_Phone Otp")): com.reusableComponent.HighlightElement.run is PASSED

2023-06-26 21:16:06 - [MESSAGE][PASSED] - com.reusableComponent.HighlightElement.run is PASSED

2023-06-26 21:16:06 - [TEST_STEP][PASSED] - com.reusableComponent.HighlightElement.run(findTestObject("User/Member/Page_Member List/th_Last login IP")): com.reusableComponent.HighlightElement.run is PASSED

2023-06-26 21:16:06 - [MESSAGE][PASSED] - com.reusableComponent.HighlightElement.run is PASSED

2023-06-26 21:16:06 - [TEST_STEP][PASSED] - com.reusableComponent.HighlightElement.run(findTestObject("User/Member/Page_Member List/th_Last login time")): com.reusableComponent.HighlightElement.run is PASSED

2023-06-26 21:16:07 - [MESSAGE][PASSED] - com.reusableComponent.HighlightElement.run is PASSED

2023-06-26 21:16:07 - [TEST_STEP][PASSED] - com.reusableComponent.HighlightElement.run(findTestObject("User/Member/Page_Member List/th_App Type")): com.reusableComponent.HighlightElement.run is PASSED

2023-06-26 21:16:07 - [MESSAGE][PASSED] - com.reusableComponent.HighlightElement.run is PASSED

2023-06-26 21:16:07 - [TEST_STEP][PASSED] - com.reusableComponent.HighlightElement.run(findTestObject("User/Member/Page_Member List/th_Action")): com.reusableComponent.HighlightElement.run is PASSED

2023-06-26 21:16:08 - [MESSAGE][PASSED] - com.reusableComponent.HighlightElement.run is PASSED

2023-06-26 21:16:08 - [TEST_STEP][PASSED] - com.reusableComponent.HighlightElement.run(findTestObject("User/Member/Page_Member List/table_IDNameFull NameNicknameLevelUpline NameShareholder namePhoneStatusRemarksCashCoinInterestPassword OtpPhone OtpLast login IPLast login timeApp TypeAction")): com.reusableComponent.HighlightElement.run is PASSED

2023-06-26 21:16:08 - [MESSAGE][PASSED] - com.reusableComponent.HighlightElement.run is PASSED

2023-06-26 21:16:08 - [TEST_STEP][PASSED] - verifyElementVisible(findTestObject("User/Member/Page_Member List/th_ID")): Object 'Object Repository/User/Member/Page_Member List/th_ID' is visible

2023-06-26 21:16:08 - [MESSAGE][PASSED] - Object 'Object Repository/User/Member/Page_Member List/th_ID' is visible

2023-06-26 21:16:08 - [TEST_STEP][PASSED] - verifyElementVisible(findTestObject("User/Member/Page_Member List/th_Name")): Object 'Object Repository/User/Member/Page_Member List/th_Name' is visible

2023-06-26 21:16:09 - [MESSAGE][PASSED] - Object 'Object Repository/User/Member/Page_Member List/th_Name' is visible

2023-06-26 21:16:09 - [TEST_STEP][PASSED] - verifyElementVisible(findTestObject("User/Member/Page_Member List/th_Full Name")): Object 'Object Repository/User/Member/Page_Member List/th_Full Name' is visible

2023-06-26 21:16:09 - [MESSAGE][PASSED] - Object 'Object Repository/User/Member/Page_Member List/th_Full Name' is visible

2023-06-26 21:16:09 - [TEST_STEP][PASSED] - verifyElementVisible(findTestObject("User/Member/Page_Member List/th_Nickname")): Object 'Object Repository/User/Member/Page_Member List/th_Nickname' is visible

2023-06-26 21:16:10 - [MESSAGE][PASSED] - Object 'Object Repository/User/Member/Page_Member List/th_Nickname' is visible

2023-06-26 21:16:10 - [TEST_STEP][PASSED] - verifyElementVisible(findTestObject("User/Member/Page_Member List/th_Level")): Object 'Object Repository/User/Member/Page_Member List/th_Level' is visible

2023-06-26 21:16:10 - [MESSAGE][PASSED] - Object 'Object Repository/User/Member/Page_Member List/th_Level' is visible

2023-06-26 21:16:10 - [TEST_STEP][PASSED] - verifyElementVisible(findTestObject("User/Member/Page_Member List/th_Upline Name")): Object 'Object Repository/User/Member/Page_Member List/th_Upline Name' is visible

2023-06-26 21:16:11 - [MESSAGE][PASSED] - Object 'Object Repository/User/Member/Page_Member List/th_Upline Name' is visible

2023-06-26 21:16:11 - [TEST_STEP][PASSED] - verifyElementVisible(findTestObject("User/Member/Page_Member List/th_Shareholder name")): Object 'Object Repository/User/Member/Page_Member List/th_Shareholder name' is visible

2023-06-26 21:16:11 - [MESSAGE][PASSED] - Object 'Object Repository/User/Member/Page_Member List/th_Shareholder name' is visible

2023-06-26 21:16:11 - [TEST_STEP][PASSED] - verifyElementVisible(findTestObject("User/Member/Page_Member List/th_Phone")): Object 'Object Repository/User/Member/Page_Member List/th_Phone' is visible

2023-06-26 21:16:11 - [MESSAGE][PASSED] - Object 'Object Repository/User/Member/Page_Member List/th_Phone' is visible

2023-06-26 21:16:11 - [TEST_STEP][PASSED] - verifyElementVisible(findTestObject("User/Member/Page_Member List/th_Status")): Object 'Object Repository/User/Member/Page_Member List/th_Status' is visible

2023-06-26 21:16:12 - [MESSAGE][PASSED] - Object 'Object Repository/User/Member/Page_Member List/th_Status' is visible

2023-06-26 21:16:12 - [TEST_STEP][PASSED] - verifyElementVisible(findTestObject("User/Member/Page_Member List/th_Remarks")): Object 'Object Repository/User/Member/Page_Member List/th_Remarks' is visible

2023-06-26 21:16:12 - [MESSAGE][PASSED] - Object 'Object Repository/User/Member/Page_Member List/th_Remarks' is visible

2023-06-26 21:16:12 - [TEST_STEP][PASSED] - verifyElementVisible(findTestObject("User/Member/Page_Member List/th_Cash")): Object 'Object Repository/User/Member/Page_Member List/th_Cash' is visible

2023-06-26 21:16:13 - [MESSAGE][PASSED] - Object 'Object Repository/User/Member/Page_Member List/th_Cash' is visible

2023-06-26 21:16:13 - [TEST_STEP][PASSED] - verifyElementVisible(findTestObject("User/Member/Page_Member List/th_Coin")): Object 'Object Repository/User/Member/Page_Member List/th_Coin' is visible

2023-06-26 21:16:13 - [MESSAGE][PASSED] - Object 'Object Repository/User/Member/Page_Member List/th_Coin' is visible

2023-06-26 21:16:13 - [TEST_STEP][PASSED] - verifyElementVisible(findTestObject("User/Member/Page_Member List/th_Interest")): Object 'Object Repository/User/Member/Page_Member List/th_Interest' is visible

2023-06-26 21:16:14 - [MESSAGE][PASSED] - Object 'Object Repository/User/Member/Page_Member List/th_Interest' is visible

2023-06-26 21:16:14 - [TEST_STEP][PASSED] - verifyElementVisible(findTestObject("User/Member/Page_Member List/th_Password Otp")): Object 'Object Repository/User/Member/Page_Member List/th_Password Otp' is visible

2023-06-26 21:16:14 - [MESSAGE][PASSED] - Object 'Object Repository/User/Member/Page_Member List/th_Password Otp' is visible

2023-06-26 21:16:14 - [TEST_STEP][PASSED] - verifyElementVisible(findTestObject("User/Member/Page_Member List/th_Phone Otp")): Object 'Object Repository/User/Member/Page_Member List/th_Phone Otp' is visible

2023-06-26 21:16:14 - [MESSAGE][PASSED] - Object 'Object Repository/User/Member/Page_Member List/th_Phone Otp' is visible

2023-06-26 21:16:14 - [TEST_STEP][PASSED] - verifyElementVisible(findTestObject("User/Member/Page_Member List/th_Last login IP")): Object 'Object Repository/User/Member/Page_Member List/th_Last login IP' is visible

2023-06-26 21:16:15 - [MESSAGE][PASSED] - Object 'Object Repository/User/Member/Page_Member List/th_Last login IP' is visible

2023-06-26 21:16:15 - [TEST_STEP][PASSED] - verifyElementVisible(findTestObject("User/Member/Page_Member List/th_Last login time")): Object 'Object Repository/User/Member/Page_Member List/th_Last login time' is visible

2023-06-26 21:16:15 - [MESSAGE][PASSED] - Object 'Object Repository/User/Member/Page_Member List/th_Last login time' is visible

2023-06-26 21:16:15 - [TEST_STEP][PASSED] - verifyElementVisible(findTestObject("User/Member/Page_Member List/th_App Type")): Object 'Object Repository/User/Member/Page_Member List/th_App Type' is visible

2023-06-26 21:16:16 - [MESSAGE][PASSED] - Object 'Object Repository/User/Member/Page_Member List/th_App Type' is visible

2023-06-26 21:16:16 - [TEST_STEP][PASSED] - verifyElementVisible(findTestObject("User/Member/Page_Member List/th_Action")): Object 'Object Repository/User/Member/Page_Member List/th_Action' is visible

2023-06-26 21:16:16 - [MESSAGE][PASSED] - Object 'Object Repository/User/Member/Page_Member List/th_Action' is visible

2023-06-26 21:16:16 - [TEST_STEP][PASSED] - verifyElementVisible(findTestObject("User/Member/Page_Member List/table_IDNameFull NameNicknameLevelUpline NameShareholder namePhoneStatusRemarksCashCoinInterestPassword OtpPhone OtpLast login IPLast login timeApp TypeAction")): Object 'Object Repository/User/Member/Page_Member List/table_IDNameFull NameNicknameLevelUpline NameShareholder namePhoneStatusRemarksCashCoinInterestPassword OtpPhone OtpLast login IPLast login timeApp TypeAction' is visible

2023-06-26 21:16:17 - [MESSAGE][PASSED] - Object 'Object Repository/User/Member/Page_Member List/table_IDNameFull NameNicknameLevelUpline NameShareholder namePhoneStatusRemarksCashCoinInterestPassword OtpPhone OtpLast login IPLast login timeApp TypeAction' is visible

2023-06-26 21:16:17 - [TEST_STEP][PASSED] - com.reusableComponent.HighlightElement.run(findTestObject("User/Member/Page_Member List/li_Previous")): com.reusableComponent.HighlightElement.run is PASSED

2023-06-26 21:16:17 - [MESSAGE][PASSED] - com.reusableComponent.HighlightElement.run is PASSED

2023-06-26 21:16:17 - [TEST_STEP][PASSED] - com.reusableComponent.HighlightElement.run(findTestObject("User/Member/Page_Member List/a_Next")): com.reusableComponent.HighlightElement.run is PASSED

2023-06-26 21:16:18 - [MESSAGE][PASSED] - com.reusableComponent.HighlightElement.run is PASSED

2023-06-26 21:16:18 - [TEST_STEP][PASSED] - verifyElementVisible(findTestObject("User/Member/Page_Member List/li_Previous")): Object 'Object Repository/User/Member/Page_Member List/li_Previous' is visible

2023-06-26 21:16:18 - [MESSAGE][PASSED] - Object 'Object Repository/User/Member/Page_Member List/li_Previous' is visible

2023-06-26 21:16:18 - [TEST_STEP][PASSED] - verifyElementVisible(findTestObject("User/Member/Page_Member List/a_Next")): Object 'Object Repository/User/Member/Page_Member List/a_Next' is visible

2023-06-26 21:16:18 - [MESSAGE][PASSED] - Object 'Object Repository/User/Member/Page_Member List/a_Next' is visible]]></system-out>
         <system-err><![CDATA[]]></system-err>
      </testcase>
      <system-out><![CDATA[2023-06-26 21:12:21 - [TEST_SUITE][PASSED] - Smoke: Test Cases/User/Member/List RMB]]></system-out>
      <system-err><![CDATA[]]></system-err>
   </testsuite>
</testsuites>
