<?xml version="1.0" encoding="UTF-8"?>
<testsuites name="Smoke" time="167.425" tests="5" failures="0" errors="0">
   <testsuite name="Smoke" tests="5" failures="0" errors="0" time="167.425" skipped="0" timestamp="2023-07-04 00:39:35" hostname="hmacagba - PHPF1FXV0U.CSCMWS.CSCMWS.COM" id="Test Suites/Smoke">
      <properties>
         <property name="deviceName" value=""/>
         <property name="devicePlatform" value=""/>
         <property name="logFolder" value="C:\\Users\\hmacagba\\git\\AutomatedScripts\\Reports\\20230704_003926\\Smoke\\20230704_003926"/>
         <property name="logFiles" value="C:\\Users\\hmacagba\\git\\AutomatedScripts\\Reports\\20230704_003926\\Smoke\\20230704_003926\\execution0.log"/>
         <property name="attachments" value=""/>
         <property name="hostName" value="hmacagba - PHPF1FXV0U.CSCMWS.CSCMWS.COM"/>
         <property name="os" value="Windows 10 64bit"/>
         <property name="katalonVersion" value="8.6.5.208"/>
         <property name="browser" value="Chrome 114.0.0.0"/>
         <property name="hostAddress" value="192.168.68.103"/>
         <property name="sessionId" value="d414ae42e618b7dbccdb79975ce683dc"/>
         <property name="seleniumVersion" value="3.141.59"/>
         <property name="proxyInformation" value="ProxyInformation { proxyOption=NO_PROXY, proxyServerType=HTTP, username=, password=********, proxyServerAddress=, proxyServerPort=0, executionList=&quot;&quot;, isApplyToDesiredCapabilities=true }"/>
         <property name="platform" value="Windows 10"/>
      </properties>
      <testcase name="Test Cases/Transaction/Finance Details MYR" time="53.248" classname="Test Cases/Transaction/Finance Details MYR" status="PASSED">
         <system-out><![CDATA[2023-07-04 00:39:36 - [TEST_CASE][PASSED] - Test Cases/Transaction/Finance Details MYR: Test Cases/Transaction/Finance Details MYR

2023-07-04 00:39:36 - [TEST_STEP][PASSED] - callTestCase(findTestCase("Login Admin"), [:], STOP_ON_FAILURE): Call Test Case 'Test Cases/Login Admin' successfully

2023-07-04 00:39:37 - [TEST_CASE][PASSED] - Test Cases/Login Admin: Test Cases/Login Admin

2023-07-04 00:39:37 - [TEST_STEP][PASSED] - openBrowser(""): Browser is opened with url: ''

2023-07-04 00:39:38 - [MESSAGE][INFO] - Starting 'Chrome' driver

2023-07-04 00:39:38 - [MESSAGE][INFO] - Action delay is set to 0 milliseconds

2023-07-04 00:39:43 - [MESSAGE][PASSED] - Browser is opened with url: ''

2023-07-04 00:39:43 - [TEST_STEP][PASSED] - maximizeWindow(): Current window maximized

2023-07-04 00:39:43 - [MESSAGE][PASSED] - Current window maximized

2023-07-04 00:39:43 - [TEST_STEP][PASSED] - navigateToUrl(URL): Navigate to 'http://admin.lkydev.site' successfully

2023-07-04 00:39:47 - [MESSAGE][PASSED] - Navigate to 'http://admin.lkydev.site' successfully

2023-07-04 00:39:47 - [TEST_STEP][PASSED] - verifyElementText(findTestObject("Object Repository/Login/Page_SUNCITY - Login/h3_Sign In To Admin System"), "Sign In To Admin System"): Actual text and expected text of test object 'Object Repository/Login/Page_SUNCITY - Login/h3_Sign In To Admin System' are matched.

2023-07-04 00:39:48 - [MESSAGE][PASSED] - Actual text and expected text of test object 'Object Repository/Login/Page_SUNCITY - Login/h3_Sign In To Admin System' are matched.

2023-07-04 00:39:48 - [TEST_STEP][PASSED] - com.reusableComponent.HighlightElement.run(findTestObject("Login/Page_SUNCITY - Login/h3_Sign In To Admin System")): com.reusableComponent.HighlightElement.run is PASSED

2023-07-04 00:39:48 - [MESSAGE][PASSED] - com.reusableComponent.HighlightElement.run is PASSED

2023-07-04 00:39:48 - [TEST_STEP][PASSED] - com.reusableComponent.HighlightElement.run(findTestObject("Login/Page_SUNCITY - Login/input_Sign In To Admin System_username")): com.reusableComponent.HighlightElement.run is PASSED

2023-07-04 00:39:49 - [MESSAGE][PASSED] - com.reusableComponent.HighlightElement.run is PASSED

2023-07-04 00:39:49 - [TEST_STEP][PASSED] - com.reusableComponent.HighlightElement.run(findTestObject("Login/Page_SUNCITY - Login/input_Sign In To Admin System_password")): com.reusableComponent.HighlightElement.run is PASSED

2023-07-04 00:39:49 - [MESSAGE][PASSED] - com.reusableComponent.HighlightElement.run is PASSED

2023-07-04 00:39:49 - [TEST_STEP][PASSED] - setText(findTestObject("Object Repository/Login/Page_SUNCITY - Login/input_Sign In To Admin System_username"), Username): Text 'devbot' is set on object 'Object Repository/Login/Page_SUNCITY - Login/input_Sign In To Admin System_username'

2023-07-04 00:39:50 - [MESSAGE][PASSED] - Text 'devbot' is set on object 'Object Repository/Login/Page_SUNCITY - Login/input_Sign In To Admin System_username'

2023-07-04 00:39:50 - [TEST_STEP][PASSED] - setText(findTestObject("Object Repository/Login/Page_SUNCITY - Login/input_Sign In To Admin System_password"), Password): Text '77889900' is set on object 'Object Repository/Login/Page_SUNCITY - Login/input_Sign In To Admin System_password'

2023-07-04 00:39:51 - [MESSAGE][PASSED] - Text '77889900' is set on object 'Object Repository/Login/Page_SUNCITY - Login/input_Sign In To Admin System_password'

2023-07-04 00:39:51 - [TEST_STEP][PASSED] - com.reusableComponent.HighlightElement.run(findTestObject("Login/Page_SUNCITY - Login/button_Next")): com.reusableComponent.HighlightElement.run is PASSED

2023-07-04 00:39:52 - [MESSAGE][PASSED] - com.reusableComponent.HighlightElement.run is PASSED

2023-07-04 00:39:52 - [TEST_STEP][PASSED] - click(findTestObject("Object Repository/Login/Page_SUNCITY - Login/button_Next")): Object: 'Object Repository/Login/Page_SUNCITY - Login/button_Next' is clicked on

2023-07-04 00:39:52 - [MESSAGE][PASSED] - Object: 'Object Repository/Login/Page_SUNCITY - Login/button_Next' is clicked on

2023-07-04 00:39:52 - [TEST_STEP][PASSED] - com.reusableComponent.HighlightElement.run(findTestObject("Login/Page_SUNCITY - Login/input_Next_verificationCode")): com.reusableComponent.HighlightElement.run is PASSED

2023-07-04 00:39:53 - [MESSAGE][PASSED] - com.reusableComponent.HighlightElement.run is PASSED

2023-07-04 00:39:53 - [TEST_STEP][PASSED] - setText(findTestObject("Object Repository/Login/Page_SUNCITY - Login/input_Next_verificationCode"), VerificationCode): Text '778899' is set on object 'Object Repository/Login/Page_SUNCITY - Login/input_Next_verificationCode'

2023-07-04 00:39:54 - [MESSAGE][PASSED] - Text '778899' is set on object 'Object Repository/Login/Page_SUNCITY - Login/input_Next_verificationCode'

2023-07-04 00:39:54 - [TEST_STEP][PASSED] - com.reusableComponent.HighlightElement.run(findTestObject("Login/Page_SUNCITY - Login/button_Sign In")): com.reusableComponent.HighlightElement.run is PASSED

2023-07-04 00:39:55 - [MESSAGE][PASSED] - com.reusableComponent.HighlightElement.run is PASSED

2023-07-04 00:39:55 - [TEST_STEP][PASSED] - click(findTestObject("Object Repository/Login/Page_SUNCITY - Login/button_Sign In")): Object: 'Object Repository/Login/Page_SUNCITY - Login/button_Sign In' is clicked on

2023-07-04 00:39:55 - [MESSAGE][PASSED] - Object: 'Object Repository/Login/Page_SUNCITY - Login/button_Sign In' is clicked on

2023-07-04 00:39:55 - [TEST_STEP][PASSED] - com.reusableComponent.HighlightElement.run(findTestObject("Login/Page_Dashboard/h2_Login Success")): com.reusableComponent.HighlightElement.run is PASSED

2023-07-04 00:39:57 - [MESSAGE][PASSED] - com.reusableComponent.HighlightElement.run is PASSED

2023-07-04 00:39:57 - [TEST_STEP][PASSED] - click(findTestObject("Object Repository/Login/Page_Dashboard/h2_Login Success")): Object: 'Object Repository/Login/Page_Dashboard/h2_Login Success' is clicked on

2023-07-04 00:39:58 - [MESSAGE][PASSED] - Object: 'Object Repository/Login/Page_Dashboard/h2_Login Success' is clicked on

2023-07-04 00:39:58 - [TEST_STEP][PASSED] - com.reusableComponent.HighlightElement.run(findTestObject("Login/Page_Dashboard/button_OK")): com.reusableComponent.HighlightElement.run is PASSED

2023-07-04 00:39:58 - [MESSAGE][PASSED] - com.reusableComponent.HighlightElement.run is PASSED

2023-07-04 00:39:58 - [TEST_STEP][PASSED] - click(findTestObject("Object Repository/Login/Page_Dashboard/button_OK")): Object: 'Object Repository/Login/Page_Dashboard/button_OK' is clicked on

2023-07-04 00:39:59 - [MESSAGE][PASSED] - Object: 'Object Repository/Login/Page_Dashboard/button_OK' is clicked on

2023-07-04 00:39:59 - [MESSAGE][PASSED] - Call Test Case 'Test Cases/Login Admin' successfully

2023-07-04 00:39:59 - [TEST_STEP][PASSED] - com.reusableComponent.HighlightElement.run(findTestObject("Transaction/Page_Dashboard/span_Transaction")): com.reusableComponent.HighlightElement.run is PASSED

2023-07-04 00:39:59 - [MESSAGE][PASSED] - com.reusableComponent.HighlightElement.run is PASSED

2023-07-04 00:39:59 - [TEST_STEP][PASSED] - mouseOver(findTestObject("Transaction/Page_Dashboard/span_Transaction")): Object: 'Object Repository/Transaction/Page_Dashboard/span_Transaction' is hovered

2023-07-04 00:40:00 - [MESSAGE][PASSED] - Object: 'Object Repository/Transaction/Page_Dashboard/span_Transaction' is hovered

2023-07-04 00:40:00 - [TEST_STEP][PASSED] - com.reusableComponent.HighlightElement.run(findTestObject("Transaction/Page_Dashboard/span_Finance Details")): com.reusableComponent.HighlightElement.run is PASSED

2023-07-04 00:40:00 - [MESSAGE][PASSED] - com.reusableComponent.HighlightElement.run is PASSED

2023-07-04 00:40:00 - [TEST_STEP][PASSED] - mouseOver(findTestObject("Transaction/Page_Dashboard/span_Finance Details")): Object: 'Object Repository/Transaction/Page_Dashboard/span_Finance Details' is hovered

2023-07-04 00:40:01 - [MESSAGE][PASSED] - Object: 'Object Repository/Transaction/Page_Dashboard/span_Finance Details' is hovered

2023-07-04 00:40:01 - [TEST_STEP][PASSED] - com.reusableComponent.HighlightElement.run(findTestObject("Transaction/Finance Details/span_MYR")): com.reusableComponent.HighlightElement.run is PASSED

2023-07-04 00:40:01 - [MESSAGE][PASSED] - com.reusableComponent.HighlightElement.run is PASSED

2023-07-04 00:40:01 - [TEST_STEP][PASSED] - mouseOver(findTestObject("Transaction/Finance Details/span_MYR")): Object: 'Object Repository/Transaction/Finance Details/span_MYR' is hovered

2023-07-04 00:40:02 - [MESSAGE][PASSED] - Object: 'Object Repository/Transaction/Finance Details/span_MYR' is hovered

2023-07-04 00:40:02 - [TEST_STEP][PASSED] - click(findTestObject("Transaction/Finance Details/span_MYR")): Object: 'Object Repository/Transaction/Finance Details/span_MYR' is clicked on

2023-07-04 00:40:06 - [MESSAGE][PASSED] - Object: 'Object Repository/Transaction/Finance Details/span_MYR' is clicked on

2023-07-04 00:40:06 - [TEST_STEP][PASSED] - com.reusableComponent.HighlightElement.run(findTestObject("Transaction/Finance Details/h3_Finance Details")): com.reusableComponent.HighlightElement.run is PASSED

2023-07-04 00:40:07 - [MESSAGE][PASSED] - com.reusableComponent.HighlightElement.run is PASSED

2023-07-04 00:40:07 - [TEST_STEP][PASSED] - com.reusableComponent.HighlightElement.run(findTestObject("Transaction/Finance Details/select_All")): com.reusableComponent.HighlightElement.run is PASSED

2023-07-04 00:40:08 - [MESSAGE][PASSED] - com.reusableComponent.HighlightElement.run is PASSED

2023-07-04 00:40:08 - [TEST_STEP][PASSED] - com.reusableComponent.HighlightElement.run(findTestObject("Transaction/Finance Details/select_All_adjustment")): com.reusableComponent.HighlightElement.run is PASSED

2023-07-04 00:40:08 - [MESSAGE][PASSED] - com.reusableComponent.HighlightElement.run is PASSED

2023-07-04 00:40:08 - [TEST_STEP][PASSED] - com.reusableComponent.HighlightElement.run(findTestObject("Transaction/Finance Details/input_Date Range_form-control date_range")): com.reusableComponent.HighlightElement.run is PASSED

2023-07-04 00:40:09 - [MESSAGE][PASSED] - com.reusableComponent.HighlightElement.run is PASSED

2023-07-04 00:40:09 - [TEST_STEP][PASSED] - com.reusableComponent.HighlightElement.run(findTestObject("Transaction/Finance Details/button_Search")): com.reusableComponent.HighlightElement.run is PASSED

2023-07-04 00:40:09 - [MESSAGE][PASSED] - com.reusableComponent.HighlightElement.run is PASSED

2023-07-04 00:40:09 - [TEST_STEP][PASSED] - verifyElementVisible(findTestObject("Transaction/Finance Details/h3_Finance Details")): Object 'Object Repository/Transaction/Finance Details/h3_Finance Details' is visible

2023-07-04 00:40:10 - [MESSAGE][PASSED] - Object 'Object Repository/Transaction/Finance Details/h3_Finance Details' is visible

2023-07-04 00:40:10 - [TEST_STEP][PASSED] - verifyElementVisible(findTestObject("Transaction/Finance Details/select_All")): Object 'Object Repository/Transaction/Finance Details/select_All' is visible

2023-07-04 00:40:10 - [MESSAGE][PASSED] - Object 'Object Repository/Transaction/Finance Details/select_All' is visible

2023-07-04 00:40:10 - [TEST_STEP][PASSED] - verifyElementVisible(findTestObject("Transaction/Finance Details/select_All_adjustment")): Object 'Object Repository/Transaction/Finance Details/select_All_adjustment' is visible

2023-07-04 00:40:10 - [MESSAGE][PASSED] - Object 'Object Repository/Transaction/Finance Details/select_All_adjustment' is visible

2023-07-04 00:40:10 - [TEST_STEP][PASSED] - verifyElementVisible(findTestObject("Transaction/Finance Details/input_Date Range_form-control date_range")): Object 'Object Repository/Transaction/Finance Details/input_Date Range_form-control date_range' is visible

2023-07-04 00:40:11 - [MESSAGE][PASSED] - Object 'Object Repository/Transaction/Finance Details/input_Date Range_form-control date_range' is visible

2023-07-04 00:40:11 - [TEST_STEP][PASSED] - verifyElementVisible(findTestObject("Transaction/Finance Details/button_Search")): Object 'Object Repository/Transaction/Finance Details/button_Search' is visible

2023-07-04 00:40:11 - [MESSAGE][PASSED] - Object 'Object Repository/Transaction/Finance Details/button_Search' is visible

2023-07-04 00:40:11 - [TEST_STEP][PASSED] - com.reusableComponent.HighlightElement.run(findTestObject("Transaction/Finance Details/select_102550100")): com.reusableComponent.HighlightElement.run is PASSED

2023-07-04 00:40:12 - [MESSAGE][PASSED] - com.reusableComponent.HighlightElement.run is PASSED

2023-07-04 00:40:12 - [TEST_STEP][PASSED] - com.reusableComponent.HighlightElement.run(findTestObject("Transaction/Finance Details/span_Copy")): com.reusableComponent.HighlightElement.run is PASSED

2023-07-04 00:40:12 - [MESSAGE][PASSED] - com.reusableComponent.HighlightElement.run is PASSED

2023-07-04 00:40:12 - [TEST_STEP][PASSED] - com.reusableComponent.HighlightElement.run(findTestObject("Transaction/Finance Details/span_CSV")): com.reusableComponent.HighlightElement.run is PASSED

2023-07-04 00:40:13 - [MESSAGE][PASSED] - com.reusableComponent.HighlightElement.run is PASSED

2023-07-04 00:40:13 - [TEST_STEP][PASSED] - com.reusableComponent.HighlightElement.run(findTestObject("Transaction/Finance Details/span_Excel")): com.reusableComponent.HighlightElement.run is PASSED

2023-07-04 00:40:13 - [MESSAGE][PASSED] - com.reusableComponent.HighlightElement.run is PASSED

2023-07-04 00:40:13 - [TEST_STEP][PASSED] - com.reusableComponent.HighlightElement.run(findTestObject("Transaction/Finance Details/span_PDF")): com.reusableComponent.HighlightElement.run is PASSED

2023-07-04 00:40:14 - [MESSAGE][PASSED] - com.reusableComponent.HighlightElement.run is PASSED

2023-07-04 00:40:14 - [TEST_STEP][PASSED] - com.reusableComponent.HighlightElement.run(findTestObject("Transaction/Finance Details/input_Search_form-control form-control-sm")): com.reusableComponent.HighlightElement.run is PASSED

2023-07-04 00:40:14 - [MESSAGE][PASSED] - com.reusableComponent.HighlightElement.run is PASSED

2023-07-04 00:40:14 - [TEST_STEP][PASSED] - verifyElementVisible(findTestObject("Transaction/Finance Details/select_102550100")): Object 'Object Repository/Transaction/Finance Details/select_102550100' is visible

2023-07-04 00:40:15 - [MESSAGE][PASSED] - Object 'Object Repository/Transaction/Finance Details/select_102550100' is visible

2023-07-04 00:40:15 - [TEST_STEP][PASSED] - verifyElementVisible(findTestObject("Transaction/Finance Details/span_Copy")): Object 'Object Repository/Transaction/Finance Details/span_Copy' is visible

2023-07-04 00:40:15 - [MESSAGE][PASSED] - Object 'Object Repository/Transaction/Finance Details/span_Copy' is visible

2023-07-04 00:40:15 - [TEST_STEP][PASSED] - verifyElementVisible(findTestObject("Transaction/Finance Details/span_CSV")): Object 'Object Repository/Transaction/Finance Details/span_CSV' is visible

2023-07-04 00:40:15 - [MESSAGE][PASSED] - Object 'Object Repository/Transaction/Finance Details/span_CSV' is visible

2023-07-04 00:40:15 - [TEST_STEP][PASSED] - verifyElementVisible(findTestObject("Transaction/Finance Details/span_Excel")): Object 'Object Repository/Transaction/Finance Details/span_Excel' is visible

2023-07-04 00:40:16 - [MESSAGE][PASSED] - Object 'Object Repository/Transaction/Finance Details/span_Excel' is visible

2023-07-04 00:40:16 - [TEST_STEP][PASSED] - verifyElementVisible(findTestObject("Transaction/Finance Details/span_PDF")): Object 'Object Repository/Transaction/Finance Details/span_PDF' is visible

2023-07-04 00:40:16 - [MESSAGE][PASSED] - Object 'Object Repository/Transaction/Finance Details/span_PDF' is visible

2023-07-04 00:40:16 - [TEST_STEP][PASSED] - verifyElementVisible(findTestObject("Transaction/Finance Details/input_Search_form-control form-control-sm")): Object 'Object Repository/Transaction/Finance Details/input_Search_form-control form-control-sm' is visible

2023-07-04 00:40:17 - [MESSAGE][PASSED] - Object 'Object Repository/Transaction/Finance Details/input_Search_form-control form-control-sm' is visible

2023-07-04 00:40:17 - [TEST_STEP][PASSED] - com.reusableComponent.HighlightElement.run(findTestObject("Transaction/Finance Details/th_Type")): com.reusableComponent.HighlightElement.run is PASSED

2023-07-04 00:40:17 - [MESSAGE][PASSED] - com.reusableComponent.HighlightElement.run is PASSED

2023-07-04 00:40:17 - [TEST_STEP][PASSED] - com.reusableComponent.HighlightElement.run(findTestObject("Transaction/Finance Details/th_Username")): com.reusableComponent.HighlightElement.run is PASSED

2023-07-04 00:40:18 - [MESSAGE][PASSED] - com.reusableComponent.HighlightElement.run is PASSED

2023-07-04 00:40:18 - [TEST_STEP][PASSED] - com.reusableComponent.HighlightElement.run(findTestObject("Transaction/Finance Details/th_Currency")): com.reusableComponent.HighlightElement.run is PASSED

2023-07-04 00:40:18 - [MESSAGE][PASSED] - com.reusableComponent.HighlightElement.run is PASSED

2023-07-04 00:40:18 - [TEST_STEP][PASSED] - com.reusableComponent.HighlightElement.run(findTestObject("Transaction/Finance Details/th_Amount")): com.reusableComponent.HighlightElement.run is PASSED

2023-07-04 00:40:18 - [MESSAGE][PASSED] - com.reusableComponent.HighlightElement.run is PASSED

2023-07-04 00:40:18 - [TEST_STEP][PASSED] - com.reusableComponent.HighlightElement.run(findTestObject("Transaction/Finance Details/th_Before")): com.reusableComponent.HighlightElement.run is PASSED

2023-07-04 00:40:19 - [MESSAGE][PASSED] - com.reusableComponent.HighlightElement.run is PASSED

2023-07-04 00:40:19 - [TEST_STEP][PASSED] - com.reusableComponent.HighlightElement.run(findTestObject("Transaction/Finance Details/th_After")): com.reusableComponent.HighlightElement.run is PASSED

2023-07-04 00:40:19 - [MESSAGE][PASSED] - com.reusableComponent.HighlightElement.run is PASSED

2023-07-04 00:40:19 - [TEST_STEP][PASSED] - com.reusableComponent.HighlightElement.run(findTestObject("Transaction/Finance Details/th_Remark")): com.reusableComponent.HighlightElement.run is PASSED

2023-07-04 00:40:20 - [MESSAGE][PASSED] - com.reusableComponent.HighlightElement.run is PASSED

2023-07-04 00:40:20 - [TEST_STEP][PASSED] - com.reusableComponent.HighlightElement.run(findTestObject("Transaction/Finance Details/th_CoinCash")): com.reusableComponent.HighlightElement.run is PASSED

2023-07-04 00:40:20 - [MESSAGE][PASSED] - com.reusableComponent.HighlightElement.run is PASSED

2023-07-04 00:40:20 - [TEST_STEP][PASSED] - com.reusableComponent.HighlightElement.run(findTestObject("Transaction/Finance Details/th_Method")): com.reusableComponent.HighlightElement.run is PASSED

2023-07-04 00:40:21 - [MESSAGE][PASSED] - com.reusableComponent.HighlightElement.run is PASSED

2023-07-04 00:40:21 - [TEST_STEP][PASSED] - com.reusableComponent.HighlightElement.run(findTestObject("Transaction/Finance Details/th_IP Address")): com.reusableComponent.HighlightElement.run is PASSED

2023-07-04 00:40:21 - [MESSAGE][PASSED] - com.reusableComponent.HighlightElement.run is PASSED

2023-07-04 00:40:21 - [TEST_STEP][PASSED] - com.reusableComponent.HighlightElement.run(findTestObject("Transaction/Finance Details/th_Time")): com.reusableComponent.HighlightElement.run is PASSED

2023-07-04 00:40:22 - [MESSAGE][PASSED] - com.reusableComponent.HighlightElement.run is PASSED

2023-07-04 00:40:22 - [TEST_STEP][PASSED] - com.reusableComponent.HighlightElement.run(findTestObject("Transaction/Finance Details/table_TypeUsername")): com.reusableComponent.HighlightElement.run is PASSED

2023-07-04 00:40:22 - [MESSAGE][PASSED] - com.reusableComponent.HighlightElement.run is PASSED

2023-07-04 00:40:22 - [TEST_STEP][PASSED] - verifyElementVisible(findTestObject("Transaction/Finance Details/th_Type")): Object 'Object Repository/Transaction/Finance Details/th_Type' is visible

2023-07-04 00:40:23 - [MESSAGE][PASSED] - Object 'Object Repository/Transaction/Finance Details/th_Type' is visible

2023-07-04 00:40:23 - [TEST_STEP][PASSED] - verifyElementVisible(findTestObject("Transaction/Finance Details/th_Username")): Object 'Object Repository/Transaction/Finance Details/th_Username' is visible

2023-07-04 00:40:23 - [MESSAGE][PASSED] - Object 'Object Repository/Transaction/Finance Details/th_Username' is visible

2023-07-04 00:40:23 - [TEST_STEP][PASSED] - verifyElementVisible(findTestObject("Transaction/Finance Details/th_Currency")): Object 'Object Repository/Transaction/Finance Details/th_Currency' is visible

2023-07-04 00:40:23 - [MESSAGE][PASSED] - Object 'Object Repository/Transaction/Finance Details/th_Currency' is visible

2023-07-04 00:40:23 - [TEST_STEP][PASSED] - verifyElementVisible(findTestObject("Transaction/Finance Details/th_Amount")): Object 'Object Repository/Transaction/Finance Details/th_Amount' is visible

2023-07-04 00:40:24 - [MESSAGE][PASSED] - Object 'Object Repository/Transaction/Finance Details/th_Amount' is visible

2023-07-04 00:40:24 - [TEST_STEP][PASSED] - verifyElementVisible(findTestObject("Transaction/Finance Details/th_Before")): Object 'Object Repository/Transaction/Finance Details/th_Before' is visible

2023-07-04 00:40:24 - [MESSAGE][PASSED] - Object 'Object Repository/Transaction/Finance Details/th_Before' is visible

2023-07-04 00:40:24 - [TEST_STEP][PASSED] - verifyElementVisible(findTestObject("Transaction/Finance Details/th_After")): Object 'Object Repository/Transaction/Finance Details/th_After' is visible

2023-07-04 00:40:25 - [MESSAGE][PASSED] - Object 'Object Repository/Transaction/Finance Details/th_After' is visible

2023-07-04 00:40:25 - [TEST_STEP][PASSED] - verifyElementVisible(findTestObject("Transaction/Finance Details/th_Remark")): Object 'Object Repository/Transaction/Finance Details/th_Remark' is visible

2023-07-04 00:40:25 - [MESSAGE][PASSED] - Object 'Object Repository/Transaction/Finance Details/th_Remark' is visible

2023-07-04 00:40:25 - [TEST_STEP][PASSED] - verifyElementVisible(findTestObject("Transaction/Finance Details/th_CoinCash")): Object 'Object Repository/Transaction/Finance Details/th_CoinCash' is visible

2023-07-04 00:40:25 - [MESSAGE][PASSED] - Object 'Object Repository/Transaction/Finance Details/th_CoinCash' is visible

2023-07-04 00:40:25 - [TEST_STEP][PASSED] - verifyElementVisible(findTestObject("Transaction/Finance Details/th_Method")): Object 'Object Repository/Transaction/Finance Details/th_Method' is visible

2023-07-04 00:40:26 - [MESSAGE][PASSED] - Object 'Object Repository/Transaction/Finance Details/th_Method' is visible

2023-07-04 00:40:26 - [TEST_STEP][PASSED] - verifyElementVisible(findTestObject("Transaction/Finance Details/th_IP Address")): Object 'Object Repository/Transaction/Finance Details/th_IP Address' is visible

2023-07-04 00:40:26 - [MESSAGE][PASSED] - Object 'Object Repository/Transaction/Finance Details/th_IP Address' is visible

2023-07-04 00:40:26 - [TEST_STEP][PASSED] - verifyElementVisible(findTestObject("Transaction/Finance Details/th_Time")): Object 'Object Repository/Transaction/Finance Details/th_Time' is visible

2023-07-04 00:40:27 - [MESSAGE][PASSED] - Object 'Object Repository/Transaction/Finance Details/th_Time' is visible

2023-07-04 00:40:27 - [TEST_STEP][PASSED] - verifyElementVisible(findTestObject("Transaction/Finance Details/table_TypeUsername")): Object 'Object Repository/Transaction/Finance Details/table_TypeUsername' is visible

2023-07-04 00:40:27 - [MESSAGE][PASSED] - Object 'Object Repository/Transaction/Finance Details/table_TypeUsername' is visible

2023-07-04 00:40:27 - [TEST_STEP][PASSED] - com.reusableComponent.HighlightElement.run(findTestObject("Transaction/Finance Details/li_Previous")): com.reusableComponent.HighlightElement.run is PASSED

2023-07-04 00:40:28 - [MESSAGE][PASSED] - com.reusableComponent.HighlightElement.run is PASSED

2023-07-04 00:40:28 - [TEST_STEP][PASSED] - com.reusableComponent.HighlightElement.run(findTestObject("Transaction/Finance Details/li_Next")): com.reusableComponent.HighlightElement.run is PASSED

2023-07-04 00:40:28 - [MESSAGE][PASSED] - com.reusableComponent.HighlightElement.run is PASSED

2023-07-04 00:40:28 - [TEST_STEP][PASSED] - verifyElementVisible(findTestObject("Transaction/Finance Details/li_Previous")): Object 'Object Repository/Transaction/Finance Details/li_Previous' is visible

2023-07-04 00:40:29 - [MESSAGE][PASSED] - Object 'Object Repository/Transaction/Finance Details/li_Previous' is visible

2023-07-04 00:40:29 - [TEST_STEP][PASSED] - verifyElementVisible(findTestObject("Transaction/Finance Details/li_Next")): Object 'Object Repository/Transaction/Finance Details/li_Next' is visible

2023-07-04 00:40:29 - [MESSAGE][PASSED] - Object 'Object Repository/Transaction/Finance Details/li_Next' is visible]]></system-out>
         <system-err><![CDATA[]]></system-err>
      </testcase>
      <testcase name="Test Cases/Transaction/Finance Details THB" time="28.343" classname="Test Cases/Transaction/Finance Details THB" status="PASSED">
         <system-out><![CDATA[2023-07-04 00:40:29 - [TEST_CASE][PASSED] - Test Cases/Transaction/Finance Details THB: Test Cases/Transaction/Finance Details THB

2023-07-04 00:40:30 - [TEST_STEP][PASSED] - com.reusableComponent.HighlightElement.run(findTestObject("Transaction/Page_Dashboard/span_Transaction")): com.reusableComponent.HighlightElement.run is PASSED

2023-07-04 00:40:30 - [MESSAGE][PASSED] - com.reusableComponent.HighlightElement.run is PASSED

2023-07-04 00:40:30 - [TEST_STEP][PASSED] - mouseOver(findTestObject("Transaction/Page_Dashboard/span_Transaction")): Object: 'Object Repository/Transaction/Page_Dashboard/span_Transaction' is hovered

2023-07-04 00:40:31 - [MESSAGE][PASSED] - Object: 'Object Repository/Transaction/Page_Dashboard/span_Transaction' is hovered

2023-07-04 00:40:31 - [TEST_STEP][PASSED] - com.reusableComponent.HighlightElement.run(findTestObject("Transaction/Page_Dashboard/span_Finance Details")): com.reusableComponent.HighlightElement.run is PASSED

2023-07-04 00:40:31 - [MESSAGE][PASSED] - com.reusableComponent.HighlightElement.run is PASSED

2023-07-04 00:40:31 - [TEST_STEP][PASSED] - mouseOver(findTestObject("Transaction/Page_Dashboard/span_Finance Details")): Object: 'Object Repository/Transaction/Page_Dashboard/span_Finance Details' is hovered

2023-07-04 00:40:32 - [MESSAGE][PASSED] - Object: 'Object Repository/Transaction/Page_Dashboard/span_Finance Details' is hovered

2023-07-04 00:40:32 - [TEST_STEP][PASSED] - com.reusableComponent.HighlightElement.run(findTestObject("Transaction/Finance Details/span_THB")): com.reusableComponent.HighlightElement.run is PASSED

2023-07-04 00:40:32 - [MESSAGE][PASSED] - com.reusableComponent.HighlightElement.run is PASSED

2023-07-04 00:40:32 - [TEST_STEP][PASSED] - mouseOver(findTestObject("Transaction/Finance Details/span_THB")): Object: 'Object Repository/Transaction/Finance Details/span_THB' is hovered

2023-07-04 00:40:33 - [MESSAGE][PASSED] - Object: 'Object Repository/Transaction/Finance Details/span_THB' is hovered

2023-07-04 00:40:33 - [TEST_STEP][PASSED] - click(findTestObject("Transaction/Finance Details/span_THB")): Object: 'Object Repository/Transaction/Finance Details/span_THB' is clicked on

2023-07-04 00:40:35 - [MESSAGE][PASSED] - Object: 'Object Repository/Transaction/Finance Details/span_THB' is clicked on

2023-07-04 00:40:35 - [TEST_STEP][PASSED] - com.reusableComponent.HighlightElement.run(findTestObject("Transaction/Finance Details/h3_Finance Details")): com.reusableComponent.HighlightElement.run is PASSED

2023-07-04 00:40:36 - [MESSAGE][PASSED] - com.reusableComponent.HighlightElement.run is PASSED

2023-07-04 00:40:36 - [TEST_STEP][PASSED] - com.reusableComponent.HighlightElement.run(findTestObject("Transaction/Finance Details/select_All")): com.reusableComponent.HighlightElement.run is PASSED

2023-07-04 00:40:36 - [MESSAGE][PASSED] - com.reusableComponent.HighlightElement.run is PASSED

2023-07-04 00:40:36 - [TEST_STEP][PASSED] - com.reusableComponent.HighlightElement.run(findTestObject("Transaction/Finance Details/select_All_adjustment")): com.reusableComponent.HighlightElement.run is PASSED

2023-07-04 00:40:37 - [MESSAGE][PASSED] - com.reusableComponent.HighlightElement.run is PASSED

2023-07-04 00:40:37 - [TEST_STEP][PASSED] - com.reusableComponent.HighlightElement.run(findTestObject("Transaction/Finance Details/input_Date Range_form-control date_range")): com.reusableComponent.HighlightElement.run is PASSED

2023-07-04 00:40:37 - [MESSAGE][PASSED] - com.reusableComponent.HighlightElement.run is PASSED

2023-07-04 00:40:37 - [TEST_STEP][PASSED] - com.reusableComponent.HighlightElement.run(findTestObject("Transaction/Finance Details/button_Search")): com.reusableComponent.HighlightElement.run is PASSED

2023-07-04 00:40:38 - [MESSAGE][PASSED] - com.reusableComponent.HighlightElement.run is PASSED

2023-07-04 00:40:38 - [TEST_STEP][PASSED] - verifyElementVisible(findTestObject("Transaction/Finance Details/h3_Finance Details")): Object 'Object Repository/Transaction/Finance Details/h3_Finance Details' is visible

2023-07-04 00:40:38 - [MESSAGE][PASSED] - Object 'Object Repository/Transaction/Finance Details/h3_Finance Details' is visible

2023-07-04 00:40:38 - [TEST_STEP][PASSED] - verifyElementVisible(findTestObject("Transaction/Finance Details/select_All")): Object 'Object Repository/Transaction/Finance Details/select_All' is visible

2023-07-04 00:40:39 - [MESSAGE][PASSED] - Object 'Object Repository/Transaction/Finance Details/select_All' is visible

2023-07-04 00:40:39 - [TEST_STEP][PASSED] - verifyElementVisible(findTestObject("Transaction/Finance Details/select_All_adjustment")): Object 'Object Repository/Transaction/Finance Details/select_All_adjustment' is visible

2023-07-04 00:40:39 - [MESSAGE][PASSED] - Object 'Object Repository/Transaction/Finance Details/select_All_adjustment' is visible

2023-07-04 00:40:39 - [TEST_STEP][PASSED] - verifyElementVisible(findTestObject("Transaction/Finance Details/input_Date Range_form-control date_range")): Object 'Object Repository/Transaction/Finance Details/input_Date Range_form-control date_range' is visible

2023-07-04 00:40:39 - [MESSAGE][PASSED] - Object 'Object Repository/Transaction/Finance Details/input_Date Range_form-control date_range' is visible

2023-07-04 00:40:39 - [TEST_STEP][PASSED] - verifyElementVisible(findTestObject("Transaction/Finance Details/button_Search")): Object 'Object Repository/Transaction/Finance Details/button_Search' is visible

2023-07-04 00:40:40 - [MESSAGE][PASSED] - Object 'Object Repository/Transaction/Finance Details/button_Search' is visible

2023-07-04 00:40:40 - [TEST_STEP][PASSED] - com.reusableComponent.HighlightElement.run(findTestObject("Transaction/Finance Details/select_102550100")): com.reusableComponent.HighlightElement.run is PASSED

2023-07-04 00:40:40 - [MESSAGE][PASSED] - com.reusableComponent.HighlightElement.run is PASSED

2023-07-04 00:40:40 - [TEST_STEP][PASSED] - com.reusableComponent.HighlightElement.run(findTestObject("Transaction/Finance Details/span_Copy")): com.reusableComponent.HighlightElement.run is PASSED

2023-07-04 00:40:41 - [MESSAGE][PASSED] - com.reusableComponent.HighlightElement.run is PASSED

2023-07-04 00:40:41 - [TEST_STEP][PASSED] - com.reusableComponent.HighlightElement.run(findTestObject("Transaction/Finance Details/span_CSV")): com.reusableComponent.HighlightElement.run is PASSED

2023-07-04 00:40:41 - [MESSAGE][PASSED] - com.reusableComponent.HighlightElement.run is PASSED

2023-07-04 00:40:41 - [TEST_STEP][PASSED] - com.reusableComponent.HighlightElement.run(findTestObject("Transaction/Finance Details/span_Excel")): com.reusableComponent.HighlightElement.run is PASSED

2023-07-04 00:40:42 - [MESSAGE][PASSED] - com.reusableComponent.HighlightElement.run is PASSED

2023-07-04 00:40:42 - [TEST_STEP][PASSED] - com.reusableComponent.HighlightElement.run(findTestObject("Transaction/Finance Details/span_PDF")): com.reusableComponent.HighlightElement.run is PASSED

2023-07-04 00:40:42 - [MESSAGE][PASSED] - com.reusableComponent.HighlightElement.run is PASSED

2023-07-04 00:40:42 - [TEST_STEP][PASSED] - com.reusableComponent.HighlightElement.run(findTestObject("Transaction/Finance Details/input_Search_form-control form-control-sm")): com.reusableComponent.HighlightElement.run is PASSED

2023-07-04 00:40:43 - [MESSAGE][PASSED] - com.reusableComponent.HighlightElement.run is PASSED

2023-07-04 00:40:43 - [TEST_STEP][PASSED] - verifyElementVisible(findTestObject("Transaction/Finance Details/select_102550100")): Object 'Object Repository/Transaction/Finance Details/select_102550100' is visible

2023-07-04 00:40:43 - [MESSAGE][PASSED] - Object 'Object Repository/Transaction/Finance Details/select_102550100' is visible

2023-07-04 00:40:43 - [TEST_STEP][PASSED] - verifyElementVisible(findTestObject("Transaction/Finance Details/span_Copy")): Object 'Object Repository/Transaction/Finance Details/span_Copy' is visible

2023-07-04 00:40:44 - [MESSAGE][PASSED] - Object 'Object Repository/Transaction/Finance Details/span_Copy' is visible

2023-07-04 00:40:44 - [TEST_STEP][PASSED] - verifyElementVisible(findTestObject("Transaction/Finance Details/span_CSV")): Object 'Object Repository/Transaction/Finance Details/span_CSV' is visible

2023-07-04 00:40:44 - [MESSAGE][PASSED] - Object 'Object Repository/Transaction/Finance Details/span_CSV' is visible

2023-07-04 00:40:44 - [TEST_STEP][PASSED] - verifyElementVisible(findTestObject("Transaction/Finance Details/span_Excel")): Object 'Object Repository/Transaction/Finance Details/span_Excel' is visible

2023-07-04 00:40:45 - [MESSAGE][PASSED] - Object 'Object Repository/Transaction/Finance Details/span_Excel' is visible

2023-07-04 00:40:45 - [TEST_STEP][PASSED] - verifyElementVisible(findTestObject("Transaction/Finance Details/span_PDF")): Object 'Object Repository/Transaction/Finance Details/span_PDF' is visible

2023-07-04 00:40:45 - [MESSAGE][PASSED] - Object 'Object Repository/Transaction/Finance Details/span_PDF' is visible

2023-07-04 00:40:45 - [TEST_STEP][PASSED] - verifyElementVisible(findTestObject("Transaction/Finance Details/input_Search_form-control form-control-sm")): Object 'Object Repository/Transaction/Finance Details/input_Search_form-control form-control-sm' is visible

2023-07-04 00:40:45 - [MESSAGE][PASSED] - Object 'Object Repository/Transaction/Finance Details/input_Search_form-control form-control-sm' is visible

2023-07-04 00:40:45 - [TEST_STEP][PASSED] - com.reusableComponent.HighlightElement.run(findTestObject("Transaction/Finance Details/th_Type")): com.reusableComponent.HighlightElement.run is PASSED

2023-07-04 00:40:46 - [MESSAGE][PASSED] - com.reusableComponent.HighlightElement.run is PASSED

2023-07-04 00:40:46 - [TEST_STEP][PASSED] - com.reusableComponent.HighlightElement.run(findTestObject("Transaction/Finance Details/th_Username")): com.reusableComponent.HighlightElement.run is PASSED

2023-07-04 00:40:46 - [MESSAGE][PASSED] - com.reusableComponent.HighlightElement.run is PASSED

2023-07-04 00:40:46 - [TEST_STEP][PASSED] - com.reusableComponent.HighlightElement.run(findTestObject("Transaction/Finance Details/th_Currency")): com.reusableComponent.HighlightElement.run is PASSED

2023-07-04 00:40:47 - [MESSAGE][PASSED] - com.reusableComponent.HighlightElement.run is PASSED

2023-07-04 00:40:47 - [TEST_STEP][PASSED] - com.reusableComponent.HighlightElement.run(findTestObject("Transaction/Finance Details/th_Amount")): com.reusableComponent.HighlightElement.run is PASSED

2023-07-04 00:40:47 - [MESSAGE][PASSED] - com.reusableComponent.HighlightElement.run is PASSED

2023-07-04 00:40:47 - [TEST_STEP][PASSED] - com.reusableComponent.HighlightElement.run(findTestObject("Transaction/Finance Details/th_Before")): com.reusableComponent.HighlightElement.run is PASSED

2023-07-04 00:40:48 - [MESSAGE][PASSED] - com.reusableComponent.HighlightElement.run is PASSED

2023-07-04 00:40:48 - [TEST_STEP][PASSED] - com.reusableComponent.HighlightElement.run(findTestObject("Transaction/Finance Details/th_After")): com.reusableComponent.HighlightElement.run is PASSED

2023-07-04 00:40:48 - [MESSAGE][PASSED] - com.reusableComponent.HighlightElement.run is PASSED

2023-07-04 00:40:48 - [TEST_STEP][PASSED] - com.reusableComponent.HighlightElement.run(findTestObject("Transaction/Finance Details/th_Remark")): com.reusableComponent.HighlightElement.run is PASSED

2023-07-04 00:40:48 - [MESSAGE][PASSED] - com.reusableComponent.HighlightElement.run is PASSED

2023-07-04 00:40:48 - [TEST_STEP][PASSED] - com.reusableComponent.HighlightElement.run(findTestObject("Transaction/Finance Details/th_CoinCash")): com.reusableComponent.HighlightElement.run is PASSED

2023-07-04 00:40:49 - [MESSAGE][PASSED] - com.reusableComponent.HighlightElement.run is PASSED

2023-07-04 00:40:49 - [TEST_STEP][PASSED] - com.reusableComponent.HighlightElement.run(findTestObject("Transaction/Finance Details/th_Method")): com.reusableComponent.HighlightElement.run is PASSED

2023-07-04 00:40:49 - [MESSAGE][PASSED] - com.reusableComponent.HighlightElement.run is PASSED

2023-07-04 00:40:49 - [TEST_STEP][PASSED] - com.reusableComponent.HighlightElement.run(findTestObject("Transaction/Finance Details/th_IP Address")): com.reusableComponent.HighlightElement.run is PASSED

2023-07-04 00:40:50 - [MESSAGE][PASSED] - com.reusableComponent.HighlightElement.run is PASSED

2023-07-04 00:40:50 - [TEST_STEP][PASSED] - com.reusableComponent.HighlightElement.run(findTestObject("Transaction/Finance Details/th_Time")): com.reusableComponent.HighlightElement.run is PASSED

2023-07-04 00:40:50 - [MESSAGE][PASSED] - com.reusableComponent.HighlightElement.run is PASSED

2023-07-04 00:40:50 - [TEST_STEP][PASSED] - com.reusableComponent.HighlightElement.run(findTestObject("Transaction/Finance Details/table_TypeUsername")): com.reusableComponent.HighlightElement.run is PASSED

2023-07-04 00:40:51 - [MESSAGE][PASSED] - com.reusableComponent.HighlightElement.run is PASSED

2023-07-04 00:40:51 - [TEST_STEP][PASSED] - verifyElementVisible(findTestObject("Transaction/Finance Details/th_Type")): Object 'Object Repository/Transaction/Finance Details/th_Type' is visible

2023-07-04 00:40:51 - [MESSAGE][PASSED] - Object 'Object Repository/Transaction/Finance Details/th_Type' is visible

2023-07-04 00:40:51 - [TEST_STEP][PASSED] - verifyElementVisible(findTestObject("Transaction/Finance Details/th_Username")): Object 'Object Repository/Transaction/Finance Details/th_Username' is visible

2023-07-04 00:40:51 - [MESSAGE][PASSED] - Object 'Object Repository/Transaction/Finance Details/th_Username' is visible

2023-07-04 00:40:51 - [TEST_STEP][PASSED] - verifyElementVisible(findTestObject("Transaction/Finance Details/th_Currency")): Object 'Object Repository/Transaction/Finance Details/th_Currency' is visible

2023-07-04 00:40:52 - [MESSAGE][PASSED] - Object 'Object Repository/Transaction/Finance Details/th_Currency' is visible

2023-07-04 00:40:52 - [TEST_STEP][PASSED] - verifyElementVisible(findTestObject("Transaction/Finance Details/th_Amount")): Object 'Object Repository/Transaction/Finance Details/th_Amount' is visible

2023-07-04 00:40:52 - [MESSAGE][PASSED] - Object 'Object Repository/Transaction/Finance Details/th_Amount' is visible

2023-07-04 00:40:52 - [TEST_STEP][PASSED] - verifyElementVisible(findTestObject("Transaction/Finance Details/th_Before")): Object 'Object Repository/Transaction/Finance Details/th_Before' is visible

2023-07-04 00:40:53 - [MESSAGE][PASSED] - Object 'Object Repository/Transaction/Finance Details/th_Before' is visible

2023-07-04 00:40:53 - [TEST_STEP][PASSED] - verifyElementVisible(findTestObject("Transaction/Finance Details/th_After")): Object 'Object Repository/Transaction/Finance Details/th_After' is visible

2023-07-04 00:40:53 - [MESSAGE][PASSED] - Object 'Object Repository/Transaction/Finance Details/th_After' is visible

2023-07-04 00:40:53 - [TEST_STEP][PASSED] - verifyElementVisible(findTestObject("Transaction/Finance Details/th_Remark")): Object 'Object Repository/Transaction/Finance Details/th_Remark' is visible

2023-07-04 00:40:53 - [MESSAGE][PASSED] - Object 'Object Repository/Transaction/Finance Details/th_Remark' is visible

2023-07-04 00:40:53 - [TEST_STEP][PASSED] - verifyElementVisible(findTestObject("Transaction/Finance Details/th_CoinCash")): Object 'Object Repository/Transaction/Finance Details/th_CoinCash' is visible

2023-07-04 00:40:54 - [MESSAGE][PASSED] - Object 'Object Repository/Transaction/Finance Details/th_CoinCash' is visible

2023-07-04 00:40:54 - [TEST_STEP][PASSED] - verifyElementVisible(findTestObject("Transaction/Finance Details/th_Method")): Object 'Object Repository/Transaction/Finance Details/th_Method' is visible

2023-07-04 00:40:54 - [MESSAGE][PASSED] - Object 'Object Repository/Transaction/Finance Details/th_Method' is visible

2023-07-04 00:40:54 - [TEST_STEP][PASSED] - verifyElementVisible(findTestObject("Transaction/Finance Details/th_IP Address")): Object 'Object Repository/Transaction/Finance Details/th_IP Address' is visible

2023-07-04 00:40:55 - [MESSAGE][PASSED] - Object 'Object Repository/Transaction/Finance Details/th_IP Address' is visible

2023-07-04 00:40:55 - [TEST_STEP][PASSED] - verifyElementVisible(findTestObject("Transaction/Finance Details/th_Time")): Object 'Object Repository/Transaction/Finance Details/th_Time' is visible

2023-07-04 00:40:55 - [MESSAGE][PASSED] - Object 'Object Repository/Transaction/Finance Details/th_Time' is visible

2023-07-04 00:40:55 - [TEST_STEP][PASSED] - verifyElementVisible(findTestObject("Transaction/Finance Details/table_TypeUsername")): Object 'Object Repository/Transaction/Finance Details/table_TypeUsername' is visible

2023-07-04 00:40:55 - [MESSAGE][PASSED] - Object 'Object Repository/Transaction/Finance Details/table_TypeUsername' is visible

2023-07-04 00:40:55 - [TEST_STEP][PASSED] - com.reusableComponent.HighlightElement.run(findTestObject("Transaction/Finance Details/li_Previous")): com.reusableComponent.HighlightElement.run is PASSED

2023-07-04 00:40:56 - [MESSAGE][PASSED] - com.reusableComponent.HighlightElement.run is PASSED

2023-07-04 00:40:56 - [TEST_STEP][PASSED] - com.reusableComponent.HighlightElement.run(findTestObject("Transaction/Finance Details/li_Next")): com.reusableComponent.HighlightElement.run is PASSED

2023-07-04 00:40:56 - [MESSAGE][PASSED] - com.reusableComponent.HighlightElement.run is PASSED

2023-07-04 00:40:56 - [TEST_STEP][PASSED] - verifyElementVisible(findTestObject("Transaction/Finance Details/li_Previous")): Object 'Object Repository/Transaction/Finance Details/li_Previous' is visible

2023-07-04 00:40:57 - [MESSAGE][PASSED] - Object 'Object Repository/Transaction/Finance Details/li_Previous' is visible

2023-07-04 00:40:57 - [TEST_STEP][PASSED] - verifyElementVisible(findTestObject("Transaction/Finance Details/li_Next")): Object 'Object Repository/Transaction/Finance Details/li_Next' is visible

2023-07-04 00:40:57 - [MESSAGE][PASSED] - Object 'Object Repository/Transaction/Finance Details/li_Next' is visible]]></system-out>
         <system-err><![CDATA[]]></system-err>
      </testcase>
      <testcase name="Test Cases/Transaction/Finance Details IDR" time="28.694" classname="Test Cases/Transaction/Finance Details IDR" status="PASSED">
         <system-out><![CDATA[2023-07-04 00:40:57 - [TEST_CASE][PASSED] - Test Cases/Transaction/Finance Details IDR: Test Cases/Transaction/Finance Details IDR

2023-07-04 00:40:58 - [TEST_STEP][PASSED] - com.reusableComponent.HighlightElement.run(findTestObject("Transaction/Page_Dashboard/span_Transaction")): com.reusableComponent.HighlightElement.run is PASSED

2023-07-04 00:40:58 - [MESSAGE][PASSED] - com.reusableComponent.HighlightElement.run is PASSED

2023-07-04 00:40:58 - [TEST_STEP][PASSED] - mouseOver(findTestObject("Transaction/Page_Dashboard/span_Transaction")): Object: 'Object Repository/Transaction/Page_Dashboard/span_Transaction' is hovered

2023-07-04 00:40:59 - [MESSAGE][PASSED] - Object: 'Object Repository/Transaction/Page_Dashboard/span_Transaction' is hovered

2023-07-04 00:40:59 - [TEST_STEP][PASSED] - com.reusableComponent.HighlightElement.run(findTestObject("Transaction/Page_Dashboard/span_Finance Details")): com.reusableComponent.HighlightElement.run is PASSED

2023-07-04 00:40:59 - [MESSAGE][PASSED] - com.reusableComponent.HighlightElement.run is PASSED

2023-07-04 00:40:59 - [TEST_STEP][PASSED] - mouseOver(findTestObject("Transaction/Page_Dashboard/span_Finance Details")): Object: 'Object Repository/Transaction/Page_Dashboard/span_Finance Details' is hovered

2023-07-04 00:41:00 - [MESSAGE][PASSED] - Object: 'Object Repository/Transaction/Page_Dashboard/span_Finance Details' is hovered

2023-07-04 00:41:00 - [TEST_STEP][PASSED] - com.reusableComponent.HighlightElement.run(findTestObject("Transaction/Finance Details/span_IDR")): com.reusableComponent.HighlightElement.run is PASSED

2023-07-04 00:41:00 - [MESSAGE][PASSED] - com.reusableComponent.HighlightElement.run is PASSED

2023-07-04 00:41:00 - [TEST_STEP][PASSED] - mouseOver(findTestObject("Transaction/Finance Details/span_IDR")): Object: 'Object Repository/Transaction/Finance Details/span_IDR' is hovered

2023-07-04 00:41:01 - [MESSAGE][PASSED] - Object: 'Object Repository/Transaction/Finance Details/span_IDR' is hovered

2023-07-04 00:41:01 - [TEST_STEP][PASSED] - click(findTestObject("Transaction/Finance Details/span_IDR")): Object: 'Object Repository/Transaction/Finance Details/span_IDR' is clicked on

2023-07-04 00:41:03 - [MESSAGE][PASSED] - Object: 'Object Repository/Transaction/Finance Details/span_IDR' is clicked on

2023-07-04 00:41:03 - [TEST_STEP][PASSED] - com.reusableComponent.HighlightElement.run(findTestObject("Transaction/Finance Details/h3_Finance Details")): com.reusableComponent.HighlightElement.run is PASSED

2023-07-04 00:41:04 - [MESSAGE][PASSED] - com.reusableComponent.HighlightElement.run is PASSED

2023-07-04 00:41:04 - [TEST_STEP][PASSED] - com.reusableComponent.HighlightElement.run(findTestObject("Transaction/Finance Details/select_All")): com.reusableComponent.HighlightElement.run is PASSED

2023-07-04 00:41:05 - [MESSAGE][PASSED] - com.reusableComponent.HighlightElement.run is PASSED

2023-07-04 00:41:05 - [TEST_STEP][PASSED] - com.reusableComponent.HighlightElement.run(findTestObject("Transaction/Finance Details/select_All_adjustment")): com.reusableComponent.HighlightElement.run is PASSED

2023-07-04 00:41:05 - [MESSAGE][PASSED] - com.reusableComponent.HighlightElement.run is PASSED

2023-07-04 00:41:05 - [TEST_STEP][PASSED] - com.reusableComponent.HighlightElement.run(findTestObject("Transaction/Finance Details/input_Date Range_form-control date_range")): com.reusableComponent.HighlightElement.run is PASSED

2023-07-04 00:41:06 - [MESSAGE][PASSED] - com.reusableComponent.HighlightElement.run is PASSED

2023-07-04 00:41:06 - [TEST_STEP][PASSED] - com.reusableComponent.HighlightElement.run(findTestObject("Transaction/Finance Details/button_Search")): com.reusableComponent.HighlightElement.run is PASSED

2023-07-04 00:41:06 - [MESSAGE][PASSED] - com.reusableComponent.HighlightElement.run is PASSED

2023-07-04 00:41:06 - [TEST_STEP][PASSED] - verifyElementVisible(findTestObject("Transaction/Finance Details/h3_Finance Details")): Object 'Object Repository/Transaction/Finance Details/h3_Finance Details' is visible

2023-07-04 00:41:07 - [MESSAGE][PASSED] - Object 'Object Repository/Transaction/Finance Details/h3_Finance Details' is visible

2023-07-04 00:41:07 - [TEST_STEP][PASSED] - verifyElementVisible(findTestObject("Transaction/Finance Details/select_All")): Object 'Object Repository/Transaction/Finance Details/select_All' is visible

2023-07-04 00:41:07 - [MESSAGE][PASSED] - Object 'Object Repository/Transaction/Finance Details/select_All' is visible

2023-07-04 00:41:07 - [TEST_STEP][PASSED] - verifyElementVisible(findTestObject("Transaction/Finance Details/select_All_adjustment")): Object 'Object Repository/Transaction/Finance Details/select_All_adjustment' is visible

2023-07-04 00:41:07 - [MESSAGE][PASSED] - Object 'Object Repository/Transaction/Finance Details/select_All_adjustment' is visible

2023-07-04 00:41:07 - [TEST_STEP][PASSED] - verifyElementVisible(findTestObject("Transaction/Finance Details/input_Date Range_form-control date_range")): Object 'Object Repository/Transaction/Finance Details/input_Date Range_form-control date_range' is visible

2023-07-04 00:41:08 - [MESSAGE][PASSED] - Object 'Object Repository/Transaction/Finance Details/input_Date Range_form-control date_range' is visible

2023-07-04 00:41:08 - [TEST_STEP][PASSED] - verifyElementVisible(findTestObject("Transaction/Finance Details/button_Search")): Object 'Object Repository/Transaction/Finance Details/button_Search' is visible

2023-07-04 00:41:08 - [MESSAGE][PASSED] - Object 'Object Repository/Transaction/Finance Details/button_Search' is visible

2023-07-04 00:41:08 - [TEST_STEP][PASSED] - com.reusableComponent.HighlightElement.run(findTestObject("Transaction/Finance Details/select_102550100")): com.reusableComponent.HighlightElement.run is PASSED

2023-07-04 00:41:09 - [MESSAGE][PASSED] - com.reusableComponent.HighlightElement.run is PASSED

2023-07-04 00:41:09 - [TEST_STEP][PASSED] - com.reusableComponent.HighlightElement.run(findTestObject("Transaction/Finance Details/span_Copy")): com.reusableComponent.HighlightElement.run is PASSED

2023-07-04 00:41:09 - [MESSAGE][PASSED] - com.reusableComponent.HighlightElement.run is PASSED

2023-07-04 00:41:09 - [TEST_STEP][PASSED] - com.reusableComponent.HighlightElement.run(findTestObject("Transaction/Finance Details/span_CSV")): com.reusableComponent.HighlightElement.run is PASSED

2023-07-04 00:41:10 - [MESSAGE][PASSED] - com.reusableComponent.HighlightElement.run is PASSED

2023-07-04 00:41:10 - [TEST_STEP][PASSED] - com.reusableComponent.HighlightElement.run(findTestObject("Transaction/Finance Details/span_Excel")): com.reusableComponent.HighlightElement.run is PASSED

2023-07-04 00:41:10 - [MESSAGE][PASSED] - com.reusableComponent.HighlightElement.run is PASSED

2023-07-04 00:41:10 - [TEST_STEP][PASSED] - com.reusableComponent.HighlightElement.run(findTestObject("Transaction/Finance Details/span_PDF")): com.reusableComponent.HighlightElement.run is PASSED

2023-07-04 00:41:11 - [MESSAGE][PASSED] - com.reusableComponent.HighlightElement.run is PASSED

2023-07-04 00:41:11 - [TEST_STEP][PASSED] - com.reusableComponent.HighlightElement.run(findTestObject("Transaction/Finance Details/input_Search_form-control form-control-sm")): com.reusableComponent.HighlightElement.run is PASSED

2023-07-04 00:41:11 - [MESSAGE][PASSED] - com.reusableComponent.HighlightElement.run is PASSED

2023-07-04 00:41:11 - [TEST_STEP][PASSED] - verifyElementVisible(findTestObject("Transaction/Finance Details/select_102550100")): Object 'Object Repository/Transaction/Finance Details/select_102550100' is visible

2023-07-04 00:41:12 - [MESSAGE][PASSED] - Object 'Object Repository/Transaction/Finance Details/select_102550100' is visible

2023-07-04 00:41:12 - [TEST_STEP][PASSED] - verifyElementVisible(findTestObject("Transaction/Finance Details/span_Copy")): Object 'Object Repository/Transaction/Finance Details/span_Copy' is visible

2023-07-04 00:41:12 - [MESSAGE][PASSED] - Object 'Object Repository/Transaction/Finance Details/span_Copy' is visible

2023-07-04 00:41:12 - [TEST_STEP][PASSED] - verifyElementVisible(findTestObject("Transaction/Finance Details/span_CSV")): Object 'Object Repository/Transaction/Finance Details/span_CSV' is visible

2023-07-04 00:41:13 - [MESSAGE][PASSED] - Object 'Object Repository/Transaction/Finance Details/span_CSV' is visible

2023-07-04 00:41:13 - [TEST_STEP][PASSED] - verifyElementVisible(findTestObject("Transaction/Finance Details/span_Excel")): Object 'Object Repository/Transaction/Finance Details/span_Excel' is visible

2023-07-04 00:41:13 - [MESSAGE][PASSED] - Object 'Object Repository/Transaction/Finance Details/span_Excel' is visible

2023-07-04 00:41:13 - [TEST_STEP][PASSED] - verifyElementVisible(findTestObject("Transaction/Finance Details/span_PDF")): Object 'Object Repository/Transaction/Finance Details/span_PDF' is visible

2023-07-04 00:41:13 - [MESSAGE][PASSED] - Object 'Object Repository/Transaction/Finance Details/span_PDF' is visible

2023-07-04 00:41:13 - [TEST_STEP][PASSED] - verifyElementVisible(findTestObject("Transaction/Finance Details/input_Search_form-control form-control-sm")): Object 'Object Repository/Transaction/Finance Details/input_Search_form-control form-control-sm' is visible

2023-07-04 00:41:14 - [MESSAGE][PASSED] - Object 'Object Repository/Transaction/Finance Details/input_Search_form-control form-control-sm' is visible

2023-07-04 00:41:14 - [TEST_STEP][PASSED] - com.reusableComponent.HighlightElement.run(findTestObject("Transaction/Finance Details/th_Type")): com.reusableComponent.HighlightElement.run is PASSED

2023-07-04 00:41:14 - [MESSAGE][PASSED] - com.reusableComponent.HighlightElement.run is PASSED

2023-07-04 00:41:14 - [TEST_STEP][PASSED] - com.reusableComponent.HighlightElement.run(findTestObject("Transaction/Finance Details/th_Username")): com.reusableComponent.HighlightElement.run is PASSED

2023-07-04 00:41:15 - [MESSAGE][PASSED] - com.reusableComponent.HighlightElement.run is PASSED

2023-07-04 00:41:15 - [TEST_STEP][PASSED] - com.reusableComponent.HighlightElement.run(findTestObject("Transaction/Finance Details/th_Currency")): com.reusableComponent.HighlightElement.run is PASSED

2023-07-04 00:41:15 - [MESSAGE][PASSED] - com.reusableComponent.HighlightElement.run is PASSED

2023-07-04 00:41:15 - [TEST_STEP][PASSED] - com.reusableComponent.HighlightElement.run(findTestObject("Transaction/Finance Details/th_Amount")): com.reusableComponent.HighlightElement.run is PASSED

2023-07-04 00:41:16 - [MESSAGE][PASSED] - com.reusableComponent.HighlightElement.run is PASSED

2023-07-04 00:41:16 - [TEST_STEP][PASSED] - com.reusableComponent.HighlightElement.run(findTestObject("Transaction/Finance Details/th_Before")): com.reusableComponent.HighlightElement.run is PASSED

2023-07-04 00:41:16 - [MESSAGE][PASSED] - com.reusableComponent.HighlightElement.run is PASSED

2023-07-04 00:41:16 - [TEST_STEP][PASSED] - com.reusableComponent.HighlightElement.run(findTestObject("Transaction/Finance Details/th_After")): com.reusableComponent.HighlightElement.run is PASSED

2023-07-04 00:41:17 - [MESSAGE][PASSED] - com.reusableComponent.HighlightElement.run is PASSED

2023-07-04 00:41:17 - [TEST_STEP][PASSED] - com.reusableComponent.HighlightElement.run(findTestObject("Transaction/Finance Details/th_Remark")): com.reusableComponent.HighlightElement.run is PASSED

2023-07-04 00:41:17 - [MESSAGE][PASSED] - com.reusableComponent.HighlightElement.run is PASSED

2023-07-04 00:41:17 - [TEST_STEP][PASSED] - com.reusableComponent.HighlightElement.run(findTestObject("Transaction/Finance Details/th_CoinCash")): com.reusableComponent.HighlightElement.run is PASSED

2023-07-04 00:41:17 - [MESSAGE][PASSED] - com.reusableComponent.HighlightElement.run is PASSED

2023-07-04 00:41:17 - [TEST_STEP][PASSED] - com.reusableComponent.HighlightElement.run(findTestObject("Transaction/Finance Details/th_Method")): com.reusableComponent.HighlightElement.run is PASSED

2023-07-04 00:41:18 - [MESSAGE][PASSED] - com.reusableComponent.HighlightElement.run is PASSED

2023-07-04 00:41:18 - [TEST_STEP][PASSED] - com.reusableComponent.HighlightElement.run(findTestObject("Transaction/Finance Details/th_IP Address")): com.reusableComponent.HighlightElement.run is PASSED

2023-07-04 00:41:18 - [MESSAGE][PASSED] - com.reusableComponent.HighlightElement.run is PASSED

2023-07-04 00:41:18 - [TEST_STEP][PASSED] - com.reusableComponent.HighlightElement.run(findTestObject("Transaction/Finance Details/th_Time")): com.reusableComponent.HighlightElement.run is PASSED

2023-07-04 00:41:19 - [MESSAGE][PASSED] - com.reusableComponent.HighlightElement.run is PASSED

2023-07-04 00:41:19 - [TEST_STEP][PASSED] - com.reusableComponent.HighlightElement.run(findTestObject("Transaction/Finance Details/table_TypeUsername")): com.reusableComponent.HighlightElement.run is PASSED

2023-07-04 00:41:19 - [MESSAGE][PASSED] - com.reusableComponent.HighlightElement.run is PASSED

2023-07-04 00:41:19 - [TEST_STEP][PASSED] - verifyElementVisible(findTestObject("Transaction/Finance Details/th_Type")): Object 'Object Repository/Transaction/Finance Details/th_Type' is visible

2023-07-04 00:41:20 - [MESSAGE][PASSED] - Object 'Object Repository/Transaction/Finance Details/th_Type' is visible

2023-07-04 00:41:20 - [TEST_STEP][PASSED] - verifyElementVisible(findTestObject("Transaction/Finance Details/th_Username")): Object 'Object Repository/Transaction/Finance Details/th_Username' is visible

2023-07-04 00:41:20 - [MESSAGE][PASSED] - Object 'Object Repository/Transaction/Finance Details/th_Username' is visible

2023-07-04 00:41:20 - [TEST_STEP][PASSED] - verifyElementVisible(findTestObject("Transaction/Finance Details/th_Currency")): Object 'Object Repository/Transaction/Finance Details/th_Currency' is visible

2023-07-04 00:41:20 - [MESSAGE][PASSED] - Object 'Object Repository/Transaction/Finance Details/th_Currency' is visible

2023-07-04 00:41:20 - [TEST_STEP][PASSED] - verifyElementVisible(findTestObject("Transaction/Finance Details/th_Amount")): Object 'Object Repository/Transaction/Finance Details/th_Amount' is visible

2023-07-04 00:41:21 - [MESSAGE][PASSED] - Object 'Object Repository/Transaction/Finance Details/th_Amount' is visible

2023-07-04 00:41:21 - [TEST_STEP][PASSED] - verifyElementVisible(findTestObject("Transaction/Finance Details/th_Before")): Object 'Object Repository/Transaction/Finance Details/th_Before' is visible

2023-07-04 00:41:21 - [MESSAGE][PASSED] - Object 'Object Repository/Transaction/Finance Details/th_Before' is visible

2023-07-04 00:41:21 - [TEST_STEP][PASSED] - verifyElementVisible(findTestObject("Transaction/Finance Details/th_After")): Object 'Object Repository/Transaction/Finance Details/th_After' is visible

2023-07-04 00:41:22 - [MESSAGE][PASSED] - Object 'Object Repository/Transaction/Finance Details/th_After' is visible

2023-07-04 00:41:22 - [TEST_STEP][PASSED] - verifyElementVisible(findTestObject("Transaction/Finance Details/th_Remark")): Object 'Object Repository/Transaction/Finance Details/th_Remark' is visible

2023-07-04 00:41:22 - [MESSAGE][PASSED] - Object 'Object Repository/Transaction/Finance Details/th_Remark' is visible

2023-07-04 00:41:22 - [TEST_STEP][PASSED] - verifyElementVisible(findTestObject("Transaction/Finance Details/th_CoinCash")): Object 'Object Repository/Transaction/Finance Details/th_CoinCash' is visible

2023-07-04 00:41:22 - [MESSAGE][PASSED] - Object 'Object Repository/Transaction/Finance Details/th_CoinCash' is visible

2023-07-04 00:41:22 - [TEST_STEP][PASSED] - verifyElementVisible(findTestObject("Transaction/Finance Details/th_Method")): Object 'Object Repository/Transaction/Finance Details/th_Method' is visible

2023-07-04 00:41:23 - [MESSAGE][PASSED] - Object 'Object Repository/Transaction/Finance Details/th_Method' is visible

2023-07-04 00:41:23 - [TEST_STEP][PASSED] - verifyElementVisible(findTestObject("Transaction/Finance Details/th_IP Address")): Object 'Object Repository/Transaction/Finance Details/th_IP Address' is visible

2023-07-04 00:41:23 - [MESSAGE][PASSED] - Object 'Object Repository/Transaction/Finance Details/th_IP Address' is visible

2023-07-04 00:41:23 - [TEST_STEP][PASSED] - verifyElementVisible(findTestObject("Transaction/Finance Details/th_Time")): Object 'Object Repository/Transaction/Finance Details/th_Time' is visible

2023-07-04 00:41:24 - [MESSAGE][PASSED] - Object 'Object Repository/Transaction/Finance Details/th_Time' is visible

2023-07-04 00:41:24 - [TEST_STEP][PASSED] - verifyElementVisible(findTestObject("Transaction/Finance Details/table_TypeUsername")): Object 'Object Repository/Transaction/Finance Details/table_TypeUsername' is visible

2023-07-04 00:41:24 - [MESSAGE][PASSED] - Object 'Object Repository/Transaction/Finance Details/table_TypeUsername' is visible

2023-07-04 00:41:24 - [TEST_STEP][PASSED] - com.reusableComponent.HighlightElement.run(findTestObject("Transaction/Finance Details/li_Previous")): com.reusableComponent.HighlightElement.run is PASSED

2023-07-04 00:41:25 - [MESSAGE][PASSED] - com.reusableComponent.HighlightElement.run is PASSED

2023-07-04 00:41:25 - [TEST_STEP][PASSED] - com.reusableComponent.HighlightElement.run(findTestObject("Transaction/Finance Details/li_Next")): com.reusableComponent.HighlightElement.run is PASSED

2023-07-04 00:41:25 - [MESSAGE][PASSED] - com.reusableComponent.HighlightElement.run is PASSED

2023-07-04 00:41:25 - [TEST_STEP][PASSED] - verifyElementVisible(findTestObject("Transaction/Finance Details/li_Previous")): Object 'Object Repository/Transaction/Finance Details/li_Previous' is visible

2023-07-04 00:41:26 - [MESSAGE][PASSED] - Object 'Object Repository/Transaction/Finance Details/li_Previous' is visible

2023-07-04 00:41:26 - [TEST_STEP][PASSED] - verifyElementVisible(findTestObject("Transaction/Finance Details/li_Next")): Object 'Object Repository/Transaction/Finance Details/li_Next' is visible

2023-07-04 00:41:26 - [MESSAGE][PASSED] - Object 'Object Repository/Transaction/Finance Details/li_Next' is visible]]></system-out>
         <system-err><![CDATA[]]></system-err>
      </testcase>
      <testcase name="Test Cases/Transaction/Finance Details MMK" time="28.223" classname="Test Cases/Transaction/Finance Details MMK" status="PASSED">
         <system-out><![CDATA[2023-07-04 00:41:26 - [TEST_CASE][PASSED] - Test Cases/Transaction/Finance Details MMK: Test Cases/Transaction/Finance Details MMK

2023-07-04 00:41:26 - [TEST_STEP][PASSED] - com.reusableComponent.HighlightElement.run(findTestObject("Transaction/Page_Dashboard/span_Transaction")): com.reusableComponent.HighlightElement.run is PASSED

2023-07-04 00:41:27 - [MESSAGE][PASSED] - com.reusableComponent.HighlightElement.run is PASSED

2023-07-04 00:41:27 - [TEST_STEP][PASSED] - mouseOver(findTestObject("Transaction/Page_Dashboard/span_Transaction")): Object: 'Object Repository/Transaction/Page_Dashboard/span_Transaction' is hovered

2023-07-04 00:41:27 - [MESSAGE][PASSED] - Object: 'Object Repository/Transaction/Page_Dashboard/span_Transaction' is hovered

2023-07-04 00:41:27 - [TEST_STEP][PASSED] - com.reusableComponent.HighlightElement.run(findTestObject("Transaction/Page_Dashboard/span_Finance Details")): com.reusableComponent.HighlightElement.run is PASSED

2023-07-04 00:41:28 - [MESSAGE][PASSED] - com.reusableComponent.HighlightElement.run is PASSED

2023-07-04 00:41:28 - [TEST_STEP][PASSED] - mouseOver(findTestObject("Transaction/Page_Dashboard/span_Finance Details")): Object: 'Object Repository/Transaction/Page_Dashboard/span_Finance Details' is hovered

2023-07-04 00:41:29 - [MESSAGE][PASSED] - Object: 'Object Repository/Transaction/Page_Dashboard/span_Finance Details' is hovered

2023-07-04 00:41:29 - [TEST_STEP][PASSED] - com.reusableComponent.HighlightElement.run(findTestObject("Transaction/Finance Details/span_MMK")): com.reusableComponent.HighlightElement.run is PASSED

2023-07-04 00:41:29 - [MESSAGE][PASSED] - com.reusableComponent.HighlightElement.run is PASSED

2023-07-04 00:41:29 - [TEST_STEP][PASSED] - mouseOver(findTestObject("Transaction/Finance Details/span_MMK")): Object: 'Object Repository/Transaction/Finance Details/span_MMK' is hovered

2023-07-04 00:41:30 - [MESSAGE][PASSED] - Object: 'Object Repository/Transaction/Finance Details/span_MMK' is hovered

2023-07-04 00:41:30 - [TEST_STEP][PASSED] - click(findTestObject("Transaction/Finance Details/span_MMK")): Object: 'Object Repository/Transaction/Finance Details/span_MMK' is clicked on

2023-07-04 00:41:32 - [MESSAGE][PASSED] - Object: 'Object Repository/Transaction/Finance Details/span_MMK' is clicked on

2023-07-04 00:41:32 - [TEST_STEP][PASSED] - com.reusableComponent.HighlightElement.run(findTestObject("Transaction/Finance Details/h3_Finance Details")): com.reusableComponent.HighlightElement.run is PASSED

2023-07-04 00:41:33 - [MESSAGE][PASSED] - com.reusableComponent.HighlightElement.run is PASSED

2023-07-04 00:41:33 - [TEST_STEP][PASSED] - com.reusableComponent.HighlightElement.run(findTestObject("Transaction/Finance Details/select_All")): com.reusableComponent.HighlightElement.run is PASSED

2023-07-04 00:41:33 - [MESSAGE][PASSED] - com.reusableComponent.HighlightElement.run is PASSED

2023-07-04 00:41:33 - [TEST_STEP][PASSED] - com.reusableComponent.HighlightElement.run(findTestObject("Transaction/Finance Details/select_All_adjustment")): com.reusableComponent.HighlightElement.run is PASSED

2023-07-04 00:41:34 - [MESSAGE][PASSED] - com.reusableComponent.HighlightElement.run is PASSED

2023-07-04 00:41:34 - [TEST_STEP][PASSED] - com.reusableComponent.HighlightElement.run(findTestObject("Transaction/Finance Details/input_Date Range_form-control date_range")): com.reusableComponent.HighlightElement.run is PASSED

2023-07-04 00:41:34 - [MESSAGE][PASSED] - com.reusableComponent.HighlightElement.run is PASSED

2023-07-04 00:41:34 - [TEST_STEP][PASSED] - com.reusableComponent.HighlightElement.run(findTestObject("Transaction/Finance Details/button_Search")): com.reusableComponent.HighlightElement.run is PASSED

2023-07-04 00:41:35 - [MESSAGE][PASSED] - com.reusableComponent.HighlightElement.run is PASSED

2023-07-04 00:41:35 - [TEST_STEP][PASSED] - verifyElementVisible(findTestObject("Transaction/Finance Details/h3_Finance Details")): Object 'Object Repository/Transaction/Finance Details/h3_Finance Details' is visible

2023-07-04 00:41:35 - [MESSAGE][PASSED] - Object 'Object Repository/Transaction/Finance Details/h3_Finance Details' is visible

2023-07-04 00:41:35 - [TEST_STEP][PASSED] - verifyElementVisible(findTestObject("Transaction/Finance Details/select_All")): Object 'Object Repository/Transaction/Finance Details/select_All' is visible

2023-07-04 00:41:36 - [MESSAGE][PASSED] - Object 'Object Repository/Transaction/Finance Details/select_All' is visible

2023-07-04 00:41:36 - [TEST_STEP][PASSED] - verifyElementVisible(findTestObject("Transaction/Finance Details/select_All_adjustment")): Object 'Object Repository/Transaction/Finance Details/select_All_adjustment' is visible

2023-07-04 00:41:36 - [MESSAGE][PASSED] - Object 'Object Repository/Transaction/Finance Details/select_All_adjustment' is visible

2023-07-04 00:41:36 - [TEST_STEP][PASSED] - verifyElementVisible(findTestObject("Transaction/Finance Details/input_Date Range_form-control date_range")): Object 'Object Repository/Transaction/Finance Details/input_Date Range_form-control date_range' is visible

2023-07-04 00:41:36 - [MESSAGE][PASSED] - Object 'Object Repository/Transaction/Finance Details/input_Date Range_form-control date_range' is visible

2023-07-04 00:41:36 - [TEST_STEP][PASSED] - verifyElementVisible(findTestObject("Transaction/Finance Details/button_Search")): Object 'Object Repository/Transaction/Finance Details/button_Search' is visible

2023-07-04 00:41:37 - [MESSAGE][PASSED] - Object 'Object Repository/Transaction/Finance Details/button_Search' is visible

2023-07-04 00:41:37 - [TEST_STEP][PASSED] - com.reusableComponent.HighlightElement.run(findTestObject("Transaction/Finance Details/select_102550100")): com.reusableComponent.HighlightElement.run is PASSED

2023-07-04 00:41:37 - [MESSAGE][PASSED] - com.reusableComponent.HighlightElement.run is PASSED

2023-07-04 00:41:37 - [TEST_STEP][PASSED] - com.reusableComponent.HighlightElement.run(findTestObject("Transaction/Finance Details/span_Copy")): com.reusableComponent.HighlightElement.run is PASSED

2023-07-04 00:41:38 - [MESSAGE][PASSED] - com.reusableComponent.HighlightElement.run is PASSED

2023-07-04 00:41:38 - [TEST_STEP][PASSED] - com.reusableComponent.HighlightElement.run(findTestObject("Transaction/Finance Details/span_CSV")): com.reusableComponent.HighlightElement.run is PASSED

2023-07-04 00:41:38 - [MESSAGE][PASSED] - com.reusableComponent.HighlightElement.run is PASSED

2023-07-04 00:41:38 - [TEST_STEP][PASSED] - com.reusableComponent.HighlightElement.run(findTestObject("Transaction/Finance Details/span_Excel")): com.reusableComponent.HighlightElement.run is PASSED

2023-07-04 00:41:39 - [MESSAGE][PASSED] - com.reusableComponent.HighlightElement.run is PASSED

2023-07-04 00:41:39 - [TEST_STEP][PASSED] - com.reusableComponent.HighlightElement.run(findTestObject("Transaction/Finance Details/span_PDF")): com.reusableComponent.HighlightElement.run is PASSED

2023-07-04 00:41:39 - [MESSAGE][PASSED] - com.reusableComponent.HighlightElement.run is PASSED

2023-07-04 00:41:39 - [TEST_STEP][PASSED] - com.reusableComponent.HighlightElement.run(findTestObject("Transaction/Finance Details/input_Search_form-control form-control-sm")): com.reusableComponent.HighlightElement.run is PASSED

2023-07-04 00:41:40 - [MESSAGE][PASSED] - com.reusableComponent.HighlightElement.run is PASSED

2023-07-04 00:41:40 - [TEST_STEP][PASSED] - verifyElementVisible(findTestObject("Transaction/Finance Details/select_102550100")): Object 'Object Repository/Transaction/Finance Details/select_102550100' is visible

2023-07-04 00:41:40 - [MESSAGE][PASSED] - Object 'Object Repository/Transaction/Finance Details/select_102550100' is visible

2023-07-04 00:41:40 - [TEST_STEP][PASSED] - verifyElementVisible(findTestObject("Transaction/Finance Details/span_Copy")): Object 'Object Repository/Transaction/Finance Details/span_Copy' is visible

2023-07-04 00:41:41 - [MESSAGE][PASSED] - Object 'Object Repository/Transaction/Finance Details/span_Copy' is visible

2023-07-04 00:41:41 - [TEST_STEP][PASSED] - verifyElementVisible(findTestObject("Transaction/Finance Details/span_CSV")): Object 'Object Repository/Transaction/Finance Details/span_CSV' is visible

2023-07-04 00:41:41 - [MESSAGE][PASSED] - Object 'Object Repository/Transaction/Finance Details/span_CSV' is visible

2023-07-04 00:41:41 - [TEST_STEP][PASSED] - verifyElementVisible(findTestObject("Transaction/Finance Details/span_Excel")): Object 'Object Repository/Transaction/Finance Details/span_Excel' is visible

2023-07-04 00:41:41 - [MESSAGE][PASSED] - Object 'Object Repository/Transaction/Finance Details/span_Excel' is visible

2023-07-04 00:41:41 - [TEST_STEP][PASSED] - verifyElementVisible(findTestObject("Transaction/Finance Details/span_PDF")): Object 'Object Repository/Transaction/Finance Details/span_PDF' is visible

2023-07-04 00:41:42 - [MESSAGE][PASSED] - Object 'Object Repository/Transaction/Finance Details/span_PDF' is visible

2023-07-04 00:41:42 - [TEST_STEP][PASSED] - verifyElementVisible(findTestObject("Transaction/Finance Details/input_Search_form-control form-control-sm")): Object 'Object Repository/Transaction/Finance Details/input_Search_form-control form-control-sm' is visible

2023-07-04 00:41:42 - [MESSAGE][PASSED] - Object 'Object Repository/Transaction/Finance Details/input_Search_form-control form-control-sm' is visible

2023-07-04 00:41:42 - [TEST_STEP][PASSED] - com.reusableComponent.HighlightElement.run(findTestObject("Transaction/Finance Details/th_Type")): com.reusableComponent.HighlightElement.run is PASSED

2023-07-04 00:41:43 - [MESSAGE][PASSED] - com.reusableComponent.HighlightElement.run is PASSED

2023-07-04 00:41:43 - [TEST_STEP][PASSED] - com.reusableComponent.HighlightElement.run(findTestObject("Transaction/Finance Details/th_Username")): com.reusableComponent.HighlightElement.run is PASSED

2023-07-04 00:41:43 - [MESSAGE][PASSED] - com.reusableComponent.HighlightElement.run is PASSED

2023-07-04 00:41:43 - [TEST_STEP][PASSED] - com.reusableComponent.HighlightElement.run(findTestObject("Transaction/Finance Details/th_Currency")): com.reusableComponent.HighlightElement.run is PASSED

2023-07-04 00:41:44 - [MESSAGE][PASSED] - com.reusableComponent.HighlightElement.run is PASSED

2023-07-04 00:41:44 - [TEST_STEP][PASSED] - com.reusableComponent.HighlightElement.run(findTestObject("Transaction/Finance Details/th_Amount")): com.reusableComponent.HighlightElement.run is PASSED

2023-07-04 00:41:44 - [MESSAGE][PASSED] - com.reusableComponent.HighlightElement.run is PASSED

2023-07-04 00:41:44 - [TEST_STEP][PASSED] - com.reusableComponent.HighlightElement.run(findTestObject("Transaction/Finance Details/th_Before")): com.reusableComponent.HighlightElement.run is PASSED

2023-07-04 00:41:44 - [MESSAGE][PASSED] - com.reusableComponent.HighlightElement.run is PASSED

2023-07-04 00:41:44 - [TEST_STEP][PASSED] - com.reusableComponent.HighlightElement.run(findTestObject("Transaction/Finance Details/th_After")): com.reusableComponent.HighlightElement.run is PASSED

2023-07-04 00:41:45 - [MESSAGE][PASSED] - com.reusableComponent.HighlightElement.run is PASSED

2023-07-04 00:41:45 - [TEST_STEP][PASSED] - com.reusableComponent.HighlightElement.run(findTestObject("Transaction/Finance Details/th_Remark")): com.reusableComponent.HighlightElement.run is PASSED

2023-07-04 00:41:45 - [MESSAGE][PASSED] - com.reusableComponent.HighlightElement.run is PASSED

2023-07-04 00:41:45 - [TEST_STEP][PASSED] - com.reusableComponent.HighlightElement.run(findTestObject("Transaction/Finance Details/th_CoinCash")): com.reusableComponent.HighlightElement.run is PASSED

2023-07-04 00:41:46 - [MESSAGE][PASSED] - com.reusableComponent.HighlightElement.run is PASSED

2023-07-04 00:41:46 - [TEST_STEP][PASSED] - com.reusableComponent.HighlightElement.run(findTestObject("Transaction/Finance Details/th_Method")): com.reusableComponent.HighlightElement.run is PASSED

2023-07-04 00:41:46 - [MESSAGE][PASSED] - com.reusableComponent.HighlightElement.run is PASSED

2023-07-04 00:41:46 - [TEST_STEP][PASSED] - com.reusableComponent.HighlightElement.run(findTestObject("Transaction/Finance Details/th_IP Address")): com.reusableComponent.HighlightElement.run is PASSED

2023-07-04 00:41:47 - [MESSAGE][PASSED] - com.reusableComponent.HighlightElement.run is PASSED

2023-07-04 00:41:47 - [TEST_STEP][PASSED] - com.reusableComponent.HighlightElement.run(findTestObject("Transaction/Finance Details/th_Time")): com.reusableComponent.HighlightElement.run is PASSED

2023-07-04 00:41:47 - [MESSAGE][PASSED] - com.reusableComponent.HighlightElement.run is PASSED

2023-07-04 00:41:47 - [TEST_STEP][PASSED] - com.reusableComponent.HighlightElement.run(findTestObject("Transaction/Finance Details/table_TypeUsername")): com.reusableComponent.HighlightElement.run is PASSED

2023-07-04 00:41:48 - [MESSAGE][PASSED] - com.reusableComponent.HighlightElement.run is PASSED

2023-07-04 00:41:48 - [TEST_STEP][PASSED] - verifyElementVisible(findTestObject("Transaction/Finance Details/th_Type")): Object 'Object Repository/Transaction/Finance Details/th_Type' is visible

2023-07-04 00:41:48 - [MESSAGE][PASSED] - Object 'Object Repository/Transaction/Finance Details/th_Type' is visible

2023-07-04 00:41:48 - [TEST_STEP][PASSED] - verifyElementVisible(findTestObject("Transaction/Finance Details/th_Username")): Object 'Object Repository/Transaction/Finance Details/th_Username' is visible

2023-07-04 00:41:48 - [MESSAGE][PASSED] - Object 'Object Repository/Transaction/Finance Details/th_Username' is visible

2023-07-04 00:41:48 - [TEST_STEP][PASSED] - verifyElementVisible(findTestObject("Transaction/Finance Details/th_Currency")): Object 'Object Repository/Transaction/Finance Details/th_Currency' is visible

2023-07-04 00:41:49 - [MESSAGE][PASSED] - Object 'Object Repository/Transaction/Finance Details/th_Currency' is visible

2023-07-04 00:41:49 - [TEST_STEP][PASSED] - verifyElementVisible(findTestObject("Transaction/Finance Details/th_Amount")): Object 'Object Repository/Transaction/Finance Details/th_Amount' is visible

2023-07-04 00:41:49 - [MESSAGE][PASSED] - Object 'Object Repository/Transaction/Finance Details/th_Amount' is visible

2023-07-04 00:41:49 - [TEST_STEP][PASSED] - verifyElementVisible(findTestObject("Transaction/Finance Details/th_Before")): Object 'Object Repository/Transaction/Finance Details/th_Before' is visible

2023-07-04 00:41:50 - [MESSAGE][PASSED] - Object 'Object Repository/Transaction/Finance Details/th_Before' is visible

2023-07-04 00:41:50 - [TEST_STEP][PASSED] - verifyElementVisible(findTestObject("Transaction/Finance Details/th_After")): Object 'Object Repository/Transaction/Finance Details/th_After' is visible

2023-07-04 00:41:50 - [MESSAGE][PASSED] - Object 'Object Repository/Transaction/Finance Details/th_After' is visible

2023-07-04 00:41:50 - [TEST_STEP][PASSED] - verifyElementVisible(findTestObject("Transaction/Finance Details/th_Remark")): Object 'Object Repository/Transaction/Finance Details/th_Remark' is visible

2023-07-04 00:41:50 - [MESSAGE][PASSED] - Object 'Object Repository/Transaction/Finance Details/th_Remark' is visible

2023-07-04 00:41:50 - [TEST_STEP][PASSED] - verifyElementVisible(findTestObject("Transaction/Finance Details/th_CoinCash")): Object 'Object Repository/Transaction/Finance Details/th_CoinCash' is visible

2023-07-04 00:41:51 - [MESSAGE][PASSED] - Object 'Object Repository/Transaction/Finance Details/th_CoinCash' is visible

2023-07-04 00:41:51 - [TEST_STEP][PASSED] - verifyElementVisible(findTestObject("Transaction/Finance Details/th_Method")): Object 'Object Repository/Transaction/Finance Details/th_Method' is visible

2023-07-04 00:41:51 - [MESSAGE][PASSED] - Object 'Object Repository/Transaction/Finance Details/th_Method' is visible

2023-07-04 00:41:51 - [TEST_STEP][PASSED] - verifyElementVisible(findTestObject("Transaction/Finance Details/th_IP Address")): Object 'Object Repository/Transaction/Finance Details/th_IP Address' is visible

2023-07-04 00:41:52 - [MESSAGE][PASSED] - Object 'Object Repository/Transaction/Finance Details/th_IP Address' is visible

2023-07-04 00:41:52 - [TEST_STEP][PASSED] - verifyElementVisible(findTestObject("Transaction/Finance Details/th_Time")): Object 'Object Repository/Transaction/Finance Details/th_Time' is visible

2023-07-04 00:41:52 - [MESSAGE][PASSED] - Object 'Object Repository/Transaction/Finance Details/th_Time' is visible

[...]

2023-07-04 00:41:52 - [TEST_STEP][PASSED] - com.reusableComponent.HighlightElement.run(findTestObject("Transaction/Finance Details/li_Previous")): com.reusableComponent.HighlightElement.run is PASSED

2023-07-04 00:41:53 - [MESSAGE][PASSED] - com.reusableComponent.HighlightElement.run is PASSED

2023-07-04 00:41:53 - [TEST_STEP][PASSED] - com.reusableComponent.HighlightElement.run(findTestObject("Transaction/Finance Details/li_Next")): com.reusableComponent.HighlightElement.run is PASSED

2023-07-04 00:41:53 - [MESSAGE][PASSED] - com.reusableComponent.HighlightElement.run is PASSED

2023-07-04 00:41:53 - [TEST_STEP][PASSED] - verifyElementVisible(findTestObject("Transaction/Finance Details/li_Previous")): Object 'Object Repository/Transaction/Finance Details/li_Previous' is visible

2023-07-04 00:41:54 - [MESSAGE][PASSED] - Object 'Object Repository/Transaction/Finance Details/li_Previous' is visible

2023-07-04 00:41:54 - [TEST_STEP][PASSED] - verifyElementVisible(findTestObject("Transaction/Finance Details/li_Next")): Object 'Object Repository/Transaction/Finance Details/li_Next' is visible

2023-07-04 00:41:54 - [MESSAGE][PASSED] - Object 'Object Repository/Transaction/Finance Details/li_Next' is visible]]></system-out>
         <system-err><![CDATA[]]></system-err>
      </testcase>
      <testcase name="Test Cases/Transaction/Finance Details RMB" time="28.426" classname="Test Cases/Transaction/Finance Details RMB" status="PASSED">
         <system-out><![CDATA[2023-07-04 00:41:54 - [TEST_CASE][PASSED] - Test Cases/Transaction/Finance Details RMB: Test Cases/Transaction/Finance Details RMB

2023-07-04 00:41:55 - [TEST_STEP][PASSED] - com.reusableComponent.HighlightElement.run(findTestObject("Transaction/Page_Dashboard/span_Transaction")): com.reusableComponent.HighlightElement.run is PASSED

2023-07-04 00:41:55 - [MESSAGE][PASSED] - com.reusableComponent.HighlightElement.run is PASSED

2023-07-04 00:41:55 - [TEST_STEP][PASSED] - mouseOver(findTestObject("Transaction/Page_Dashboard/span_Transaction")): Object: 'Object Repository/Transaction/Page_Dashboard/span_Transaction' is hovered

2023-07-04 00:41:56 - [MESSAGE][PASSED] - Object: 'Object Repository/Transaction/Page_Dashboard/span_Transaction' is hovered

2023-07-04 00:41:56 - [TEST_STEP][PASSED] - com.reusableComponent.HighlightElement.run(findTestObject("Transaction/Page_Dashboard/span_Finance Details")): com.reusableComponent.HighlightElement.run is PASSED

2023-07-04 00:41:56 - [MESSAGE][PASSED] - com.reusableComponent.HighlightElement.run is PASSED

2023-07-04 00:41:56 - [TEST_STEP][PASSED] - mouseOver(findTestObject("Transaction/Page_Dashboard/span_Finance Details")): Object: 'Object Repository/Transaction/Page_Dashboard/span_Finance Details' is hovered

2023-07-04 00:41:57 - [MESSAGE][PASSED] - Object: 'Object Repository/Transaction/Page_Dashboard/span_Finance Details' is hovered

2023-07-04 00:41:57 - [TEST_STEP][PASSED] - com.reusableComponent.HighlightElement.run(findTestObject("Transaction/Finance Details/span_RMB")): com.reusableComponent.HighlightElement.run is PASSED

2023-07-04 00:41:57 - [MESSAGE][PASSED] - com.reusableComponent.HighlightElement.run is PASSED

2023-07-04 00:41:57 - [TEST_STEP][PASSED] - mouseOver(findTestObject("Transaction/Finance Details/span_RMB")): Object: 'Object Repository/Transaction/Finance Details/span_RMB' is hovered

2023-07-04 00:41:58 - [MESSAGE][PASSED] - Object: 'Object Repository/Transaction/Finance Details/span_RMB' is hovered

2023-07-04 00:41:58 - [TEST_STEP][PASSED] - click(findTestObject("Transaction/Finance Details/span_RMB")): Object: 'Object Repository/Transaction/Finance Details/span_RMB' is clicked on

2023-07-04 00:42:00 - [MESSAGE][PASSED] - Object: 'Object Repository/Transaction/Finance Details/span_RMB' is clicked on

2023-07-04 00:42:00 - [TEST_STEP][PASSED] - com.reusableComponent.HighlightElement.run(findTestObject("Transaction/Finance Details/h3_Finance Details")): com.reusableComponent.HighlightElement.run is PASSED

2023-07-04 00:42:01 - [MESSAGE][PASSED] - com.reusableComponent.HighlightElement.run is PASSED

2023-07-04 00:42:01 - [TEST_STEP][PASSED] - com.reusableComponent.HighlightElement.run(findTestObject("Transaction/Finance Details/select_All")): com.reusableComponent.HighlightElement.run is PASSED

2023-07-04 00:42:01 - [MESSAGE][PASSED] - com.reusableComponent.HighlightElement.run is PASSED

2023-07-04 00:42:01 - [TEST_STEP][PASSED] - com.reusableComponent.HighlightElement.run(findTestObject("Transaction/Finance Details/select_All_adjustment")): com.reusableComponent.HighlightElement.run is PASSED

2023-07-04 00:42:02 - [MESSAGE][PASSED] - com.reusableComponent.HighlightElement.run is PASSED

2023-07-04 00:42:02 - [TEST_STEP][PASSED] - com.reusableComponent.HighlightElement.run(findTestObject("Transaction/Finance Details/input_Date Range_form-control date_range")): com.reusableComponent.HighlightElement.run is PASSED

2023-07-04 00:42:02 - [MESSAGE][PASSED] - com.reusableComponent.HighlightElement.run is PASSED

2023-07-04 00:42:02 - [TEST_STEP][PASSED] - com.reusableComponent.HighlightElement.run(findTestObject("Transaction/Finance Details/button_Search")): com.reusableComponent.HighlightElement.run is PASSED

2023-07-04 00:42:03 - [MESSAGE][PASSED] - com.reusableComponent.HighlightElement.run is PASSED

2023-07-04 00:42:03 - [TEST_STEP][PASSED] - verifyElementVisible(findTestObject("Transaction/Finance Details/h3_Finance Details")): Object 'Object Repository/Transaction/Finance Details/h3_Finance Details' is visible

2023-07-04 00:42:03 - [MESSAGE][PASSED] - Object 'Object Repository/Transaction/Finance Details/h3_Finance Details' is visible

2023-07-04 00:42:03 - [TEST_STEP][PASSED] - verifyElementVisible(findTestObject("Transaction/Finance Details/select_All")): Object 'Object Repository/Transaction/Finance Details/select_All' is visible

2023-07-04 00:42:04 - [MESSAGE][PASSED] - Object 'Object Repository/Transaction/Finance Details/select_All' is visible

2023-07-04 00:42:04 - [TEST_STEP][PASSED] - verifyElementVisible(findTestObject("Transaction/Finance Details/select_All_adjustment")): Object 'Object Repository/Transaction/Finance Details/select_All_adjustment' is visible

2023-07-04 00:42:04 - [MESSAGE][PASSED] - Object 'Object Repository/Transaction/Finance Details/select_All_adjustment' is visible

2023-07-04 00:42:04 - [TEST_STEP][PASSED] - verifyElementVisible(findTestObject("Transaction/Finance Details/input_Date Range_form-control date_range")): Object 'Object Repository/Transaction/Finance Details/input_Date Range_form-control date_range' is visible

2023-07-04 00:42:04 - [MESSAGE][PASSED] - Object 'Object Repository/Transaction/Finance Details/input_Date Range_form-control date_range' is visible

2023-07-04 00:42:04 - [TEST_STEP][PASSED] - verifyElementVisible(findTestObject("Transaction/Finance Details/button_Search")): Object 'Object Repository/Transaction/Finance Details/button_Search' is visible

2023-07-04 00:42:05 - [MESSAGE][PASSED] - Object 'Object Repository/Transaction/Finance Details/button_Search' is visible

2023-07-04 00:42:05 - [TEST_STEP][PASSED] - com.reusableComponent.HighlightElement.run(findTestObject("Transaction/Finance Details/select_102550100")): com.reusableComponent.HighlightElement.run is PASSED

2023-07-04 00:42:05 - [MESSAGE][PASSED] - com.reusableComponent.HighlightElement.run is PASSED

2023-07-04 00:42:05 - [TEST_STEP][PASSED] - com.reusableComponent.HighlightElement.run(findTestObject("Transaction/Finance Details/span_Copy")): com.reusableComponent.HighlightElement.run is PASSED

2023-07-04 00:42:06 - [MESSAGE][PASSED] - com.reusableComponent.HighlightElement.run is PASSED

2023-07-04 00:42:06 - [TEST_STEP][PASSED] - com.reusableComponent.HighlightElement.run(findTestObject("Transaction/Finance Details/span_CSV")): com.reusableComponent.HighlightElement.run is PASSED

2023-07-04 00:42:06 - [MESSAGE][PASSED] - com.reusableComponent.HighlightElement.run is PASSED

2023-07-04 00:42:06 - [TEST_STEP][PASSED] - com.reusableComponent.HighlightElement.run(findTestObject("Transaction/Finance Details/span_Excel")): com.reusableComponent.HighlightElement.run is PASSED

2023-07-04 00:42:07 - [MESSAGE][PASSED] - com.reusableComponent.HighlightElement.run is PASSED

2023-07-04 00:42:07 - [TEST_STEP][PASSED] - com.reusableComponent.HighlightElement.run(findTestObject("Transaction/Finance Details/span_PDF")): com.reusableComponent.HighlightElement.run is PASSED

2023-07-04 00:42:07 - [MESSAGE][PASSED] - com.reusableComponent.HighlightElement.run is PASSED

2023-07-04 00:42:07 - [TEST_STEP][PASSED] - com.reusableComponent.HighlightElement.run(findTestObject("Transaction/Finance Details/input_Search_form-control form-control-sm")): com.reusableComponent.HighlightElement.run is PASSED

2023-07-04 00:42:08 - [MESSAGE][PASSED] - com.reusableComponent.HighlightElement.run is PASSED

2023-07-04 00:42:08 - [TEST_STEP][PASSED] - verifyElementVisible(findTestObject("Transaction/Finance Details/select_102550100")): Object 'Object Repository/Transaction/Finance Details/select_102550100' is visible

2023-07-04 00:42:08 - [MESSAGE][PASSED] - Object 'Object Repository/Transaction/Finance Details/select_102550100' is visible

2023-07-04 00:42:08 - [TEST_STEP][PASSED] - verifyElementVisible(findTestObject("Transaction/Finance Details/span_Copy")): Object 'Object Repository/Transaction/Finance Details/span_Copy' is visible

2023-07-04 00:42:09 - [MESSAGE][PASSED] - Object 'Object Repository/Transaction/Finance Details/span_Copy' is visible

2023-07-04 00:42:09 - [TEST_STEP][PASSED] - verifyElementVisible(findTestObject("Transaction/Finance Details/span_CSV")): Object 'Object Repository/Transaction/Finance Details/span_CSV' is visible

2023-07-04 00:42:09 - [MESSAGE][PASSED] - Object 'Object Repository/Transaction/Finance Details/span_CSV' is visible

2023-07-04 00:42:09 - [TEST_STEP][PASSED] - verifyElementVisible(findTestObject("Transaction/Finance Details/span_Excel")): Object 'Object Repository/Transaction/Finance Details/span_Excel' is visible

2023-07-04 00:42:10 - [MESSAGE][PASSED] - Object 'Object Repository/Transaction/Finance Details/span_Excel' is visible

2023-07-04 00:42:10 - [TEST_STEP][PASSED] - verifyElementVisible(findTestObject("Transaction/Finance Details/span_PDF")): Object 'Object Repository/Transaction/Finance Details/span_PDF' is visible

2023-07-04 00:42:10 - [MESSAGE][PASSED] - Object 'Object Repository/Transaction/Finance Details/span_PDF' is visible

2023-07-04 00:42:10 - [TEST_STEP][PASSED] - verifyElementVisible(findTestObject("Transaction/Finance Details/input_Search_form-control form-control-sm")): Object 'Object Repository/Transaction/Finance Details/input_Search_form-control form-control-sm' is visible

2023-07-04 00:42:10 - [MESSAGE][PASSED] - Object 'Object Repository/Transaction/Finance Details/input_Search_form-control form-control-sm' is visible

2023-07-04 00:42:10 - [TEST_STEP][PASSED] - com.reusableComponent.HighlightElement.run(findTestObject("Transaction/Finance Details/th_Type")): com.reusableComponent.HighlightElement.run is PASSED

2023-07-04 00:42:11 - [MESSAGE][PASSED] - com.reusableComponent.HighlightElement.run is PASSED

2023-07-04 00:42:11 - [TEST_STEP][PASSED] - com.reusableComponent.HighlightElement.run(findTestObject("Transaction/Finance Details/th_Username")): com.reusableComponent.HighlightElement.run is PASSED

2023-07-04 00:42:11 - [MESSAGE][PASSED] - com.reusableComponent.HighlightElement.run is PASSED

2023-07-04 00:42:11 - [TEST_STEP][PASSED] - com.reusableComponent.HighlightElement.run(findTestObject("Transaction/Finance Details/th_Currency")): com.reusableComponent.HighlightElement.run is PASSED

2023-07-04 00:42:12 - [MESSAGE][PASSED] - com.reusableComponent.HighlightElement.run is PASSED

2023-07-04 00:42:12 - [TEST_STEP][PASSED] - com.reusableComponent.HighlightElement.run(findTestObject("Transaction/Finance Details/th_Amount")): com.reusableComponent.HighlightElement.run is PASSED

2023-07-04 00:42:12 - [MESSAGE][PASSED] - com.reusableComponent.HighlightElement.run is PASSED

2023-07-04 00:42:12 - [TEST_STEP][PASSED] - com.reusableComponent.HighlightElement.run(findTestObject("Transaction/Finance Details/th_Before")): com.reusableComponent.HighlightElement.run is PASSED

2023-07-04 00:42:13 - [MESSAGE][PASSED] - com.reusableComponent.HighlightElement.run is PASSED

2023-07-04 00:42:13 - [TEST_STEP][PASSED] - com.reusableComponent.HighlightElement.run(findTestObject("Transaction/Finance Details/th_After")): com.reusableComponent.HighlightElement.run is PASSED

2023-07-04 00:42:13 - [MESSAGE][PASSED] - com.reusableComponent.HighlightElement.run is PASSED

2023-07-04 00:42:13 - [TEST_STEP][PASSED] - com.reusableComponent.HighlightElement.run(findTestObject("Transaction/Finance Details/th_Remark")): com.reusableComponent.HighlightElement.run is PASSED

2023-07-04 00:42:13 - [MESSAGE][PASSED] - com.reusableComponent.HighlightElement.run is PASSED

2023-07-04 00:42:13 - [TEST_STEP][PASSED] - com.reusableComponent.HighlightElement.run(findTestObject("Transaction/Finance Details/th_CoinCash")): com.reusableComponent.HighlightElement.run is PASSED

2023-07-04 00:42:14 - [MESSAGE][PASSED] - com.reusableComponent.HighlightElement.run is PASSED

2023-07-04 00:42:14 - [TEST_STEP][PASSED] - com.reusableComponent.HighlightElement.run(findTestObject("Transaction/Finance Details/th_Method")): com.reusableComponent.HighlightElement.run is PASSED

2023-07-04 00:42:14 - [MESSAGE][PASSED] - com.reusableComponent.HighlightElement.run is PASSED

2023-07-04 00:42:14 - [TEST_STEP][PASSED] - com.reusableComponent.HighlightElement.run(findTestObject("Transaction/Finance Details/th_IP Address")): com.reusableComponent.HighlightElement.run is PASSED

2023-07-04 00:42:15 - [MESSAGE][PASSED] - com.reusableComponent.HighlightElement.run is PASSED

2023-07-04 00:42:15 - [TEST_STEP][PASSED] - com.reusableComponent.HighlightElement.run(findTestObject("Transaction/Finance Details/th_Time")): com.reusableComponent.HighlightElement.run is PASSED

2023-07-04 00:42:15 - [MESSAGE][PASSED] - com.reusableComponent.HighlightElement.run is PASSED

2023-07-04 00:42:15 - [TEST_STEP][PASSED] - com.reusableComponent.HighlightElement.run(findTestObject("Transaction/Finance Details/table_TypeUsername")): com.reusableComponent.HighlightElement.run is PASSED

2023-07-04 00:42:16 - [MESSAGE][PASSED] - com.reusableComponent.HighlightElement.run is PASSED

2023-07-04 00:42:16 - [TEST_STEP][PASSED] - verifyElementVisible(findTestObject("Transaction/Finance Details/th_Type")): Object 'Object Repository/Transaction/Finance Details/th_Type' is visible

2023-07-04 00:42:16 - [MESSAGE][PASSED] - Object 'Object Repository/Transaction/Finance Details/th_Type' is visible

2023-07-04 00:42:16 - [TEST_STEP][PASSED] - verifyElementVisible(findTestObject("Transaction/Finance Details/th_Username")): Object 'Object Repository/Transaction/Finance Details/th_Username' is visible

2023-07-04 00:42:17 - [MESSAGE][PASSED] - Object 'Object Repository/Transaction/Finance Details/th_Username' is visible

2023-07-04 00:42:17 - [TEST_STEP][PASSED] - verifyElementVisible(findTestObject("Transaction/Finance Details/th_Currency")): Object 'Object Repository/Transaction/Finance Details/th_Currency' is visible

2023-07-04 00:42:17 - [MESSAGE][PASSED] - Object 'Object Repository/Transaction/Finance Details/th_Currency' is visible

2023-07-04 00:42:17 - [TEST_STEP][PASSED] - verifyElementVisible(findTestObject("Transaction/Finance Details/th_Amount")): Object 'Object Repository/Transaction/Finance Details/th_Amount' is visible

2023-07-04 00:42:17 - [MESSAGE][PASSED] - Object 'Object Repository/Transaction/Finance Details/th_Amount' is visible

2023-07-04 00:42:17 - [TEST_STEP][PASSED] - verifyElementVisible(findTestObject("Transaction/Finance Details/th_Before")): Object 'Object Repository/Transaction/Finance Details/th_Before' is visible

2023-07-04 00:42:18 - [MESSAGE][PASSED] - Object 'Object Repository/Transaction/Finance Details/th_Before' is visible

2023-07-04 00:42:18 - [TEST_STEP][PASSED] - verifyElementVisible(findTestObject("Transaction/Finance Details/th_After")): Object 'Object Repository/Transaction/Finance Details/th_After' is visible

2023-07-04 00:42:18 - [MESSAGE][PASSED] - Object 'Object Repository/Transaction/Finance Details/th_After' is visible

2023-07-04 00:42:18 - [TEST_STEP][PASSED] - verifyElementVisible(findTestObject("Transaction/Finance Details/th_Remark")): Object 'Object Repository/Transaction/Finance Details/th_Remark' is visible

2023-07-04 00:42:19 - [MESSAGE][PASSED] - Object 'Object Repository/Transaction/Finance Details/th_Remark' is visible

2023-07-04 00:42:19 - [TEST_STEP][PASSED] - verifyElementVisible(findTestObject("Transaction/Finance Details/th_CoinCash")): Object 'Object Repository/Transaction/Finance Details/th_CoinCash' is visible

2023-07-04 00:42:19 - [MESSAGE][PASSED] - Object 'Object Repository/Transaction/Finance Details/th_CoinCash' is visible

2023-07-04 00:42:19 - [TEST_STEP][PASSED] - verifyElementVisible(findTestObject("Transaction/Finance Details/th_Method")): Object 'Object Repository/Transaction/Finance Details/th_Method' is visible

2023-07-04 00:42:19 - [MESSAGE][PASSED] - Object 'Object Repository/Transaction/Finance Details/th_Method' is visible

2023-07-04 00:42:19 - [TEST_STEP][PASSED] - verifyElementVisible(findTestObject("Transaction/Finance Details/th_IP Address")): Object 'Object Repository/Transaction/Finance Details/th_IP Address' is visible

2023-07-04 00:42:20 - [MESSAGE][PASSED] - Object 'Object Repository/Transaction/Finance Details/th_IP Address' is visible

2023-07-04 00:42:20 - [TEST_STEP][PASSED] - verifyElementVisible(findTestObject("Transaction/Finance Details/th_Time")): Object 'Object Repository/Transaction/Finance Details/th_Time' is visible

2023-07-04 00:42:20 - [MESSAGE][PASSED] - Object 'Object Repository/Transaction/Finance Details/th_Time' is visible

2023-07-04 00:42:20 - [TEST_STEP][PASSED] - verifyElementVisible(findTestObject("Transaction/Finance Details/table_TypeUsername")): Object 'Object Repository/Transaction/Finance Details/table_TypeUsername' is visible

2023-07-04 00:42:21 - [MESSAGE][PASSED] - Object 'Object Repository/Transaction/Finance Details/table_TypeUsername' is visible

2023-07-04 00:42:21 - [TEST_STEP][PASSED] - com.reusableComponent.HighlightElement.run(findTestObject("Transaction/Finance Details/li_Previous")): com.reusableComponent.HighlightElement.run is PASSED

2023-07-04 00:42:21 - [MESSAGE][PASSED] - com.reusableComponent.HighlightElement.run is PASSED

2023-07-04 00:42:21 - [TEST_STEP][PASSED] - com.reusableComponent.HighlightElement.run(findTestObject("Transaction/Finance Details/li_Next")): com.reusableComponent.HighlightElement.run is PASSED

2023-07-04 00:42:22 - [MESSAGE][PASSED] - com.reusableComponent.HighlightElement.run is PASSED

2023-07-04 00:42:22 - [TEST_STEP][PASSED] - verifyElementVisible(findTestObject("Transaction/Finance Details/li_Previous")): Object 'Object Repository/Transaction/Finance Details/li_Previous' is visible

2023-07-04 00:42:22 - [MESSAGE][PASSED] - Object 'Object Repository/Transaction/Finance Details/li_Previous' is visible

2023-07-04 00:42:22 - [TEST_STEP][PASSED] - verifyElementVisible(findTestObject("Transaction/Finance Details/li_Next")): Object 'Object Repository/Transaction/Finance Details/li_Next' is visible

2023-07-04 00:42:23 - [MESSAGE][PASSED] - Object 'Object Repository/Transaction/Finance Details/li_Next' is visible]]></system-out>
         <system-err><![CDATA[]]></system-err>
      </testcase>
      <system-out><![CDATA[2023-07-04 00:39:35 - [TEST_SUITE][PASSED] - Smoke: Test Cases/Transaction/Finance Details RMB]]></system-out>
      <system-err><![CDATA[]]></system-err>
   </testsuite>
</testsuites>
